Using pre-set license
Built from '2021.3/staging' branch; Version is '2021.3.7f1 (24e8595d6d43) revision 2418777'; Using compiler version '192829333'; Build Type 'Release'
OS: 'Windows 11  (10.0.22000) 64bit Core' Language: 'en' Physical Memory: 16086 MB
BatchMode: 1, IsHumanControllingUs: 0, StartBugReporterOnCrash: 0, Is64bit: 1, IsPro: 1

COMMAND LINE ARGUMENTS:
C:\Program Files\Unity 2021.3.7f1\Editor\Unity.exe
-adb2
-batchMode
-noUpm
-name
AssetImportWorker1
-projectPath
C:/Users/kylak/OneDrive/Desktop/VR/Mariokart/marioKart-Testing/Tutorial-Kart Controller
-logFile
Logs/AssetImportWorker1.log
-srvPort
60068
Successfully changed project path to: C:/Users/kylak/OneDrive/Desktop/VR/Mariokart/marioKart-Testing/Tutorial-Kart Controller
C:/Users/kylak/OneDrive/Desktop/VR/Mariokart/marioKart-Testing/Tutorial-Kart Controller
[UnityMemory] Configuration Parameters - Can be set up in boot.config
    "memorysetup-bucket-allocator-granularity=16"
    "memorysetup-bucket-allocator-bucket-count=8"
    "memorysetup-bucket-allocator-block-size=33554432"
    "memorysetup-bucket-allocator-block-count=8"
    "memorysetup-main-allocator-block-size=16777216"
    "memorysetup-thread-allocator-block-size=16777216"
    "memorysetup-gfx-main-allocator-block-size=16777216"
    "memorysetup-gfx-thread-allocator-block-size=16777216"
    "memorysetup-cache-allocator-block-size=4194304"
    "memorysetup-typetree-allocator-block-size=2097152"
    "memorysetup-profiler-bucket-allocator-granularity=16"
    "memorysetup-profiler-bucket-allocator-bucket-count=8"
    "memorysetup-profiler-bucket-allocator-block-size=33554432"
    "memorysetup-profiler-bucket-allocator-block-count=8"
    "memorysetup-profiler-allocator-block-size=16777216"
    "memorysetup-profiler-editor-allocator-block-size=1048576"
    "memorysetup-temp-allocator-size-main=16777216"
    "memorysetup-job-temp-allocator-block-size=2097152"
    "memorysetup-job-temp-allocator-block-size-background=1048576"
    "memorysetup-job-temp-allocator-reduction-small-platforms=262144"
    "memorysetup-temp-allocator-size-background-worker=32768"
    "memorysetup-temp-allocator-size-job-worker=262144"
    "memorysetup-temp-allocator-size-preload-manager=33554432"
    "memorysetup-temp-allocator-size-nav-mesh-worker=65536"
    "memorysetup-temp-allocator-size-audio-worker=65536"
    "memorysetup-temp-allocator-size-cloud-worker=32768"
    "memorysetup-temp-allocator-size-gi-baking-worker=262144"
    "memorysetup-temp-allocator-size-gfx=262144"
Refreshing native plugins compatible for Editor in 132.51 ms, found 5 plugins.
Preloading 0 native plugins for Editor in 0.00 ms.
Initialize engine version: 2021.3.7f1 (24e8595d6d43)
[Subsystems] Discovering subsystems at path C:/Program Files/Unity 2021.3.7f1/Editor/Data/Resources/UnitySubsystems
[Subsystems] Discovering subsystems at path C:/Users/kylak/OneDrive/Desktop/VR/Mariokart/marioKart-Testing/Tutorial-Kart Controller/Assets
GfxDevice: creating device client; threaded=0; jobified=0
Direct3D:
    Version:  Direct3D 11.0 [level 11.1]
    Renderer: NVIDIA GeForce GTX 1650 Ti with Max-Q Design (ID=0x1f95)
    Vendor:   NVIDIA
    VRAM:     3962 MB
    Driver:   30.0.15.1278
Initialize mono
Mono path[0] = 'C:/Program Files/Unity 2021.3.7f1/Editor/Data/Managed'
Mono path[1] = 'C:/Program Files/Unity 2021.3.7f1/Editor/Data/MonoBleedingEdge/lib/mono/unityjit-win32'
Mono config path = 'C:/Program Files/Unity 2021.3.7f1/Editor/Data/MonoBleedingEdge/etc'
Using monoOptions --debugger-agent=transport=dt_socket,embedding=1,server=y,suspend=n,address=127.0.0.1:56540
Begin MonoManager ReloadAssembly
Registering precompiled unity dll's ...
Register platform support module: C:/Program Files/Unity 2021.3.7f1/Editor/Data/PlaybackEngines/WindowsStandaloneSupport/UnityEditor.WindowsStandalone.Extensions.dll
Registered in 0.004956 seconds.
Native extension for WindowsStandalone target not found
Refreshing native plugins compatible for Editor in 118.17 ms, found 5 plugins.
Preloading 0 native plugins for Editor in 0.00 ms.
Mono: successfully reloaded assembly
- Completed reload, in  1.493 seconds
Domain Reload Profiling:
	ReloadAssembly (1494ms)
		BeginReloadAssembly (212ms)
			ExecutionOrderSort (0ms)
			DisableScriptedObjects (0ms)
			BackupInstance (0ms)
			ReleaseScriptingObjects (0ms)
			CreateAndSetChildDomain (1ms)
		EndReloadAssembly (1069ms)
			LoadAssemblies (208ms)
			RebuildTransferFunctionScriptingTraits (0ms)
			SetupTypeCache (222ms)
			ReleaseScriptCaches (0ms)
			RebuildScriptCaches (51ms)
			SetupLoadedEditorAssemblies (647ms)
				LogAssemblyErrors (0ms)
				InitializePlatformSupportModulesInManaged (12ms)
				SetLoadedEditorAssemblies (0ms)
				RefreshPlugins (118ms)
				BeforeProcessingInitializeOnLoad (3ms)
				ProcessInitializeOnLoadAttributes (416ms)
				ProcessInitializeOnLoadMethodAttributes (97ms)
				AfterProcessingInitializeOnLoad (0ms)
				EditorAssembliesLoaded (0ms)
			ExecutionOrderSort2 (0ms)
			AwakeInstancesAfterBackupRestoration (0ms)
Platform modules already initialized, skipping
Registering precompiled user dll's ...
Registered in 0.010678 seconds.
Begin MonoManager ReloadAssembly
Native extension for WindowsStandalone target not found
Refreshing native plugins compatible for Editor in 1.98 ms, found 5 plugins.
Preloading 0 native plugins for Editor in 0.00 ms.
Package Manager log level set to [2]
Mono: successfully reloaded assembly
- Completed reload, in  2.511 seconds
Domain Reload Profiling:
	ReloadAssembly (2513ms)
		BeginReloadAssembly (289ms)
			ExecutionOrderSort (0ms)
			DisableScriptedObjects (17ms)
			BackupInstance (0ms)
			ReleaseScriptingObjects (0ms)
			CreateAndSetChildDomain (73ms)
		EndReloadAssembly (1903ms)
			LoadAssemblies (195ms)
			RebuildTransferFunctionScriptingTraits (0ms)
			SetupTypeCache (652ms)
			ReleaseScriptCaches (2ms)
			RebuildScriptCaches (137ms)
			SetupLoadedEditorAssemblies (845ms)
				LogAssemblyErrors (0ms)
				InitializePlatformSupportModulesInManaged (12ms)
				SetLoadedEditorAssemblies (1ms)
				RefreshPlugins (2ms)
				BeforeProcessingInitializeOnLoad (134ms)
				ProcessInitializeOnLoadAttributes (408ms)
				ProcessInitializeOnLoadMethodAttributes (277ms)
				AfterProcessingInitializeOnLoad (11ms)
				EditorAssembliesLoaded (0ms)
			ExecutionOrderSort2 (0ms)
			AwakeInstancesAfterBackupRestoration (10ms)
Platform modules already initialized, skipping
========================================================================
Worker process is ready to serve import requests
Launched and connected shader compiler UnityShaderCompiler.exe after 0.25 seconds
Refreshing native plugins compatible for Editor in 1.88 ms, found 5 plugins.
Preloading 0 native plugins for Editor in 0.00 ms.
Unloading 2734 Unused Serialized files (Serialized files now loaded: 0)
Unloading 63 unused Assets / (59.1 KB). Loaded Objects now: 3186.
Memory consumption went from 109.4 MB to 109.3 MB.
Total: 44.179400 ms (FindLiveObjects: 0.425000 ms CreateObjectMapping: 0.398900 ms MarkObjects: 43.178400 ms  DeleteObjects: 0.175400 ms)

AssetImportParameters requested are different than current active one (requested -> active):
  custom:video-decoder-ogg-theora: a1e56fd34408186e4bbccfd4996cb3dc -> 
  custom:container-muxer-webm: aa71ff27fc2769a1b78a27578f13a17b -> 
  custom:container-demuxer-webm: 4f35f7cbe854078d1ac9338744f61a02 -> 
  custom:video-encoder-webm-vp8: eb34c28f22e8b96e1ab97ce403110664 -> 
  custom:video-codec-MediaFoundation-h265: 746d11721c4dcdbdad8f713fa42b33f4 -> 
  custom:audio-encoder-webm-vorbis: bf7c407c2cedff20999df2af8eb42d56 -> 
  custom:framework-win-MediaFoundation: 216162199b28c13a410421893ffa2e32 -> 
  custom:container-demuxer-ogg: 62fdf1f143b41e24485cea50d1cbac27 -> 
  custom:video-decoder-webm-vp8: 9c59270c3fd7afecdb556c50c9e8de78 -> 
  custom:audio-decoder-ogg-vorbis: bf7c407c2cedff20999df2af8eb42d56 -> 
========================================================================
Received Import Request.
  Time since last request: 75882.867104 seconds.
  path: Assets/Materials/Skybox_Mat.mat
  artifactKey: Guid(0ffaa0b7117ba8c47a9d05ae701d4b4d) Importer(815301076,1909f56bfc062723c751e8b465ee728b)
Start importing Assets/Materials/Skybox_Mat.mat using Guid(0ffaa0b7117ba8c47a9d05ae701d4b4d) Importer(815301076,1909f56bfc062723c751e8b465ee728b)  -> (artifact id: 'fdaf70c562c73ac8f167e786e368d953') in 0.399041 seconds 
========================================================================
Received Import Request.
  Time since last request: 12.565078 seconds.
  path: Assets/Models/redLego.fbx
  artifactKey: Guid(a7b759c1062b6444bbae93d06a6e9784) Importer(815301076,1909f56bfc062723c751e8b465ee728b)
Start importing Assets/Models/redLego.fbx using Guid(a7b759c1062b6444bbae93d06a6e9784) Importer(815301076,1909f56bfc062723c751e8b465ee728b)  -> (artifact id: '3e3f4e8533eeed68c173e60365930cba') in 0.134926 seconds 
========================================================================
Received Import Request.
  Time since last request: 4.744514 seconds.
  path: Assets/Models/Kart/Materials/body_dummy_alb.png
  artifactKey: Guid(8f5ad4cda86d9ec42a99b43622f96601) Importer(815301076,1909f56bfc062723c751e8b465ee728b)
Start importing Assets/Models/Kart/Materials/body_dummy_alb.png using Guid(8f5ad4cda86d9ec42a99b43622f96601) Importer(815301076,1909f56bfc062723c751e8b465ee728b)  -> (artifact id: '11559506fd7526e4110da00c86046edc') in 0.155523 seconds 
========================================================================
Received Import Request.
  Time since last request: 0.000106 seconds.
  path: Assets/Models/Kart/Materials/bodyk_std_kno_alb.png
  artifactKey: Guid(1eab8870983e3084d826bbd19d106cd5) Importer(815301076,1909f56bfc062723c751e8b465ee728b)
Start importing Assets/Models/Kart/Materials/bodyk_std_kno_alb.png using Guid(1eab8870983e3084d826bbd19d106cd5) Importer(815301076,1909f56bfc062723c751e8b465ee728b)  -> (artifact id: '807cbb33ff1c0046654ad4879380ec06') in 0.051859 seconds 
========================================================================
Received Import Request.
  Time since last request: 0.000063 seconds.
  path: Assets/Models/Kart/Materials/bodyk_std_emm.1.png
  artifactKey: Guid(e5d82508a6854c4499df6c2dea026442) Importer(815301076,1909f56bfc062723c751e8b465ee728b)
Start importing Assets/Models/Kart/Materials/bodyk_std_emm.1.png using Guid(e5d82508a6854c4499df6c2dea026442) Importer(815301076,1909f56bfc062723c751e8b465ee728b)  -> (artifact id: '153c219fafb1f03417661832c572df42') in 0.054792 seconds 
========================================================================
Received Import Request.
  Time since last request: 0.000055 seconds.
  path: Assets/Models/Kart/Materials/bodyk_std_emm.0.png
  artifactKey: Guid(3842efd4d1cbf97449bc9dcd990913f8) Importer(815301076,1909f56bfc062723c751e8b465ee728b)
Start importing Assets/Models/Kart/Materials/bodyk_std_emm.0.png using Guid(3842efd4d1cbf97449bc9dcd990913f8) Importer(815301076,1909f56bfc062723c751e8b465ee728b)  -> (artifact id: '9aeca90b563709f48469e0cd2629b8db') in 0.049423 seconds 
========================================================================
Received Import Request.
  Time since last request: 0.000071 seconds.
  path: Assets/Models/Kart/Materials/bodyk_std_ligb_alb.png
  artifactKey: Guid(9aa9cbba392ac68428a8a3ebb62b98a9) Importer(815301076,1909f56bfc062723c751e8b465ee728b)
Start importing Assets/Models/Kart/Materials/bodyk_std_ligb_alb.png using Guid(9aa9cbba392ac68428a8a3ebb62b98a9) Importer(815301076,1909f56bfc062723c751e8b465ee728b)  -> (artifact id: '47a475358fd77a8b75a8b90f4358cef6') in 0.041570 seconds 
========================================================================
Received Import Request.
  Time since last request: 0.000098 seconds.
  path: Assets/Models/Kart/Materials/bodyk_std_jgm_alb.png
  artifactKey: Guid(faf323be8718e5b4286d7563bfee756c) Importer(815301076,1909f56bfc062723c751e8b465ee728b)
Start importing Assets/Models/Kart/Materials/bodyk_std_jgm_alb.png using Guid(faf323be8718e5b4286d7563bfee756c) Importer(815301076,1909f56bfc062723c751e8b465ee728b)  -> (artifact id: '65730f2964a7401eeffd8f4321feb2ef') in 0.040270 seconds 
========================================================================
Received Import Request.
  Time since last request: 0.000041 seconds.
  path: Assets/Models/Kart/Materials/bodyk_std_mii07_alb.png
  artifactKey: Guid(9fdc7204b2662004b8be4c243b560f34) Importer(815301076,1909f56bfc062723c751e8b465ee728b)
Start importing Assets/Models/Kart/Materials/bodyk_std_mii07_alb.png using Guid(9fdc7204b2662004b8be4c243b560f34) Importer(815301076,1909f56bfc062723c751e8b465ee728b)  -> (artifact id: 'b7e0ad58af5ef78276e1256a08448df1') in 0.052492 seconds 
========================================================================
Received Import Request.
  Time since last request: 0.000071 seconds.
  path: Assets/Models/Kart/Materials/bodyk_std_miim_alb.png
  artifactKey: Guid(9d5ad8b50a6a4b04eaf12c2e0a734cc6) Importer(815301076,1909f56bfc062723c751e8b465ee728b)
Start importing Assets/Models/Kart/Materials/bodyk_std_miim_alb.png using Guid(9d5ad8b50a6a4b04eaf12c2e0a734cc6) Importer(815301076,1909f56bfc062723c751e8b465ee728b)  -> (artifact id: 'fe9c491938a35b8531d9b18ecec881ab') in 0.044719 seconds 
========================================================================
Received Import Request.
  Time since last request: 0.000062 seconds.
  path: Assets/Models/Kart/Materials/bodyk_std_dkg_alb.png
  artifactKey: Guid(dc02ea993db9280498509b884e8c340a) Importer(815301076,1909f56bfc062723c751e8b465ee728b)
Start importing Assets/Models/Kart/Materials/bodyk_std_dkg_alb.png using Guid(dc02ea993db9280498509b884e8c340a) Importer(815301076,1909f56bfc062723c751e8b465ee728b)  -> (artifact id: '11e48792aa044ca20fec724c228600f7') in 0.047476 seconds 
========================================================================
Received Import Request.
  Time since last request: 0.000062 seconds.
  path: Assets/Models/Kart/Materials/bodyk_std_kop_alb.png
  artifactKey: Guid(6ea4420534842ad4e92d6b2e07b985d2) Importer(815301076,1909f56bfc062723c751e8b465ee728b)
Start importing Assets/Models/Kart/Materials/bodyk_std_kop_alb.png using Guid(6ea4420534842ad4e92d6b2e07b985d2) Importer(815301076,1909f56bfc062723c751e8b465ee728b)  -> (artifact id: '173bc59f9475a2c8627bd7d9a26e5253') in 0.053550 seconds 
========================================================================
Received Import Request.
  Time since last request: 0.000053 seconds.
  path: Assets/Models/Kart/Materials/bodyk_std_mii06_alb.png
  artifactKey: Guid(535fbd8f9d405f6459059ea06d6d4964) Importer(815301076,1909f56bfc062723c751e8b465ee728b)
Start importing Assets/Models/Kart/Materials/bodyk_std_mii06_alb.png using Guid(535fbd8f9d405f6459059ea06d6d4964) Importer(815301076,1909f56bfc062723c751e8b465ee728b)  -> (artifact id: 'b6cce45461ad263e5deee7412e993ff2') in 0.035789 seconds 
========================================================================
Received Import Request.
  Time since last request: 0.000038 seconds.
  path: Assets/Models/Kart/Materials/bodyk_std_hyh00_alb.png
  artifactKey: Guid(b3afe97146cbded40ba2b24a0a300fae) Importer(815301076,1909f56bfc062723c751e8b465ee728b)
Start importing Assets/Models/Kart/Materials/bodyk_std_hyh00_alb.png using Guid(b3afe97146cbded40ba2b24a0a300fae) Importer(815301076,1909f56bfc062723c751e8b465ee728b)  -> (artifact id: '261c3612e63f99ee009f46c352ab3ef5') in 0.045618 seconds 
========================================================================
Received Import Request.
  Time since last request: 5.433597 seconds.
  path: Assets/Models/Kart/Materials/bodyk_std_mrom_alb.png
  artifactKey: Guid(42c21f02047c63e4eb78d24f163527bd) Importer(815301076,1909f56bfc062723c751e8b465ee728b)
Start importing Assets/Models/Kart/Materials/bodyk_std_mrom_alb.png using Guid(42c21f02047c63e4eb78d24f163527bd) Importer(815301076,1909f56bfc062723c751e8b465ee728b)  -> (artifact id: '6c24ca3e95e44bab03e3c704f6ccd2aa') in 0.135819 seconds 
========================================================================
Received Import Request.
  Time since last request: 0.009040 seconds.
  path: Assets/Models/Kart/Materials/bodyk_std_pchg_alb.png
  artifactKey: Guid(279324a867b6fb64c94485554fe86cc0) Importer(815301076,1909f56bfc062723c751e8b465ee728b)
Start importing Assets/Models/Kart/Materials/bodyk_std_pchg_alb.png using Guid(279324a867b6fb64c94485554fe86cc0) Importer(815301076,1909f56bfc062723c751e8b465ee728b)  -> (artifact id: '6c3532f6109fd87beb86dfb9051950c6') in 0.129266 seconds 
========================================================================
Received Import Request.
  Time since last request: 0.079880 seconds.
  path: Assets/Models/Kart/Materials/bodyk_std_roy_alb.png
  artifactKey: Guid(9e7d2d27bb9c6554ca75d3ab3828c102) Importer(815301076,1909f56bfc062723c751e8b465ee728b)
Start importing Assets/Models/Kart/Materials/bodyk_std_roy_alb.png using Guid(9e7d2d27bb9c6554ca75d3ab3828c102) Importer(815301076,1909f56bfc062723c751e8b465ee728b)  -> (artifact id: '1678d781e6a4e3c75ad3674c6b160070') in 0.138543 seconds 
========================================================================
Received Import Request.
  Time since last request: 0.000049 seconds.
  path: Assets/Models/Kart/Materials/bodyk_std_pch_alb.png
  artifactKey: Guid(4fbfdc128e2945c4cbcf25df964014ba) Importer(815301076,1909f56bfc062723c751e8b465ee728b)
Start importing Assets/Models/Kart/Materials/bodyk_std_pch_alb.png using Guid(4fbfdc128e2945c4cbcf25df964014ba) Importer(815301076,1909f56bfc062723c751e8b465ee728b)  -> (artifact id: 'fbfe6b19c2fd2be923feb2a2fa0abd0a') in 0.141364 seconds 
========================================================================
Received Import Request.
  Time since last request: 0.009673 seconds.
  path: Assets/Models/Kart/Materials/LuigiGlider.mat
  artifactKey: Guid(0f65cd00abe74024fb48008a49cf0499) Importer(815301076,1909f56bfc062723c751e8b465ee728b)
Start importing Assets/Models/Kart/Materials/LuigiGlider.mat using Guid(0f65cd00abe74024fb48008a49cf0499) Importer(815301076,1909f56bfc062723c751e8b465ee728b)  -> (artifact id: 'ccbd10b1aecdc143ac90bd6deeeb5fe4') in 0.145252 seconds 
========================================================================
Received Import Request.
  Time since last request: 0.002977 seconds.
  path: Assets/Models/Kart/Materials/bodyk_std_wlg_alb.png
  artifactKey: Guid(944e4abf57159d045a32f19e43c7b690) Importer(815301076,1909f56bfc062723c751e8b465ee728b)
Start importing Assets/Models/Kart/Materials/bodyk_std_wlg_alb.png using Guid(944e4abf57159d045a32f19e43c7b690) Importer(815301076,1909f56bfc062723c751e8b465ee728b)  -> (artifact id: '153f0834e39ef0307ee630396aefee2c') in 0.115885 seconds 
========================================================================
Received Import Request.
  Time since last request: 0.055394 seconds.
  path: Assets/Models/Kart/Materials/bodyk_std_wro_alb.png
  artifactKey: Guid(49e1f0abbe4a39d47a8b13a995d413ef) Importer(815301076,1909f56bfc062723c751e8b465ee728b)
Start importing Assets/Models/Kart/Materials/bodyk_std_wro_alb.png using Guid(49e1f0abbe4a39d47a8b13a995d413ef) Importer(815301076,1909f56bfc062723c751e8b465ee728b)  -> (artifact id: '2c41533451e82096d2fbe6ed9a682929') in 0.062464 seconds 
========================================================================
Received Import Request.
  Time since last request: 0.060457 seconds.
  path: Assets/Models/Kart/Materials/emblem_dummy.png
  artifactKey: Guid(5618822989744eb4eb42d17845a3ebad) Importer(815301076,1909f56bfc062723c751e8b465ee728b)
Start importing Assets/Models/Kart/Materials/emblem_dummy.png using Guid(5618822989744eb4eb42d17845a3ebad) Importer(815301076,1909f56bfc062723c751e8b465ee728b)  -> (artifact id: '0fb59ab677f4ebab85ac0e771e4f2b68') in 0.104515 seconds 
Editor requested this worker to shutdown with reason: Scaling down because of idle timeout
AssetImportWorkerClient::OnTransportError - code=2 error=End of file
AssetImportWorker is now disconnected from the server
Process exiting
Exiting without the bug reporter. Application will terminate with return code 0