Using pre-set license
Built from '2021.3/staging' branch; Version is '2021.3.7f1 (24e8595d6d43) revision 2418777'; Using compiler version '192829333'; Build Type 'Release'
OS: 'Windows 10  (10.0.19044) 64bit Professional' Language: 'en' Physical Memory: 65263 MB
BatchMode: 1, IsHumanControllingUs: 0, StartBugReporterOnCrash: 0, Is64bit: 1, IsPro: 1

COMMAND LINE ARGUMENTS:
C:\Program Files\Unity 2021.3.7f1\Editor\Unity.exe
-adb2
-batchMode
-noUpm
-name
AssetImportWorker7
-projectPath
C:/Users/Holson11/Documents/GitHub/marioKart-Testing/Tutorial-Kart Controller
-logFile
Logs/AssetImportWorker7.log
-srvPort
65092
Successfully changed project path to: C:/Users/Holson11/Documents/GitHub/marioKart-Testing/Tutorial-Kart Controller
C:/Users/Holson11/Documents/GitHub/marioKart-Testing/Tutorial-Kart Controller
[UnityMemory] Configuration Parameters - Can be set up in boot.config
    "memorysetup-bucket-allocator-granularity=16"
    "memorysetup-bucket-allocator-bucket-count=8"
    "memorysetup-bucket-allocator-block-size=33554432"
    "memorysetup-bucket-allocator-block-count=8"
    "memorysetup-main-allocator-block-size=16777216"
    "memorysetup-thread-allocator-block-size=16777216"
    "memorysetup-gfx-main-allocator-block-size=16777216"
    "memorysetup-gfx-thread-allocator-block-size=16777216"
    "memorysetup-cache-allocator-block-size=4194304"
    "memorysetup-typetree-allocator-block-size=2097152"
    "memorysetup-profiler-bucket-allocator-granularity=16"
    "memorysetup-profiler-bucket-allocator-bucket-count=8"
    "memorysetup-profiler-bucket-allocator-block-size=33554432"
    "memorysetup-profiler-bucket-allocator-block-count=8"
    "memorysetup-profiler-allocator-block-size=16777216"
    "memorysetup-profiler-editor-allocator-block-size=1048576"
    "memorysetup-temp-allocator-size-main=16777216"
    "memorysetup-job-temp-allocator-block-size=2097152"
    "memorysetup-job-temp-allocator-block-size-background=1048576"
    "memorysetup-job-temp-allocator-reduction-small-platforms=262144"
    "memorysetup-temp-allocator-size-background-worker=32768"
    "memorysetup-temp-allocator-size-job-worker=262144"
    "memorysetup-temp-allocator-size-preload-manager=33554432"
    "memorysetup-temp-allocator-size-nav-mesh-worker=65536"
    "memorysetup-temp-allocator-size-audio-worker=65536"
    "memorysetup-temp-allocator-size-cloud-worker=32768"
    "memorysetup-temp-allocator-size-gi-baking-worker=262144"
    "memorysetup-temp-allocator-size-gfx=262144"
Refreshing native plugins compatible for Editor in 84.58 ms, found 5 plugins.
Preloading 0 native plugins for Editor in 0.00 ms.
Initialize engine version: 2021.3.7f1 (24e8595d6d43)
[Subsystems] Discovering subsystems at path C:/Program Files/Unity 2021.3.7f1/Editor/Data/Resources/UnitySubsystems
[Subsystems] Discovering subsystems at path C:/Users/Holson11/Documents/GitHub/marioKart-Testing/Tutorial-Kart Controller/Assets
GfxDevice: creating device client; threaded=0; jobified=0
Direct3D:
    Version:  Direct3D 11.0 [level 11.1]
    Renderer: NVIDIA GeForce RTX 2080 Ti (ID=0x1e04)
    Vendor:   NVIDIA
    VRAM:     11041 MB
    Driver:   31.0.15.2802
Initialize mono
Mono path[0] = 'C:/Program Files/Unity 2021.3.7f1/Editor/Data/Managed'
Mono path[1] = 'C:/Program Files/Unity 2021.3.7f1/Editor/Data/MonoBleedingEdge/lib/mono/unityjit-win32'
Mono config path = 'C:/Program Files/Unity 2021.3.7f1/Editor/Data/MonoBleedingEdge/etc'
Using monoOptions --debugger-agent=transport=dt_socket,embedding=1,server=y,suspend=n,address=127.0.0.1:56568
Begin MonoManager ReloadAssembly
Registering precompiled unity dll's ...
Register platform support module: C:/Program Files/Unity 2021.3.7f1/Editor/Data/PlaybackEngines/WindowsStandaloneSupport/UnityEditor.WindowsStandalone.Extensions.dll
Registered in 0.006053 seconds.
Native extension for WindowsStandalone target not found
Refreshing native plugins compatible for Editor in 58.18 ms, found 5 plugins.
Preloading 0 native plugins for Editor in 0.00 ms.
Mono: successfully reloaded assembly
- Completed reload, in  0.607 seconds
Domain Reload Profiling:
	ReloadAssembly (607ms)
		BeginReloadAssembly (89ms)
			ExecutionOrderSort (0ms)
			DisableScriptedObjects (0ms)
			BackupInstance (0ms)
			ReleaseScriptingObjects (0ms)
			CreateAndSetChildDomain (1ms)
		EndReloadAssembly (402ms)
			LoadAssemblies (84ms)
			RebuildTransferFunctionScriptingTraits (0ms)
			SetupTypeCache (97ms)
			ReleaseScriptCaches (0ms)
			RebuildScriptCaches (26ms)
			SetupLoadedEditorAssemblies (230ms)
				LogAssemblyErrors (0ms)
				InitializePlatformSupportModulesInManaged (7ms)
				SetLoadedEditorAssemblies (0ms)
				RefreshPlugins (58ms)
				BeforeProcessingInitializeOnLoad (1ms)
				ProcessInitializeOnLoadAttributes (118ms)
				ProcessInitializeOnLoadMethodAttributes (46ms)
				AfterProcessingInitializeOnLoad (0ms)
				EditorAssembliesLoaded (0ms)
			ExecutionOrderSort2 (0ms)
			AwakeInstancesAfterBackupRestoration (0ms)
Platform modules already initialized, skipping
Registering precompiled user dll's ...
Registered in 0.009152 seconds.
Begin MonoManager ReloadAssembly
Native extension for WindowsStandalone target not found
Refreshing native plugins compatible for Editor in 1.00 ms, found 5 plugins.
Preloading 0 native plugins for Editor in 0.00 ms.
Package Manager log level set to [2]
Mono: successfully reloaded assembly
- Completed reload, in  1.002 seconds
Domain Reload Profiling:
	ReloadAssembly (1003ms)
		BeginReloadAssembly (120ms)
			ExecutionOrderSort (0ms)
			DisableScriptedObjects (5ms)
			BackupInstance (0ms)
			ReleaseScriptingObjects (0ms)
			CreateAndSetChildDomain (23ms)
		EndReloadAssembly (770ms)
			LoadAssemblies (88ms)
			RebuildTransferFunctionScriptingTraits (0ms)
			SetupTypeCache (182ms)
			ReleaseScriptCaches (1ms)
			RebuildScriptCaches (45ms)
			SetupLoadedEditorAssemblies (412ms)
				LogAssemblyErrors (0ms)
				InitializePlatformSupportModulesInManaged (5ms)
				SetLoadedEditorAssemblies (0ms)
				RefreshPlugins (1ms)
				BeforeProcessingInitializeOnLoad (82ms)
				ProcessInitializeOnLoadAttributes (192ms)
				ProcessInitializeOnLoadMethodAttributes (122ms)
				AfterProcessingInitializeOnLoad (10ms)
				EditorAssembliesLoaded (0ms)
			ExecutionOrderSort2 (0ms)
			AwakeInstancesAfterBackupRestoration (14ms)
Platform modules already initialized, skipping
========================================================================
Worker process is ready to serve import requests
Launched and connected shader compiler UnityShaderCompiler.exe after 0.06 seconds
Refreshing native plugins compatible for Editor in 0.93 ms, found 5 plugins.
Preloading 0 native plugins for Editor in 0.00 ms.
Unloading 2736 Unused Serialized files (Serialized files now loaded: 0)
Unloading 63 unused Assets / (59.5 KB). Loaded Objects now: 3189.
Memory consumption went from 109.3 MB to 109.3 MB.
Total: 6.438700 ms (FindLiveObjects: 0.300000 ms CreateObjectMapping: 0.269100 ms MarkObjects: 5.775400 ms  DeleteObjects: 0.093500 ms)

AssetImportParameters requested are different than current active one (requested -> active):
  custom:video-decoder-ogg-theora: a1e56fd34408186e4bbccfd4996cb3dc -> 
  custom:container-muxer-webm: aa71ff27fc2769a1b78a27578f13a17b -> 
  custom:container-demuxer-webm: 4f35f7cbe854078d1ac9338744f61a02 -> 
  custom:video-encoder-webm-vp8: eb34c28f22e8b96e1ab97ce403110664 -> 
  custom:audio-encoder-webm-vorbis: bf7c407c2cedff20999df2af8eb42d56 -> 
  custom:framework-win-MediaFoundation: 216162199b28c13a410421893ffa2e32 -> 
  custom:container-demuxer-ogg: 62fdf1f143b41e24485cea50d1cbac27 -> 
  custom:video-decoder-webm-vp8: 9c59270c3fd7afecdb556c50c9e8de78 -> 
  custom:audio-decoder-ogg-vorbis: bf7c407c2cedff20999df2af8eb42d56 -> 
========================================================================
Received Import Request.
  Time since last request: 3001840.135359 seconds.
  path: Assets/Presets/NormalTexture.preset
  artifactKey: Guid(14a57cf3b9fa1c74b884aa7e0dcf1faa) Importer(815301076,1909f56bfc062723c751e8b465ee728b)
Start importing Assets/Presets/NormalTexture.preset using Guid(14a57cf3b9fa1c74b884aa7e0dcf1faa) Importer(815301076,1909f56bfc062723c751e8b465ee728b)  -> (artifact id: 'ccf3bd43e62d21cfb5eb0fe3e7f51d04') in 0.039786 seconds 
========================================================================
Received Import Request.
  Time since last request: 5.790848 seconds.
  path: Assets/Sprites/Items.prefab
  artifactKey: Guid(0e11109f908cfb849a68ddc14822384b) Importer(815301076,1909f56bfc062723c751e8b465ee728b)
Start importing Assets/Sprites/Items.prefab using Guid(0e11109f908cfb849a68ddc14822384b) Importer(815301076,1909f56bfc062723c751e8b465ee728b)  -> (artifact id: '36e09386b8c9204a36dd9d363bbc5bf4') in 0.042198 seconds 
========================================================================
Received Import Request.
  Time since last request: 0.000019 seconds.
  path: Assets/Sprites/road.jpg
  artifactKey: Guid(5948190cec1c0bc40a4d599114fc52e8) Importer(815301076,1909f56bfc062723c751e8b465ee728b)
Start importing Assets/Sprites/road.jpg using Guid(5948190cec1c0bc40a4d599114fc52e8) Importer(815301076,1909f56bfc062723c751e8b465ee728b)  -> (artifact id: '3526519155fabfd3ac33ad0980992926') in 0.052177 seconds 
========================================================================
Received Import Request.
  Time since last request: 3.120208 seconds.
  path: Assets/Models/Items/Starman/ItemStar.prefab
  artifactKey: Guid(7d51f74e275b8c64e83071ad5852539c) Importer(815301076,1909f56bfc062723c751e8b465ee728b)
Start importing Assets/Models/Items/Starman/ItemStar.prefab using Guid(7d51f74e275b8c64e83071ad5852539c) Importer(815301076,1909f56bfc062723c751e8b465ee728b)  -> (artifact id: '26fffaba6f156bafeecc0bb0b364c9b4') in 0.075166 seconds 
========================================================================
Received Import Request.
  Time since last request: 0.000021 seconds.
  path: Assets/Models/Items/Starman/ItemStar_Nrm.png
  artifactKey: Guid(2ef3614cee584954b965b1f498b433b4) Importer(815301076,1909f56bfc062723c751e8b465ee728b)
Start importing Assets/Models/Items/Starman/ItemStar_Nrm.png using Guid(2ef3614cee584954b965b1f498b433b4) Importer(815301076,1909f56bfc062723c751e8b465ee728b)  -> (artifact id: '6d5c4925176a4465925628a025365ba6') in 0.015770 seconds 
========================================================================
Received Import Request.
  Time since last request: 10.965760 seconds.
  path: Assets/Models/Items/Green Red Shell/GreenShell.prefab
  artifactKey: Guid(c9d73f29666075f42ac98a562738396a) Importer(815301076,1909f56bfc062723c751e8b465ee728b)
Start importing Assets/Models/Items/Green Red Shell/GreenShell.prefab using Guid(c9d73f29666075f42ac98a562738396a) Importer(815301076,1909f56bfc062723c751e8b465ee728b)  -> (artifact id: '493d3e9f38cfcad50dc16687525a9617') in 0.023477 seconds 
========================================================================
Received Import Request.
  Time since last request: 0.010280 seconds.
  path: Assets/Models/Items/Green Red Shell/ItemKoura_Nrm.png
  artifactKey: Guid(a50ac5cd31a6c0a4298d26699b0583d2) Importer(815301076,1909f56bfc062723c751e8b465ee728b)
Start importing Assets/Models/Items/Green Red Shell/ItemKoura_Nrm.png using Guid(a50ac5cd31a6c0a4298d26699b0583d2) Importer(815301076,1909f56bfc062723c751e8b465ee728b)  -> (artifact id: '652bd33943372975cf2d60f72d1d47c1') in 0.022380 seconds 
========================================================================
Received Import Request.
  Time since last request: 0.000028 seconds.
  path: Assets/Models/Items/Green Red Shell/ItemKoura_Alb.1.png
  artifactKey: Guid(2756b63fb469e0945910e2b5b2d1ecc6) Importer(815301076,1909f56bfc062723c751e8b465ee728b)
Start importing Assets/Models/Items/Green Red Shell/ItemKoura_Alb.1.png using Guid(2756b63fb469e0945910e2b5b2d1ecc6) Importer(815301076,1909f56bfc062723c751e8b465ee728b)  -> (artifact id: 'b3176162ab6692cf35825c8b29030cc3') in 0.045672 seconds 
========================================================================
Received Import Request.
  Time since last request: 2.424235 seconds.
  path: Assets/Models/Items/Mushroom/ItemKinoko_Alb.png
  artifactKey: Guid(6618b7da59487354dbae1a489dacbae1) Importer(815301076,1909f56bfc062723c751e8b465ee728b)
Start importing Assets/Models/Items/Mushroom/ItemKinoko_Alb.png using Guid(6618b7da59487354dbae1a489dacbae1) Importer(815301076,1909f56bfc062723c751e8b465ee728b)  -> (artifact id: 'b30acfea1eff6c9e52df1c2642d39fe5') in 0.009797 seconds 
========================================================================
Received Import Request.
  Time since last request: 0.000021 seconds.
  path: Assets/Models/Items/Mushroom/New Material.mat
  artifactKey: Guid(2873ac1b0c1e91143b8db7dad1446238) Importer(815301076,1909f56bfc062723c751e8b465ee728b)
Start importing Assets/Models/Items/Mushroom/New Material.mat using Guid(2873ac1b0c1e91143b8db7dad1446238) Importer(815301076,1909f56bfc062723c751e8b465ee728b)  -> (artifact id: '9151193ee65032dfd9042c494a93f86c') in 0.028726 seconds 
========================================================================
Received Import Request.
  Time since last request: 22.176372 seconds.
  path: Assets/ExampleAssets/Materials/Paint1G_WAnim_Material.mat
  artifactKey: Guid(55c183dc45153be48a45c4e530127fb3) Importer(815301076,1909f56bfc062723c751e8b465ee728b)
Start importing Assets/ExampleAssets/Materials/Paint1G_WAnim_Material.mat using Guid(55c183dc45153be48a45c4e530127fb3) Importer(815301076,1909f56bfc062723c751e8b465ee728b)  -> (artifact id: '0a29a87452e456bacd73032928e80ff8') in 0.013333 seconds 
========================================================================
Received Import Request.
  Time since last request: 0.015393 seconds.
  path: Assets/ExampleAssets/Materials/Plastic_Rough_Mat.mat
  artifactKey: Guid(a5aaee4111611af43b5abbff184fe5fa) Importer(815301076,1909f56bfc062723c751e8b465ee728b)
Start importing Assets/ExampleAssets/Materials/Plastic_Rough_Mat.mat using Guid(a5aaee4111611af43b5abbff184fe5fa) Importer(815301076,1909f56bfc062723c751e8b465ee728b)  -> (artifact id: '86c060958d933546aa8b8ad0950cbe6a') in 0.011209 seconds 
========================================================================
Received Import Request.
  Time since last request: 0.000021 seconds.
  path: Assets/ExampleAssets/Materials/Plastic_Black_Mat.mat
  artifactKey: Guid(e745492728544aa488aa0429b6068e71) Importer(815301076,1909f56bfc062723c751e8b465ee728b)
Start importing Assets/ExampleAssets/Materials/Plastic_Black_Mat.mat using Guid(e745492728544aa488aa0429b6068e71) Importer(815301076,1909f56bfc062723c751e8b465ee728b)  -> (artifact id: '687ad51ca8044b10031d52e8e527ae83') in 0.010889 seconds 
========================================================================
Received Import Request.
  Time since last request: 0.000023 seconds.
  path: Assets/ExampleAssets/Materials/PaintBrush_Mat.mat
  artifactKey: Guid(539165557a9d3744680bb21164bea45e) Importer(815301076,1909f56bfc062723c751e8b465ee728b)
Start importing Assets/ExampleAssets/Materials/PaintBrush_Mat.mat using Guid(539165557a9d3744680bb21164bea45e) Importer(815301076,1909f56bfc062723c751e8b465ee728b)  -> (artifact id: 'a626a6a8e5a73c2f1dbc2bfd39fa9847') in 0.011000 seconds 
========================================================================
Received Import Request.
  Time since last request: 5.166135 seconds.
  path: Assets/Materials/power.png
  artifactKey: Guid(1a43c1879337e5b4f86925d5587b460a) Importer(815301076,1909f56bfc062723c751e8b465ee728b)
Start importing Assets/Materials/power.png using Guid(1a43c1879337e5b4f86925d5587b460a) Importer(815301076,1909f56bfc062723c751e8b465ee728b)  -> (artifact id: '22a203ca5d1d6915de660f2d36280ba5') in 0.015417 seconds 
========================================================================
Received Import Request.
  Time since last request: 38.704172 seconds.
  path: Assets/Sprites/Emblems/Baby Rosalina.png
  artifactKey: Guid(9f3ed02bbc3fbd249ba12791ea2ef312) Importer(815301076,1909f56bfc062723c751e8b465ee728b)
Start importing Assets/Sprites/Emblems/Baby Rosalina.png using Guid(9f3ed02bbc3fbd249ba12791ea2ef312) Importer(815301076,1909f56bfc062723c751e8b465ee728b)  -> (artifact id: '9e6b95b529596bccb829edac2b081348') in 0.010487 seconds 
========================================================================
Received Import Request.
  Time since last request: 0.016231 seconds.
  path: Assets/Sprites/Emblems/Iggy.png
  artifactKey: Guid(3e2a953b4a97fbb44bb95e91b584ac41) Importer(815301076,1909f56bfc062723c751e8b465ee728b)
Start importing Assets/Sprites/Emblems/Iggy.png using Guid(3e2a953b4a97fbb44bb95e91b584ac41) Importer(815301076,1909f56bfc062723c751e8b465ee728b)  -> (artifact id: '31678677671cdaacf05f234c4f0b1ad4') in 0.011367 seconds 
========================================================================
Received Import Request.
  Time since last request: 0.000021 seconds.
  path: Assets/Sprites/Emblems/Koopa.png
  artifactKey: Guid(d1d53d853a7000443aa8f69df1d3d686) Importer(815301076,1909f56bfc062723c751e8b465ee728b)
Start importing Assets/Sprites/Emblems/Koopa.png using Guid(d1d53d853a7000443aa8f69df1d3d686) Importer(815301076,1909f56bfc062723c751e8b465ee728b)  -> (artifact id: '022e075d9097fe30fb5a76f7418ea05a') in 0.009967 seconds 
========================================================================
Received Import Request.
  Time since last request: 0.000021 seconds.
  path: Assets/Sprites/Emblems/Kamek (unused).png
  artifactKey: Guid(8461ae717d33e38489f3734805bc196d) Importer(815301076,1909f56bfc062723c751e8b465ee728b)
Start importing Assets/Sprites/Emblems/Kamek (unused).png using Guid(8461ae717d33e38489f3734805bc196d) Importer(815301076,1909f56bfc062723c751e8b465ee728b)  -> (artifact id: '161cc9bc5f237ab98e0ef54c6ca1cd58') in 0.009855 seconds 
========================================================================
Received Import Request.
  Time since last request: 0.000020 seconds.
  path: Assets/Sprites/Emblems/Rosalina.png
  artifactKey: Guid(26866b4cb2be56548bdf457ee4c48e74) Importer(815301076,1909f56bfc062723c751e8b465ee728b)
Start importing Assets/Sprites/Emblems/Rosalina.png using Guid(26866b4cb2be56548bdf457ee4c48e74) Importer(815301076,1909f56bfc062723c751e8b465ee728b)  -> (artifact id: '9a533fa5efefdad42d73a5be23f07d08') in 0.010138 seconds 
========================================================================
Received Import Request.
  Time since last request: 0.000021 seconds.
  path: Assets/Sprites/Emblems/Waluigi.png
  artifactKey: Guid(b068889d8985c344b8a1b90a2957ca1d) Importer(815301076,1909f56bfc062723c751e8b465ee728b)
Start importing Assets/Sprites/Emblems/Waluigi.png using Guid(b068889d8985c344b8a1b90a2957ca1d) Importer(815301076,1909f56bfc062723c751e8b465ee728b)  -> (artifact id: '8f9a6a691944598d9b8479b90b11bc11') in 0.010053 seconds 
========================================================================
Received Import Request.
  Time since last request: 0.000021 seconds.
  path: Assets/Sprites/Emblems/Mii.png
  artifactKey: Guid(07525e12664776a4ab5ace9cf30ab7ab) Importer(815301076,1909f56bfc062723c751e8b465ee728b)
Start importing Assets/Sprites/Emblems/Mii.png using Guid(07525e12664776a4ab5ace9cf30ab7ab) Importer(815301076,1909f56bfc062723c751e8b465ee728b)  -> (artifact id: '21fab17fb7f32a76c81d56301ffdce51') in 0.009941 seconds 
========================================================================
Received Import Request.
  Time since last request: 0.000027 seconds.
  path: Assets/Sprites/Emblems/Cat Peach.png
  artifactKey: Guid(31320ca34cd12e7458285ecd42aea3e0) Importer(815301076,1909f56bfc062723c751e8b465ee728b)
Start importing Assets/Sprites/Emblems/Cat Peach.png using Guid(31320ca34cd12e7458285ecd42aea3e0) Importer(815301076,1909f56bfc062723c751e8b465ee728b)  -> (artifact id: '54af7f0b56c89103e4aec787d74a7ef7') in 0.010719 seconds 
========================================================================
Received Import Request.
  Time since last request: 0.000032 seconds.
  path: Assets/Sprites/Emblems/Yoshi (White).png
  artifactKey: Guid(81097e15145be7e47a7feb9c14aeeebd) Importer(815301076,1909f56bfc062723c751e8b465ee728b)
Start importing Assets/Sprites/Emblems/Yoshi (White).png using Guid(81097e15145be7e47a7feb9c14aeeebd) Importer(815301076,1909f56bfc062723c751e8b465ee728b)  -> (artifact id: 'a0ab293993e7963a065eafc175aa2dc1') in 0.009572 seconds 
========================================================================
Received Import Request.
  Time since last request: 20.204154 seconds.
  path: Assets/Sprites/ItemPNG/Coin.png
  artifactKey: Guid(057178e93db1f444fb9541ffe6657770) Importer(815301076,1909f56bfc062723c751e8b465ee728b)
Start importing Assets/Sprites/ItemPNG/Coin.png using Guid(057178e93db1f444fb9541ffe6657770) Importer(815301076,1909f56bfc062723c751e8b465ee728b)  -> (artifact id: 'f050c3ad027d37b13bf7fb3a0d23f03d') in 0.039872 seconds 
========================================================================
Received Import Request.
  Time since last request: 0.000021 seconds.
  path: Assets/Sprites/ItemPNG/image_part_015.png
  artifactKey: Guid(7432db3c1c39ebd45a27de8ef43ac9ff) Importer(815301076,1909f56bfc062723c751e8b465ee728b)
Start importing Assets/Sprites/ItemPNG/image_part_015.png using Guid(7432db3c1c39ebd45a27de8ef43ac9ff) Importer(815301076,1909f56bfc062723c751e8b465ee728b)  -> (artifact id: 'dacd6394ad9a92704afb9d4054ceec9a') in 0.035893 seconds 
========================================================================
Received Import Request.
  Time since last request: 0.000021 seconds.
  path: Assets/Sprites/ItemPNG/image_part_008.png
  artifactKey: Guid(9ab9204106617454483be0da19348e01) Importer(815301076,1909f56bfc062723c751e8b465ee728b)
Start importing Assets/Sprites/ItemPNG/image_part_008.png using Guid(9ab9204106617454483be0da19348e01) Importer(815301076,1909f56bfc062723c751e8b465ee728b)  -> (artifact id: '68bdf8c21b4ddab6014a3a48fdaf3d3b') in 0.016215 seconds 
========================================================================
Received Import Request.
  Time since last request: 0.000021 seconds.
  path: Assets/Sprites/ItemPNG/MushroomKing.png
  artifactKey: Guid(89e4657ccddd0d54ab389ef0a39c79c3) Importer(815301076,1909f56bfc062723c751e8b465ee728b)
Start importing Assets/Sprites/ItemPNG/MushroomKing.png using Guid(89e4657ccddd0d54ab389ef0a39c79c3) Importer(815301076,1909f56bfc062723c751e8b465ee728b)  -> (artifact id: '58e211935e056ac027419e652ffe8651') in 0.015532 seconds 
========================================================================
Received Import Request.
  Time since last request: 0.000024 seconds.
  path: Assets/Sprites/ItemPNG/image_part_026.png
  artifactKey: Guid(e8cb8814922b9b14ca3fad6d6e5b10a0) Importer(815301076,1909f56bfc062723c751e8b465ee728b)
Start importing Assets/Sprites/ItemPNG/image_part_026.png using Guid(e8cb8814922b9b14ca3fad6d6e5b10a0) Importer(815301076,1909f56bfc062723c751e8b465ee728b)  -> (artifact id: '78b20ee921faa3c8a991bffb6c85cd61') in 0.015301 seconds 
========================================================================
Received Import Request.
  Time since last request: 0.000034 seconds.
  path: Assets/Sprites/ItemPNG/image_part_018.png
  artifactKey: Guid(a6f659f5f877f994c8ba3093b2c557d5) Importer(815301076,1909f56bfc062723c751e8b465ee728b)
Start importing Assets/Sprites/ItemPNG/image_part_018.png using Guid(a6f659f5f877f994c8ba3093b2c557d5) Importer(815301076,1909f56bfc062723c751e8b465ee728b)  -> (artifact id: '5a2cf8cc4117b6749efab5a166b2d3ac') in 0.016448 seconds 
========================================================================
Received Import Request.
  Time since last request: 43.882727 seconds.
  path: Assets/SteamVR/Models/vr_glove_right_model_slim.fbx
  artifactKey: Guid(641e9d2f5c6b4cb438161abef3be8300) Importer(815301076,1909f56bfc062723c751e8b465ee728b)
Start importing Assets/SteamVR/Models/vr_glove_right_model_slim.fbx using Guid(641e9d2f5c6b4cb438161abef3be8300) Importer(815301076,1909f56bfc062723c751e8b465ee728b)  -> (artifact id: '91bebfdd49c9c8b675907f056b8b8b9a') in 0.079212 seconds 
========================================================================
Received Import Request.
  Time since last request: 45.710399 seconds.
  path: Assets/Models/kenney_racingkit2/Side/billboard.png
  artifactKey: Guid(d915d98ad5166a644aa4fa713d0c0254) Importer(815301076,1909f56bfc062723c751e8b465ee728b)
Start importing Assets/Models/kenney_racingkit2/Side/billboard.png using Guid(d915d98ad5166a644aa4fa713d0c0254) Importer(815301076,1909f56bfc062723c751e8b465ee728b)  -> (artifact id: '896d28cb8c6292eb0492e786d5ddd752') in 0.011636 seconds 
========================================================================
Received Import Request.
  Time since last request: 0.000021 seconds.
  path: Assets/Models/kenney_racingkit2/Side/roadCornerLarge.png
  artifactKey: Guid(3ef22e81f26eeec49ad662d0b7d4fbdf) Importer(815301076,1909f56bfc062723c751e8b465ee728b)
Start importing Assets/Models/kenney_racingkit2/Side/roadCornerLarge.png using Guid(3ef22e81f26eeec49ad662d0b7d4fbdf) Importer(815301076,1909f56bfc062723c751e8b465ee728b)  -> (artifact id: '1cf8d773626c82de73b4875b22c71427') in 0.009954 seconds 
========================================================================
Received Import Request.
  Time since last request: 0.000020 seconds.
  path: Assets/Models/kenney_racingkit2/Side/roadSplitLarge.png
  artifactKey: Guid(2957f08f53b5923428a90da049d8703f) Importer(815301076,1909f56bfc062723c751e8b465ee728b)
Start importing Assets/Models/kenney_racingkit2/Side/roadSplitLarge.png using Guid(2957f08f53b5923428a90da049d8703f) Importer(815301076,1909f56bfc062723c751e8b465ee728b)  -> (artifact id: '06b4405c058b2c59c8c50a9a317362f4') in 0.009805 seconds 
========================================================================
Received Import Request.
  Time since last request: 0.000019 seconds.
  path: Assets/Models/kenney_racingkit2/Side/roadBump.png
  artifactKey: Guid(e14af2ffe701ee14fac78f3e9935f991) Importer(815301076,1909f56bfc062723c751e8b465ee728b)
Start importing Assets/Models/kenney_racingkit2/Side/roadBump.png using Guid(e14af2ffe701ee14fac78f3e9935f991) Importer(815301076,1909f56bfc062723c751e8b465ee728b)  -> (artifact id: '5daaaad94c24c536dd414ba1ee0fbc06') in 0.009828 seconds 
========================================================================
Received Import Request.
  Time since last request: 0.000021 seconds.
  path: Assets/Models/kenney_racingkit2/Side/roadCornerLargeBorderInner.png
  artifactKey: Guid(c26321476349e39478e558b71347642f) Importer(815301076,1909f56bfc062723c751e8b465ee728b)
Start importing Assets/Models/kenney_racingkit2/Side/roadCornerLargeBorderInner.png using Guid(c26321476349e39478e558b71347642f) Importer(815301076,1909f56bfc062723c751e8b465ee728b)  -> (artifact id: 'f0743b8c1c3c06a68e0c6283c7bae298') in 0.010569 seconds 
========================================================================
Received Import Request.
  Time since last request: 0.000019 seconds.
  path: Assets/Models/kenney_racingkit2/Side/roadRampLongWall.png
  artifactKey: Guid(edaacff8aec0d56468670d86f5a0c43d) Importer(815301076,1909f56bfc062723c751e8b465ee728b)
Start importing Assets/Models/kenney_racingkit2/Side/roadRampLongWall.png using Guid(edaacff8aec0d56468670d86f5a0c43d) Importer(815301076,1909f56bfc062723c751e8b465ee728b)  -> (artifact id: 'c348e92e59ee91bc747c5645e36f10ed') in 0.009577 seconds 
========================================================================
Received Import Request.
  Time since last request: 0.000020 seconds.
  path: Assets/Models/kenney_racingkit2/Side/radarEquipment.png
  artifactKey: Guid(ecaaa35ed4d73a349bcd54145d9fc7ea) Importer(815301076,1909f56bfc062723c751e8b465ee728b)
Start importing Assets/Models/kenney_racingkit2/Side/radarEquipment.png using Guid(ecaaa35ed4d73a349bcd54145d9fc7ea) Importer(815301076,1909f56bfc062723c751e8b465ee728b)  -> (artifact id: '456599c11893946cdebb386004f64102') in 0.010597 seconds 
========================================================================
Received Import Request.
  Time since last request: 0.000021 seconds.
  path: Assets/Models/kenney_racingkit2/Side/overheadRoundColored.png
  artifactKey: Guid(e7083e78abd401945bbf13694d74016a) Importer(815301076,1909f56bfc062723c751e8b465ee728b)
Start importing Assets/Models/kenney_racingkit2/Side/overheadRoundColored.png using Guid(e7083e78abd401945bbf13694d74016a) Importer(815301076,1909f56bfc062723c751e8b465ee728b)  -> (artifact id: 'b1b4f38e45cf78899f3190578cb8b996') in 0.009462 seconds 
========================================================================
Received Import Request.
  Time since last request: 0.000020 seconds.
  path: Assets/Models/kenney_racingkit2/Side/roadCornerBridgeLarger.png
  artifactKey: Guid(6ce570591167ac94f820fd279fe07c0e) Importer(815301076,1909f56bfc062723c751e8b465ee728b)
Start importing Assets/Models/kenney_racingkit2/Side/roadCornerBridgeLarger.png using Guid(6ce570591167ac94f820fd279fe07c0e) Importer(815301076,1909f56bfc062723c751e8b465ee728b)  -> (artifact id: '2f99af9acbda4bf61809faf04dd5501d') in 0.009851 seconds 
========================================================================
Received Import Request.
  Time since last request: 0.000019 seconds.
  path: Assets/Models/kenney_racingkit2/Side/roadCornerLargeSand.png
  artifactKey: Guid(59125e25207bbcc4eafd42051ff5cc27) Importer(815301076,1909f56bfc062723c751e8b465ee728b)
Start importing Assets/Models/kenney_racingkit2/Side/roadCornerLargeSand.png using Guid(59125e25207bbcc4eafd42051ff5cc27) Importer(815301076,1909f56bfc062723c751e8b465ee728b)  -> (artifact id: '502334050fe1b4e74705c6e7e4178c27') in 0.011332 seconds 
========================================================================
Received Import Request.
  Time since last request: 0.000034 seconds.
  path: Assets/Models/kenney_racingkit2/Side/roadStraightLongBumpRound.png
  artifactKey: Guid(19d46c0496b2afd4aba6d4b2e283686d) Importer(815301076,1909f56bfc062723c751e8b465ee728b)
Start importing Assets/Models/kenney_racingkit2/Side/roadStraightLongBumpRound.png using Guid(19d46c0496b2afd4aba6d4b2e283686d) Importer(815301076,1909f56bfc062723c751e8b465ee728b)  -> (artifact id: 'd40a2002aa46d527e4f59a93bf9d7962') in 0.009543 seconds 
========================================================================
Received Import Request.
  Time since last request: 0.000031 seconds.
  path: Assets/Models/kenney_racingkit2/Side/billboardDouble_exclusive.png
  artifactKey: Guid(fc9b932c2fd60d744bcfa55291dbdeb2) Importer(815301076,1909f56bfc062723c751e8b465ee728b)
Start importing Assets/Models/kenney_racingkit2/Side/billboardDouble_exclusive.png using Guid(fc9b932c2fd60d744bcfa55291dbdeb2) Importer(815301076,1909f56bfc062723c751e8b465ee728b)  -> (artifact id: '9fe4f9d393d43c33b3613be008bd7b10') in 0.010442 seconds 
========================================================================
Received Import Request.
  Time since last request: 0.000019 seconds.
  path: Assets/Models/kenney_racingkit2/Side/roadCurved.png
  artifactKey: Guid(1129cc734047ac24eaecdda0cd8e8944) Importer(815301076,1909f56bfc062723c751e8b465ee728b)
Start importing Assets/Models/kenney_racingkit2/Side/roadCurved.png using Guid(1129cc734047ac24eaecdda0cd8e8944) Importer(815301076,1909f56bfc062723c751e8b465ee728b)  -> (artifact id: 'a9da346145d8115b657e9ffefbd15728') in 0.010712 seconds 
========================================================================
Received Import Request.
  Time since last request: 0.000020 seconds.
  path: Assets/Models/kenney_racingkit2/Side/pylon.png
  artifactKey: Guid(10f4c21831b38f840b671d47c2bc63dd) Importer(815301076,1909f56bfc062723c751e8b465ee728b)
Start importing Assets/Models/kenney_racingkit2/Side/pylon.png using Guid(10f4c21831b38f840b671d47c2bc63dd) Importer(815301076,1909f56bfc062723c751e8b465ee728b)  -> (artifact id: 'd94bbc4042609c2aed5823a705675142') in 0.009784 seconds 
========================================================================
Received Import Request.
  Time since last request: 0.000021 seconds.
  path: Assets/Models/kenney_racingkit2/Side/roadCornerSmallWall.png
  artifactKey: Guid(f6ba5668b89c380468c10e4814a5d1ba) Importer(815301076,1909f56bfc062723c751e8b465ee728b)
Start importing Assets/Models/kenney_racingkit2/Side/roadCornerSmallWall.png using Guid(f6ba5668b89c380468c10e4814a5d1ba) Importer(815301076,1909f56bfc062723c751e8b465ee728b)  -> (artifact id: '0e93c60dcbc409653f9c3053ae7b7986') in 0.014740 seconds 
========================================================================
Received Import Request.
  Time since last request: 0.000020 seconds.
  path: Assets/Models/kenney_racingkit2/Side/roadStraightArrow.png
  artifactKey: Guid(83505731592254849b80fe381a41cd15) Importer(815301076,1909f56bfc062723c751e8b465ee728b)
Start importing Assets/Models/kenney_racingkit2/Side/roadStraightArrow.png using Guid(83505731592254849b80fe381a41cd15) Importer(815301076,1909f56bfc062723c751e8b465ee728b)  -> (artifact id: '78f76357b0157b7a48265800bafd1817') in 0.009097 seconds 
========================================================================
Received Import Request.
  Time since last request: 0.000021 seconds.
  path: Assets/Models/kenney_racingkit2/Side/roadCrossing.png
  artifactKey: Guid(edaa4ab646600bc4181d0647ea4939ef) Importer(815301076,1909f56bfc062723c751e8b465ee728b)
Start importing Assets/Models/kenney_racingkit2/Side/roadCrossing.png using Guid(edaa4ab646600bc4181d0647ea4939ef) Importer(815301076,1909f56bfc062723c751e8b465ee728b)  -> (artifact id: '3df5f81f82ff5bdd0557d18d1328dbd7') in 0.009071 seconds 
========================================================================
Received Import Request.
  Time since last request: 0.000020 seconds.
  path: Assets/Models/kenney_racingkit2/Side/raceCarGreen.png
  artifactKey: Guid(f055c6f9e013bc045abd4b8ad5250631) Importer(815301076,1909f56bfc062723c751e8b465ee728b)
Start importing Assets/Models/kenney_racingkit2/Side/raceCarGreen.png using Guid(f055c6f9e013bc045abd4b8ad5250631) Importer(815301076,1909f56bfc062723c751e8b465ee728b)  -> (artifact id: '2a4839324088bab9cfcab96d3495cc9e') in 0.009790 seconds 
Editor requested this worker to shutdown with reason: Scaling down because of idle timeout
AssetImportWorker is now disconnected from the server
Process exiting
Exiting without the bug reporter. Application will terminate with return code 0