Using pre-set license
Built from '2021.3/staging' branch; Version is '2021.3.7f1 (24e8595d6d43) revision 2418777'; Using compiler version '192829333'; Build Type 'Release'
OS: 'Windows 10  (10.0.19044) 64bit Professional' Language: 'en' Physical Memory: 65263 MB
BatchMode: 1, IsHumanControllingUs: 0, StartBugReporterOnCrash: 0, Is64bit: 1, IsPro: 1

COMMAND LINE ARGUMENTS:
C:\Program Files\Unity\Hub\Editor\2021.3.7f1\Editor\Unity.exe
-adb2
-batchMode
-noUpm
-name
AssetImportWorker0
-projectPath
C:/Users/kkubik2/Documents/GitHub/marioKart-Testing/Tutorial-Kart Controller
-logFile
Logs/AssetImportWorker0.log
-srvPort
51003
Successfully changed project path to: C:/Users/kkubik2/Documents/GitHub/marioKart-Testing/Tutorial-Kart Controller
C:/Users/kkubik2/Documents/GitHub/marioKart-Testing/Tutorial-Kart Controller
[UnityMemory] Configuration Parameters - Can be set up in boot.config
    "memorysetup-bucket-allocator-granularity=16"
    "memorysetup-bucket-allocator-bucket-count=8"
    "memorysetup-bucket-allocator-block-size=33554432"
    "memorysetup-bucket-allocator-block-count=8"
    "memorysetup-main-allocator-block-size=16777216"
    "memorysetup-thread-allocator-block-size=16777216"
    "memorysetup-gfx-main-allocator-block-size=16777216"
    "memorysetup-gfx-thread-allocator-block-size=16777216"
    "memorysetup-cache-allocator-block-size=4194304"
    "memorysetup-typetree-allocator-block-size=2097152"
    "memorysetup-profiler-bucket-allocator-granularity=16"
    "memorysetup-profiler-bucket-allocator-bucket-count=8"
    "memorysetup-profiler-bucket-allocator-block-size=33554432"
    "memorysetup-profiler-bucket-allocator-block-count=8"
    "memorysetup-profiler-allocator-block-size=16777216"
    "memorysetup-profiler-editor-allocator-block-size=1048576"
    "memorysetup-temp-allocator-size-main=16777216"
    "memorysetup-job-temp-allocator-block-size=2097152"
    "memorysetup-job-temp-allocator-block-size-background=1048576"
    "memorysetup-job-temp-allocator-reduction-small-platforms=262144"
    "memorysetup-temp-allocator-size-background-worker=32768"
    "memorysetup-temp-allocator-size-job-worker=262144"
    "memorysetup-temp-allocator-size-preload-manager=33554432"
    "memorysetup-temp-allocator-size-nav-mesh-worker=65536"
    "memorysetup-temp-allocator-size-audio-worker=65536"
    "memorysetup-temp-allocator-size-cloud-worker=32768"
    "memorysetup-temp-allocator-size-gi-baking-worker=262144"
    "memorysetup-temp-allocator-size-gfx=262144"
Refreshing native plugins compatible for Editor in 84.89 ms, found 5 plugins.
Preloading 0 native plugins for Editor in 0.00 ms.
Initialize engine version: 2021.3.7f1 (24e8595d6d43)
[Subsystems] Discovering subsystems at path C:/Program Files/Unity/Hub/Editor/2021.3.7f1/Editor/Data/Resources/UnitySubsystems
[Subsystems] Discovering subsystems at path C:/Users/kkubik2/Documents/GitHub/marioKart-Testing/Tutorial-Kart Controller/Assets
GfxDevice: creating device client; threaded=0; jobified=0
Direct3D:
    Version:  Direct3D 11.0 [level 11.1]
    Renderer: NVIDIA GeForce RTX 2080 Ti (ID=0x1e04)
    Vendor:   NVIDIA
    VRAM:     11041 MB
    Driver:   31.0.15.2802
Initialize mono
Mono path[0] = 'C:/Program Files/Unity/Hub/Editor/2021.3.7f1/Editor/Data/Managed'
Mono path[1] = 'C:/Program Files/Unity/Hub/Editor/2021.3.7f1/Editor/Data/MonoBleedingEdge/lib/mono/unityjit-win32'
Mono config path = 'C:/Program Files/Unity/Hub/Editor/2021.3.7f1/Editor/Data/MonoBleedingEdge/etc'
Using monoOptions --debugger-agent=transport=dt_socket,embedding=1,server=y,suspend=n,address=127.0.0.1:56292
Begin MonoManager ReloadAssembly
Registering precompiled unity dll's ...
Register platform support module: C:/Program Files/Unity/Hub/Editor/2021.3.7f1/Editor/Data/PlaybackEngines/WindowsStandaloneSupport/UnityEditor.WindowsStandalone.Extensions.dll
Registered in 0.008671 seconds.
Native extension for WindowsStandalone target not found
Refreshing native plugins compatible for Editor in 65.53 ms, found 5 plugins.
Preloading 0 native plugins for Editor in 0.00 ms.
Mono: successfully reloaded assembly
- Completed reload, in  0.633 seconds
Domain Reload Profiling:
	ReloadAssembly (633ms)
		BeginReloadAssembly (82ms)
			ExecutionOrderSort (0ms)
			DisableScriptedObjects (0ms)
			BackupInstance (0ms)
			ReleaseScriptingObjects (0ms)
			CreateAndSetChildDomain (1ms)
		EndReloadAssembly (433ms)
			LoadAssemblies (77ms)
			RebuildTransferFunctionScriptingTraits (0ms)
			SetupTypeCache (101ms)
			ReleaseScriptCaches (0ms)
			RebuildScriptCaches (24ms)
			SetupLoadedEditorAssemblies (255ms)
				LogAssemblyErrors (0ms)
				InitializePlatformSupportModulesInManaged (8ms)
				SetLoadedEditorAssemblies (0ms)
				RefreshPlugins (66ms)
				BeforeProcessingInitializeOnLoad (1ms)
				ProcessInitializeOnLoadAttributes (128ms)
				ProcessInitializeOnLoadMethodAttributes (53ms)
				AfterProcessingInitializeOnLoad (0ms)
				EditorAssembliesLoaded (0ms)
			ExecutionOrderSort2 (0ms)
			AwakeInstancesAfterBackupRestoration (0ms)
Platform modules already initialized, skipping
Registering precompiled user dll's ...
Registered in 0.008894 seconds.
Begin MonoManager ReloadAssembly
Native extension for WindowsStandalone target not found
Refreshing native plugins compatible for Editor in 1.57 ms, found 5 plugins.
Preloading 0 native plugins for Editor in 0.00 ms.
Package Manager log level set to [2]
Mono: successfully reloaded assembly
- Completed reload, in  1.109 seconds
Domain Reload Profiling:
	ReloadAssembly (1110ms)
		BeginReloadAssembly (115ms)
			ExecutionOrderSort (0ms)
			DisableScriptedObjects (5ms)
			BackupInstance (0ms)
			ReleaseScriptingObjects (0ms)
			CreateAndSetChildDomain (23ms)
		EndReloadAssembly (879ms)
			LoadAssemblies (88ms)
			RebuildTransferFunctionScriptingTraits (0ms)
			SetupTypeCache (224ms)
			ReleaseScriptCaches (1ms)
			RebuildScriptCaches (47ms)
			SetupLoadedEditorAssemblies (459ms)
				LogAssemblyErrors (0ms)
				InitializePlatformSupportModulesInManaged (8ms)
				SetLoadedEditorAssemblies (1ms)
				RefreshPlugins (2ms)
				BeforeProcessingInitializeOnLoad (105ms)
				ProcessInitializeOnLoadAttributes (201ms)
				ProcessInitializeOnLoadMethodAttributes (130ms)
				AfterProcessingInitializeOnLoad (12ms)
				EditorAssembliesLoaded (0ms)
			ExecutionOrderSort2 (0ms)
			AwakeInstancesAfterBackupRestoration (15ms)
Platform modules already initialized, skipping
========================================================================
Worker process is ready to serve import requests
Launched and connected shader compiler UnityShaderCompiler.exe after 0.05 seconds
Refreshing native plugins compatible for Editor in 1.57 ms, found 5 plugins.
Preloading 0 native plugins for Editor in 0.00 ms.
Unloading 2749 Unused Serialized files (Serialized files now loaded: 0)
Unloading 63 unused Assets / (59.6 KB). Loaded Objects now: 3202.
Memory consumption went from 111.6 MB to 111.6 MB.
Total: 7.599400 ms (FindLiveObjects: 0.346800 ms CreateObjectMapping: 0.151800 ms MarkObjects: 6.975600 ms  DeleteObjects: 0.124400 ms)

AssetImportParameters requested are different than current active one (requested -> active):
  custom:video-decoder-ogg-theora: a1e56fd34408186e4bbccfd4996cb3dc -> 
  custom:container-muxer-webm: aa71ff27fc2769a1b78a27578f13a17b -> 
  custom:container-demuxer-webm: 4f35f7cbe854078d1ac9338744f61a02 -> 
  custom:video-encoder-webm-vp8: eb34c28f22e8b96e1ab97ce403110664 -> 
  custom:audio-encoder-webm-vorbis: bf7c407c2cedff20999df2af8eb42d56 -> 
  custom:framework-win-MediaFoundation: 216162199b28c13a410421893ffa2e32 -> 
  custom:container-demuxer-ogg: 62fdf1f143b41e24485cea50d1cbac27 -> 
  custom:video-decoder-webm-vp8: 9c59270c3fd7afecdb556c50c9e8de78 -> 
  custom:audio-decoder-ogg-vorbis: bf7c407c2cedff20999df2af8eb42d56 -> 
========================================================================
Received Import Request.
  Time since last request: 86881.094859 seconds.
  path: Assets/Sounds
  artifactKey: Guid(3a991d825d13e924b89beba0c5ca164b) Importer(815301076,1909f56bfc062723c751e8b465ee728b)
Start importing Assets/Sounds using Guid(3a991d825d13e924b89beba0c5ca164b) Importer(815301076,1909f56bfc062723c751e8b465ee728b)  -> (artifact id: '9759c14964f83032d1444204d9a2ae71') in 0.008051 seconds 
========================================================================
Received Import Request.
  Time since last request: 126.685044 seconds.
  path: Assets/Sounds/1-37 GCN Mario Circuit.mp3
  artifactKey: Guid(74f573a2d368e134f9039001fef44d2f) Importer(815301076,1909f56bfc062723c751e8b465ee728b)
Start importing Assets/Sounds/1-37 GCN Mario Circuit.mp3 using Guid(74f573a2d368e134f9039001fef44d2f) Importer(815301076,1909f56bfc062723c751e8b465ee728b)  -> (artifact id: 'a08be4a5a9ab6fdef1395101f3d687a6') in 0.109301 seconds 
========================================================================
Received Import Request.
  Time since last request: 8.336726 seconds.
  path: Assets/Sounds/mainsong.mp3
  artifactKey: Guid(74f573a2d368e134f9039001fef44d2f) Importer(815301076,1909f56bfc062723c751e8b465ee728b)
Start importing Assets/Sounds/mainsong.mp3 using Guid(74f573a2d368e134f9039001fef44d2f) Importer(815301076,1909f56bfc062723c751e8b465ee728b)  -> (artifact id: '115bb9f53885228afbf36a96b66f979e') in 0.011160 seconds 
========================================================================
Received Import Request.
  Time since last request: 77.399800 seconds.
  path: Assets/Sounds/Super Mario Bros. Coin - QuickSounds.com.mp3
  artifactKey: Guid(b15e24bab96946049b25b99622183ae7) Importer(815301076,1909f56bfc062723c751e8b465ee728b)
Start importing Assets/Sounds/Super Mario Bros. Coin - QuickSounds.com.mp3 using Guid(b15e24bab96946049b25b99622183ae7) Importer(815301076,1909f56bfc062723c751e8b465ee728b)  -> (artifact id: '18d350b69d424488cf54092a1e367ecf') in 0.010493 seconds 
========================================================================
Received Import Request.
  Time since last request: 6.130944 seconds.
  path: Assets/Sounds/coinsound.mp3
  artifactKey: Guid(b15e24bab96946049b25b99622183ae7) Importer(815301076,1909f56bfc062723c751e8b465ee728b)
Start importing Assets/Sounds/coinsound.mp3 using Guid(b15e24bab96946049b25b99622183ae7) Importer(815301076,1909f56bfc062723c751e8b465ee728b)  -> (artifact id: 'ef1d11535d9e97918446f11f8c01d66c') in 0.010219 seconds 
========================================================================
Received Import Request.
  Time since last request: 222.852734 seconds.
  path: Assets/Sounds/smb_bump.wav
  artifactKey: Guid(58bb9495ff3bb9843ae54cd82598250b) Importer(815301076,1909f56bfc062723c751e8b465ee728b)
Start importing Assets/Sounds/smb_bump.wav using Guid(58bb9495ff3bb9843ae54cd82598250b) Importer(815301076,1909f56bfc062723c751e8b465ee728b)  -> (artifact id: 'cb5f7ce54810e45b14bb46bf216f9985') in 0.015965 seconds 
========================================================================
Received Import Request.
  Time since last request: 5.591267 seconds.
  path: Assets/Sounds/bombsound.wav
  artifactKey: Guid(58bb9495ff3bb9843ae54cd82598250b) Importer(815301076,1909f56bfc062723c751e8b465ee728b)
Start importing Assets/Sounds/bombsound.wav using Guid(58bb9495ff3bb9843ae54cd82598250b) Importer(815301076,1909f56bfc062723c751e8b465ee728b)  -> (artifact id: 'a8ea6b3790dd4366447ff4af519db39b') in 0.009695 seconds 
========================================================================
Received Import Request.
  Time since last request: 25.051964 seconds.
  path: Assets/Sounds/smb_powerup.wav
  artifactKey: Guid(2469c581a001c9a4a8e37f92b51cc741) Importer(815301076,1909f56bfc062723c751e8b465ee728b)
Start importing Assets/Sounds/smb_powerup.wav using Guid(2469c581a001c9a4a8e37f92b51cc741) Importer(815301076,1909f56bfc062723c751e8b465ee728b)  -> (artifact id: 'a6e55ead1ec91b3e4f5417c418622508') in 0.009724 seconds 
========================================================================
Received Import Request.
  Time since last request: 8.222440 seconds.
  path: Assets/Sounds/mushroom sounds.wav
  artifactKey: Guid(2469c581a001c9a4a8e37f92b51cc741) Importer(815301076,1909f56bfc062723c751e8b465ee728b)
Start importing Assets/Sounds/mushroom sounds.wav using Guid(2469c581a001c9a4a8e37f92b51cc741) Importer(815301076,1909f56bfc062723c751e8b465ee728b)  -> (artifact id: '3530df0ad4b77d885b2f316461c09d66') in 0.009943 seconds 
========================================================================
Received Import Request.
  Time since last request: 18.911013 seconds.
  path: Assets/Sounds/smb_warning.wav
  artifactKey: Guid(ca1968a259fdb82428ebda181f159453) Importer(815301076,1909f56bfc062723c751e8b465ee728b)
Start importing Assets/Sounds/smb_warning.wav using Guid(ca1968a259fdb82428ebda181f159453) Importer(815301076,1909f56bfc062723c751e8b465ee728b)  -> (artifact id: '4b0fb94515b785e84e336c6442d84d69') in 0.009580 seconds 
========================================================================
Received Import Request.
  Time since last request: 5.385924 seconds.
  path: Assets/Sounds/last lap.wav
  artifactKey: Guid(ca1968a259fdb82428ebda181f159453) Importer(815301076,1909f56bfc062723c751e8b465ee728b)
Start importing Assets/Sounds/last lap.wav using Guid(ca1968a259fdb82428ebda181f159453) Importer(815301076,1909f56bfc062723c751e8b465ee728b)  -> (artifact id: '7b28de922139ae2f86e3b1c91e0a2aaf') in 0.009978 seconds 
========================================================================
Received Import Request.
  Time since last request: 213.939038 seconds.
  path: Assets/Sounds/applause.mp3
  artifactKey: Guid(de690ecf2b8696641b72b5aaab56b898) Importer(815301076,1909f56bfc062723c751e8b465ee728b)
Start importing Assets/Sounds/applause.mp3 using Guid(de690ecf2b8696641b72b5aaab56b898) Importer(815301076,1909f56bfc062723c751e8b465ee728b)  -> (artifact id: 'fb96112ec309cbb46ff252212238b262') in 0.011350 seconds 
========================================================================
Received Import Request.
  Time since last request: 28.504636 seconds.
  path: Assets/Scripts/KartGoScript.cs
  artifactKey: Guid(1be391a23e1d8a6459e961b73c055d25) Importer(815301076,1909f56bfc062723c751e8b465ee728b)
Start importing Assets/Scripts/KartGoScript.cs using Guid(1be391a23e1d8a6459e961b73c055d25) Importer(815301076,1909f56bfc062723c751e8b465ee728b)  -> (artifact id: '2256b03951b95c1d52333511ae94a892') in 0.007852 seconds 
========================================================================
Received Prepare
Registering precompiled user dll's ...
Registered in 0.008355 seconds.
Begin MonoManager ReloadAssembly
Native extension for WindowsStandalone target not found
Refreshing native plugins compatible for Editor in 0.99 ms, found 5 plugins.
Preloading 0 native plugins for Editor in 0.00 ms.
Mono: successfully reloaded assembly
- Completed reload, in  1.062 seconds
Domain Reload Profiling:
	ReloadAssembly (1062ms)
		BeginReloadAssembly (143ms)
			ExecutionOrderSort (0ms)
			DisableScriptedObjects (5ms)
			BackupInstance (0ms)
			ReleaseScriptingObjects (0ms)
			CreateAndSetChildDomain (42ms)
		EndReloadAssembly (809ms)
			LoadAssemblies (98ms)
			RebuildTransferFunctionScriptingTraits (0ms)
			SetupTypeCache (192ms)
			ReleaseScriptCaches (2ms)
			RebuildScriptCaches (45ms)
			SetupLoadedEditorAssemblies (425ms)
				LogAssemblyErrors (0ms)
				InitializePlatformSupportModulesInManaged (13ms)
				SetLoadedEditorAssemblies (0ms)
				RefreshPlugins (1ms)
				BeforeProcessingInitializeOnLoad (84ms)
				ProcessInitializeOnLoadAttributes (195ms)
				ProcessInitializeOnLoadMethodAttributes (120ms)
				AfterProcessingInitializeOnLoad (12ms)
				EditorAssembliesLoaded (0ms)
			ExecutionOrderSort2 (0ms)
			AwakeInstancesAfterBackupRestoration (15ms)
Platform modules already initialized, skipping
Refreshing native plugins compatible for Editor in 7.03 ms, found 5 plugins.
Preloading 0 native plugins for Editor in 0.00 ms.
Unloading 2710 Unused Serialized files (Serialized files now loaded: 0)
Unloading 51 unused Assets / (32.7 KB). Loaded Objects now: 3214.
Memory consumption went from 112.7 MB to 112.7 MB.
Total: 6.094400 ms (FindLiveObjects: 0.246100 ms CreateObjectMapping: 0.128200 ms MarkObjects: 5.693300 ms  DeleteObjects: 0.026000 ms)

AssetImportParameters requested are different than current active one (requested -> active):
  custom:video-decoder-ogg-theora: a1e56fd34408186e4bbccfd4996cb3dc -> 
  custom:container-muxer-webm: aa71ff27fc2769a1b78a27578f13a17b -> 
  custom:container-demuxer-webm: 4f35f7cbe854078d1ac9338744f61a02 -> 
  custom:video-encoder-webm-vp8: eb34c28f22e8b96e1ab97ce403110664 -> 
  custom:audio-encoder-webm-vorbis: bf7c407c2cedff20999df2af8eb42d56 -> 
  custom:framework-win-MediaFoundation: 216162199b28c13a410421893ffa2e32 -> 
  custom:container-demuxer-ogg: 62fdf1f143b41e24485cea50d1cbac27 -> 
  custom:video-decoder-webm-vp8: 9c59270c3fd7afecdb556c50c9e8de78 -> 
  custom:audio-decoder-ogg-vorbis: bf7c407c2cedff20999df2af8eb42d56 -> 
========================================================================
Received Prepare
Registering precompiled user dll's ...
Registered in 0.009946 seconds.
Begin MonoManager ReloadAssembly
Native extension for WindowsStandalone target not found
Refreshing native plugins compatible for Editor in 1.00 ms, found 5 plugins.
Preloading 0 native plugins for Editor in 0.00 ms.
Mono: successfully reloaded assembly
- Completed reload, in  1.036 seconds
Domain Reload Profiling:
	ReloadAssembly (1037ms)
		BeginReloadAssembly (135ms)
			ExecutionOrderSort (0ms)
			DisableScriptedObjects (5ms)
			BackupInstance (0ms)
			ReleaseScriptingObjects (0ms)
			CreateAndSetChildDomain (39ms)
		EndReloadAssembly (804ms)
			LoadAssemblies (91ms)
			RebuildTransferFunctionScriptingTraits (0ms)
			SetupTypeCache (197ms)
			ReleaseScriptCaches (2ms)
			RebuildScriptCaches (49ms)
			SetupLoadedEditorAssemblies (414ms)
				LogAssemblyErrors (0ms)
				InitializePlatformSupportModulesInManaged (13ms)
				SetLoadedEditorAssemblies (0ms)
				RefreshPlugins (1ms)
				BeforeProcessingInitializeOnLoad (86ms)
				ProcessInitializeOnLoadAttributes (187ms)
				ProcessInitializeOnLoadMethodAttributes (112ms)
				AfterProcessingInitializeOnLoad (13ms)
				EditorAssembliesLoaded (0ms)
			ExecutionOrderSort2 (0ms)
			AwakeInstancesAfterBackupRestoration (17ms)
Platform modules already initialized, skipping
Refreshing native plugins compatible for Editor in 7.11 ms, found 5 plugins.
Preloading 0 native plugins for Editor in 0.00 ms.
Unloading 2710 Unused Serialized files (Serialized files now loaded: 0)
Unloading 51 unused Assets / (32.7 KB). Loaded Objects now: 3218.
Memory consumption went from 112.7 MB to 112.7 MB.
Total: 6.070300 ms (FindLiveObjects: 0.248800 ms CreateObjectMapping: 0.086900 ms MarkObjects: 5.704400 ms  DeleteObjects: 0.029400 ms)

AssetImportParameters requested are different than current active one (requested -> active):
  custom:video-decoder-ogg-theora: a1e56fd34408186e4bbccfd4996cb3dc -> 
  custom:container-muxer-webm: aa71ff27fc2769a1b78a27578f13a17b -> 
  custom:container-demuxer-webm: 4f35f7cbe854078d1ac9338744f61a02 -> 
  custom:video-encoder-webm-vp8: eb34c28f22e8b96e1ab97ce403110664 -> 
  custom:audio-encoder-webm-vorbis: bf7c407c2cedff20999df2af8eb42d56 -> 
  custom:framework-win-MediaFoundation: 216162199b28c13a410421893ffa2e32 -> 
  custom:container-demuxer-ogg: 62fdf1f143b41e24485cea50d1cbac27 -> 
  custom:video-decoder-webm-vp8: 9c59270c3fd7afecdb556c50c9e8de78 -> 
  custom:audio-decoder-ogg-vorbis: bf7c407c2cedff20999df2af8eb42d56 -> 
========================================================================
Received Prepare
Registering precompiled user dll's ...
Registered in 0.008948 seconds.
Begin MonoManager ReloadAssembly
Native extension for WindowsStandalone target not found
Refreshing native plugins compatible for Editor in 0.96 ms, found 5 plugins.
Preloading 0 native plugins for Editor in 0.00 ms.
Mono: successfully reloaded assembly
- Completed reload, in  0.995 seconds
Domain Reload Profiling:
	ReloadAssembly (996ms)
		BeginReloadAssembly (139ms)
			ExecutionOrderSort (0ms)
			DisableScriptedObjects (5ms)
			BackupInstance (0ms)
			ReleaseScriptingObjects (0ms)
			CreateAndSetChildDomain (38ms)
		EndReloadAssembly (753ms)
			LoadAssemblies (95ms)
			RebuildTransferFunctionScriptingTraits (0ms)
			SetupTypeCache (184ms)
			ReleaseScriptCaches (2ms)
			RebuildScriptCaches (44ms)
			SetupLoadedEditorAssemblies (389ms)
				LogAssemblyErrors (0ms)
				InitializePlatformSupportModulesInManaged (12ms)
				SetLoadedEditorAssemblies (0ms)
				RefreshPlugins (1ms)
				BeforeProcessingInitializeOnLoad (82ms)
				ProcessInitializeOnLoadAttributes (174ms)
				ProcessInitializeOnLoadMethodAttributes (105ms)
				AfterProcessingInitializeOnLoad (14ms)
				EditorAssembliesLoaded (0ms)
			ExecutionOrderSort2 (0ms)
			AwakeInstancesAfterBackupRestoration (16ms)
Platform modules already initialized, skipping
Refreshing native plugins compatible for Editor in 7.08 ms, found 5 plugins.
Preloading 0 native plugins for Editor in 0.00 ms.
Unloading 2710 Unused Serialized files (Serialized files now loaded: 0)
Unloading 51 unused Assets / (32.8 KB). Loaded Objects now: 3222.
Memory consumption went from 112.7 MB to 112.7 MB.
Total: 6.827600 ms (FindLiveObjects: 0.233200 ms CreateObjectMapping: 0.136000 ms MarkObjects: 6.417500 ms  DeleteObjects: 0.040200 ms)

AssetImportParameters requested are different than current active one (requested -> active):
  custom:video-decoder-ogg-theora: a1e56fd34408186e4bbccfd4996cb3dc -> 
  custom:container-muxer-webm: aa71ff27fc2769a1b78a27578f13a17b -> 
  custom:container-demuxer-webm: 4f35f7cbe854078d1ac9338744f61a02 -> 
  custom:video-encoder-webm-vp8: eb34c28f22e8b96e1ab97ce403110664 -> 
  custom:audio-encoder-webm-vorbis: bf7c407c2cedff20999df2af8eb42d56 -> 
  custom:framework-win-MediaFoundation: 216162199b28c13a410421893ffa2e32 -> 
  custom:container-demuxer-ogg: 62fdf1f143b41e24485cea50d1cbac27 -> 
  custom:video-decoder-webm-vp8: 9c59270c3fd7afecdb556c50c9e8de78 -> 
  custom:audio-decoder-ogg-vorbis: bf7c407c2cedff20999df2af8eb42d56 -> 
