Using pre-set license
Built from '2021.3/staging' branch; Version is '2021.3.7f1 (24e8595d6d43) revision 2418777'; Using compiler version '192829333'; Build Type 'Release'
OS: 'Windows 10  (10.0.19044) 64bit Professional' Language: 'en' Physical Memory: 65263 MB
BatchMode: 1, IsHumanControllingUs: 0, StartBugReporterOnCrash: 0, Is64bit: 1, IsPro: 1

COMMAND LINE ARGUMENTS:
C:\Program Files\Unity 2021.3.7f1\Editor\Unity.exe
-adb2
-batchMode
-noUpm
-name
AssetImportWorker5
-projectPath
C:/Users/Holson11/Documents/GitHub/marioKart-Testing/Tutorial-Kart Controller
-logFile
Logs/AssetImportWorker5.log
-srvPort
65092
Successfully changed project path to: C:/Users/Holson11/Documents/GitHub/marioKart-Testing/Tutorial-Kart Controller
C:/Users/Holson11/Documents/GitHub/marioKart-Testing/Tutorial-Kart Controller
[UnityMemory] Configuration Parameters - Can be set up in boot.config
    "memorysetup-bucket-allocator-granularity=16"
    "memorysetup-bucket-allocator-bucket-count=8"
    "memorysetup-bucket-allocator-block-size=33554432"
    "memorysetup-bucket-allocator-block-count=8"
    "memorysetup-main-allocator-block-size=16777216"
    "memorysetup-thread-allocator-block-size=16777216"
    "memorysetup-gfx-main-allocator-block-size=16777216"
    "memorysetup-gfx-thread-allocator-block-size=16777216"
    "memorysetup-cache-allocator-block-size=4194304"
    "memorysetup-typetree-allocator-block-size=2097152"
    "memorysetup-profiler-bucket-allocator-granularity=16"
    "memorysetup-profiler-bucket-allocator-bucket-count=8"
    "memorysetup-profiler-bucket-allocator-block-size=33554432"
    "memorysetup-profiler-bucket-allocator-block-count=8"
    "memorysetup-profiler-allocator-block-size=16777216"
    "memorysetup-profiler-editor-allocator-block-size=1048576"
    "memorysetup-temp-allocator-size-main=16777216"
    "memorysetup-job-temp-allocator-block-size=2097152"
    "memorysetup-job-temp-allocator-block-size-background=1048576"
    "memorysetup-job-temp-allocator-reduction-small-platforms=262144"
    "memorysetup-temp-allocator-size-background-worker=32768"
    "memorysetup-temp-allocator-size-job-worker=262144"
    "memorysetup-temp-allocator-size-preload-manager=33554432"
    "memorysetup-temp-allocator-size-nav-mesh-worker=65536"
    "memorysetup-temp-allocator-size-audio-worker=65536"
    "memorysetup-temp-allocator-size-cloud-worker=32768"
    "memorysetup-temp-allocator-size-gi-baking-worker=262144"
    "memorysetup-temp-allocator-size-gfx=262144"
Refreshing native plugins compatible for Editor in 116.88 ms, found 5 plugins.
Preloading 0 native plugins for Editor in 0.00 ms.
Initialize engine version: 2021.3.7f1 (24e8595d6d43)
[Subsystems] Discovering subsystems at path C:/Program Files/Unity 2021.3.7f1/Editor/Data/Resources/UnitySubsystems
[Subsystems] Discovering subsystems at path C:/Users/Holson11/Documents/GitHub/marioKart-Testing/Tutorial-Kart Controller/Assets
GfxDevice: creating device client; threaded=0; jobified=0
Direct3D:
    Version:  Direct3D 11.0 [level 11.1]
    Renderer: NVIDIA GeForce RTX 2080 Ti (ID=0x1e04)
    Vendor:   NVIDIA
    VRAM:     11041 MB
    Driver:   31.0.15.2802
Initialize mono
Mono path[0] = 'C:/Program Files/Unity 2021.3.7f1/Editor/Data/Managed'
Mono path[1] = 'C:/Program Files/Unity 2021.3.7f1/Editor/Data/MonoBleedingEdge/lib/mono/unityjit-win32'
Mono config path = 'C:/Program Files/Unity 2021.3.7f1/Editor/Data/MonoBleedingEdge/etc'
Using monoOptions --debugger-agent=transport=dt_socket,embedding=1,server=y,suspend=n,address=127.0.0.1:56504
Begin MonoManager ReloadAssembly
Registering precompiled unity dll's ...
Register platform support module: C:/Program Files/Unity 2021.3.7f1/Editor/Data/PlaybackEngines/WindowsStandaloneSupport/UnityEditor.WindowsStandalone.Extensions.dll
Registered in 0.008224 seconds.
Native extension for WindowsStandalone target not found
Refreshing native plugins compatible for Editor in 79.45 ms, found 5 plugins.
Preloading 0 native plugins for Editor in 0.00 ms.
Mono: successfully reloaded assembly
- Completed reload, in  0.769 seconds
Domain Reload Profiling:
	ReloadAssembly (770ms)
		BeginReloadAssembly (83ms)
			ExecutionOrderSort (0ms)
			DisableScriptedObjects (0ms)
			BackupInstance (0ms)
			ReleaseScriptingObjects (0ms)
			CreateAndSetChildDomain (1ms)
		EndReloadAssembly (544ms)
			LoadAssemblies (79ms)
			RebuildTransferFunctionScriptingTraits (0ms)
			SetupTypeCache (136ms)
			ReleaseScriptCaches (0ms)
			RebuildScriptCaches (29ms)
			SetupLoadedEditorAssemblies (317ms)
				LogAssemblyErrors (0ms)
				InitializePlatformSupportModulesInManaged (9ms)
				SetLoadedEditorAssemblies (0ms)
				RefreshPlugins (80ms)
				BeforeProcessingInitializeOnLoad (1ms)
				ProcessInitializeOnLoadAttributes (162ms)
				ProcessInitializeOnLoadMethodAttributes (65ms)
				AfterProcessingInitializeOnLoad (0ms)
				EditorAssembliesLoaded (0ms)
			ExecutionOrderSort2 (0ms)
			AwakeInstancesAfterBackupRestoration (0ms)
Platform modules already initialized, skipping
Registering precompiled user dll's ...
Registered in 0.013468 seconds.
Begin MonoManager ReloadAssembly
Native extension for WindowsStandalone target not found
Refreshing native plugins compatible for Editor in 1.53 ms, found 5 plugins.
Preloading 0 native plugins for Editor in 0.00 ms.
Package Manager log level set to [2]
Mono: successfully reloaded assembly
- Completed reload, in  1.384 seconds
Domain Reload Profiling:
	ReloadAssembly (1385ms)
		BeginReloadAssembly (165ms)
			ExecutionOrderSort (0ms)
			DisableScriptedObjects (6ms)
			BackupInstance (0ms)
			ReleaseScriptingObjects (0ms)
			CreateAndSetChildDomain (34ms)
		EndReloadAssembly (1053ms)
			LoadAssemblies (127ms)
			RebuildTransferFunctionScriptingTraits (0ms)
			SetupTypeCache (239ms)
			ReleaseScriptCaches (1ms)
			RebuildScriptCaches (65ms)
			SetupLoadedEditorAssemblies (565ms)
				LogAssemblyErrors (0ms)
				InitializePlatformSupportModulesInManaged (7ms)
				SetLoadedEditorAssemblies (1ms)
				RefreshPlugins (2ms)
				BeforeProcessingInitializeOnLoad (97ms)
				ProcessInitializeOnLoadAttributes (242ms)
				ProcessInitializeOnLoadMethodAttributes (202ms)
				AfterProcessingInitializeOnLoad (14ms)
				EditorAssembliesLoaded (0ms)
			ExecutionOrderSort2 (0ms)
			AwakeInstancesAfterBackupRestoration (19ms)
Platform modules already initialized, skipping
========================================================================
Worker process is ready to serve import requests
Launched and connected shader compiler UnityShaderCompiler.exe after 0.12 seconds
Refreshing native plugins compatible for Editor in 1.73 ms, found 5 plugins.
Preloading 0 native plugins for Editor in 0.00 ms.
Unloading 2736 Unused Serialized files (Serialized files now loaded: 0)
Unloading 63 unused Assets / (59.5 KB). Loaded Objects now: 3189.
Memory consumption went from 109.3 MB to 109.3 MB.
Total: 13.294600 ms (FindLiveObjects: 0.373300 ms CreateObjectMapping: 0.799200 ms MarkObjects: 11.969400 ms  DeleteObjects: 0.151600 ms)

AssetImportParameters requested are different than current active one (requested -> active):
  custom:video-decoder-ogg-theora: a1e56fd34408186e4bbccfd4996cb3dc -> 
  custom:container-muxer-webm: aa71ff27fc2769a1b78a27578f13a17b -> 
  custom:container-demuxer-webm: 4f35f7cbe854078d1ac9338744f61a02 -> 
  custom:video-encoder-webm-vp8: eb34c28f22e8b96e1ab97ce403110664 -> 
  custom:audio-encoder-webm-vorbis: bf7c407c2cedff20999df2af8eb42d56 -> 
  custom:framework-win-MediaFoundation: 216162199b28c13a410421893ffa2e32 -> 
  custom:container-demuxer-ogg: 62fdf1f143b41e24485cea50d1cbac27 -> 
  custom:video-decoder-webm-vp8: 9c59270c3fd7afecdb556c50c9e8de78 -> 
  custom:audio-decoder-ogg-vorbis: bf7c407c2cedff20999df2af8eb42d56 -> 
========================================================================
Received Import Request.
  Time since last request: 3001577.270635 seconds.
  path: Assets/Particles/FIREBALL.prefab
  artifactKey: Guid(784839432c07b6f4990d9dc919c982a7) Importer(815301076,1909f56bfc062723c751e8b465ee728b)
Start importing Assets/Particles/FIREBALL.prefab using Guid(784839432c07b6f4990d9dc919c982a7) Importer(815301076,1909f56bfc062723c751e8b465ee728b)  -> (artifact id: 'efbf4eadc17ca959378fab19f5a8ad90') in 0.203543 seconds 
========================================================================
Received Import Request.
  Time since last request: 0.000036 seconds.
  path: Assets/Particles/FireShapes.tga
  artifactKey: Guid(97578d8cfb8e9a547b842e2fec053e0b) Importer(815301076,1909f56bfc062723c751e8b465ee728b)
Start importing Assets/Particles/FireShapes.tga using Guid(97578d8cfb8e9a547b842e2fec053e0b) Importer(815301076,1909f56bfc062723c751e8b465ee728b)  -> (artifact id: 'b43d7ef946c6e311564d5bd6da9fff6f') in 0.030377 seconds 
========================================================================
Received Import Request.
  Time since last request: 0.000039 seconds.
  path: Assets/Particles/ParticleSystemsBoost.prefab
  artifactKey: Guid(255134b067c1cf34486d9b64c9662463) Importer(815301076,1909f56bfc062723c751e8b465ee728b)
Start importing Assets/Particles/ParticleSystemsBoost.prefab using Guid(255134b067c1cf34486d9b64c9662463) Importer(815301076,1909f56bfc062723c751e8b465ee728b)  -> (artifact id: '4d89459a17b84b31c422a6fd28e12dc8') in 0.008463 seconds 
========================================================================
Received Import Request.
  Time since last request: 0.000031 seconds.
  path: Assets/Particles/FIRE.mat
  artifactKey: Guid(d4a7d0e118dcefa41b903f0a9466c994) Importer(815301076,1909f56bfc062723c751e8b465ee728b)
Start importing Assets/Particles/FIRE.mat using Guid(d4a7d0e118dcefa41b903f0a9466c994) Importer(815301076,1909f56bfc062723c751e8b465ee728b)  -> (artifact id: '6d44cf8f2ea5aa942332673caa654ba0') in 0.045767 seconds 
========================================================================
Received Import Request.
  Time since last request: 11.978346 seconds.
  path: Assets/Models/kenney_racingkit2/Isometric/bannerTowerRed_NW.png
  artifactKey: Guid(04ca18ae3bdc0cb45b7a1fbdd9d0ae30) Importer(815301076,1909f56bfc062723c751e8b465ee728b)
Start importing Assets/Models/kenney_racingkit2/Isometric/bannerTowerRed_NW.png using Guid(04ca18ae3bdc0cb45b7a1fbdd9d0ae30) Importer(815301076,1909f56bfc062723c751e8b465ee728b)  -> (artifact id: '3fb0567656440415ec87464d869db7e0') in 0.031553 seconds 
========================================================================
Received Import Request.
  Time since last request: 0.000027 seconds.
  path: Assets/Models/kenney_racingkit2/Isometric/grandStandCovered_NW.png
  artifactKey: Guid(e84eeb27bda1af843825693a04003ab3) Importer(815301076,1909f56bfc062723c751e8b465ee728b)
Start importing Assets/Models/kenney_racingkit2/Isometric/grandStandCovered_NW.png using Guid(e84eeb27bda1af843825693a04003ab3) Importer(815301076,1909f56bfc062723c751e8b465ee728b)  -> (artifact id: '5a99ce2906368c4e4449e23e3df2f8bd') in 0.013873 seconds 
========================================================================
Received Import Request.
  Time since last request: 0.000036 seconds.
  path: Assets/Models/kenney_racingkit2/Isometric/lightRedDouble_SW.png
  artifactKey: Guid(ed043fdce705d0c4fac1ca468f6f7bdf) Importer(815301076,1909f56bfc062723c751e8b465ee728b)
Start importing Assets/Models/kenney_racingkit2/Isometric/lightRedDouble_SW.png using Guid(ed043fdce705d0c4fac1ca468f6f7bdf) Importer(815301076,1909f56bfc062723c751e8b465ee728b)  -> (artifact id: '4863e5022ff0e57f7836b9ba0123c2a0') in 0.013640 seconds 
========================================================================
Received Import Request.
  Time since last request: 0.000048 seconds.
  path: Assets/Models/kenney_racingkit2/Isometric/grandStandRound_NW.png
  artifactKey: Guid(f6fe6f0badf4cdf40be3f4ce05f9ca74) Importer(815301076,1909f56bfc062723c751e8b465ee728b)
Start importing Assets/Models/kenney_racingkit2/Isometric/grandStandRound_NW.png using Guid(f6fe6f0badf4cdf40be3f4ce05f9ca74) Importer(815301076,1909f56bfc062723c751e8b465ee728b)  -> (artifact id: '567a6ba5dd1b4c538909e4182ecc8d7d') in 0.014880 seconds 
========================================================================
Received Import Request.
  Time since last request: 0.000028 seconds.
  path: Assets/Models/kenney_racingkit2/Isometric/grass_SE.png
  artifactKey: Guid(1515abc0e5036bc448033f87603adf05) Importer(815301076,1909f56bfc062723c751e8b465ee728b)
Start importing Assets/Models/kenney_racingkit2/Isometric/grass_SE.png using Guid(1515abc0e5036bc448033f87603adf05) Importer(815301076,1909f56bfc062723c751e8b465ee728b)  -> (artifact id: '9e06b77b227775e814031fd5412df462') in 0.014558 seconds 
========================================================================
Received Import Request.
  Time since last request: 0.000028 seconds.
  path: Assets/Models/kenney_racingkit2/Isometric/lightPostLarge_SW.png
  artifactKey: Guid(79f66f4a18cd4cf4b84f0afde942cc79) Importer(815301076,1909f56bfc062723c751e8b465ee728b)
Start importing Assets/Models/kenney_racingkit2/Isometric/lightPostLarge_SW.png using Guid(79f66f4a18cd4cf4b84f0afde942cc79) Importer(815301076,1909f56bfc062723c751e8b465ee728b)  -> (artifact id: '9e7b11c70cd454d6d2d1306a07164524') in 0.013108 seconds 
========================================================================
Received Import Request.
  Time since last request: 0.000026 seconds.
  path: Assets/Models/kenney_racingkit2/Isometric/lightPostModern_SW.png
  artifactKey: Guid(c6819c2024f49b44a9741a265abb923f) Importer(815301076,1909f56bfc062723c751e8b465ee728b)
Start importing Assets/Models/kenney_racingkit2/Isometric/lightPostModern_SW.png using Guid(c6819c2024f49b44a9741a265abb923f) Importer(815301076,1909f56bfc062723c751e8b465ee728b)  -> (artifact id: '3593d70a9647da6999a63d0cff0970e5') in 0.012823 seconds 
========================================================================
Received Import Request.
  Time since last request: 0.000029 seconds.
  path: Assets/Models/kenney_racingkit2/Isometric/fenceCurved_NW.png
  artifactKey: Guid(7264ec1e2f6f3c5498ded638dc741440) Importer(815301076,1909f56bfc062723c751e8b465ee728b)
Start importing Assets/Models/kenney_racingkit2/Isometric/fenceCurved_NW.png using Guid(7264ec1e2f6f3c5498ded638dc741440) Importer(815301076,1909f56bfc062723c751e8b465ee728b)  -> (artifact id: '8460897fde173c464ea6f32b1f727ddf') in 0.013926 seconds 
========================================================================
Received Import Request.
  Time since last request: 0.000025 seconds.
  path: Assets/Models/kenney_racingkit2/Isometric/lightColored_SE.png
  artifactKey: Guid(6d0431d7d82ccbe4e9ca1d3c3fa60afd) Importer(815301076,1909f56bfc062723c751e8b465ee728b)
Start importing Assets/Models/kenney_racingkit2/Isometric/lightColored_SE.png using Guid(6d0431d7d82ccbe4e9ca1d3c3fa60afd) Importer(815301076,1909f56bfc062723c751e8b465ee728b)  -> (artifact id: '51231022d51d86386dd4e9669e09cb03') in 0.011235 seconds 
========================================================================
Received Import Request.
  Time since last request: 0.000027 seconds.
  path: Assets/Models/kenney_racingkit2/Isometric/fenceStraight_NW.png
  artifactKey: Guid(ff07956849dfffa4ea7ed8381fe7253d) Importer(815301076,1909f56bfc062723c751e8b465ee728b)
Start importing Assets/Models/kenney_racingkit2/Isometric/fenceStraight_NW.png using Guid(ff07956849dfffa4ea7ed8381fe7253d) Importer(815301076,1909f56bfc062723c751e8b465ee728b)  -> (artifact id: '13e540a1cd92937745c4ef64ad679859') in 0.013689 seconds 
========================================================================
Received Import Request.
  Time since last request: 0.000026 seconds.
  path: Assets/Models/kenney_racingkit2/Isometric/barrierRed_NE.png
  artifactKey: Guid(fa7e0841ba3fd084987c0846100e5f55) Importer(815301076,1909f56bfc062723c751e8b465ee728b)
Start importing Assets/Models/kenney_racingkit2/Isometric/barrierRed_NE.png using Guid(fa7e0841ba3fd084987c0846100e5f55) Importer(815301076,1909f56bfc062723c751e8b465ee728b)  -> (artifact id: '168f60e5630847b4ac54c15275f4539a') in 0.011528 seconds 
========================================================================
Received Import Request.
  Time since last request: 0.000027 seconds.
  path: Assets/Models/kenney_racingkit2/Isometric/overheadLights_NE.png
  artifactKey: Guid(365acee5e97fe76428ce9b615ada1b23) Importer(815301076,1909f56bfc062723c751e8b465ee728b)
Start importing Assets/Models/kenney_racingkit2/Isometric/overheadLights_NE.png using Guid(365acee5e97fe76428ce9b615ada1b23) Importer(815301076,1909f56bfc062723c751e8b465ee728b)  -> (artifact id: 'a3fbb220261758b36121bc89dea51627') in 0.013367 seconds 
========================================================================
Received Import Request.
  Time since last request: 0.000032 seconds.
  path: Assets/Models/kenney_racingkit2/Isometric/barrierWall_SW.png
  artifactKey: Guid(ff7e1bb09ffb32d4cbcbc3ac4b89ef55) Importer(815301076,1909f56bfc062723c751e8b465ee728b)
Start importing Assets/Models/kenney_racingkit2/Isometric/barrierWall_SW.png using Guid(ff7e1bb09ffb32d4cbcbc3ac4b89ef55) Importer(815301076,1909f56bfc062723c751e8b465ee728b)  -> (artifact id: '63c87a7c0f89664aae2e05947b890aa0') in 0.012295 seconds 
========================================================================
Received Import Request.
  Time since last request: 0.000034 seconds.
  path: Assets/Models/kenney_racingkit2/Isometric/lightPostLarge_NW.png
  artifactKey: Guid(5a62e75f2f00ac94e9a95aad059bd3af) Importer(815301076,1909f56bfc062723c751e8b465ee728b)
Start importing Assets/Models/kenney_racingkit2/Isometric/lightPostLarge_NW.png using Guid(5a62e75f2f00ac94e9a95aad059bd3af) Importer(815301076,1909f56bfc062723c751e8b465ee728b)  -> (artifact id: '2f55478cb034841d4df1bcec9340a1c7') in 0.012080 seconds 
========================================================================
Received Import Request.
  Time since last request: 0.000023 seconds.
  path: Assets/Models/kenney_racingkit2/Isometric/billboardLower_NW.png
  artifactKey: Guid(e93f43c279da00f4faf75df175553b9e) Importer(815301076,1909f56bfc062723c751e8b465ee728b)
Start importing Assets/Models/kenney_racingkit2/Isometric/billboardLower_NW.png using Guid(e93f43c279da00f4faf75df175553b9e) Importer(815301076,1909f56bfc062723c751e8b465ee728b)  -> (artifact id: '85ca4b404529939160146de606a880c5') in 0.011933 seconds 
========================================================================
Received Import Request.
  Time since last request: 0.000027 seconds.
  path: Assets/Models/kenney_racingkit2/Isometric/bannerTowerRed_SW.png
  artifactKey: Guid(a92cf314298a802468a2d1d266ff9afb) Importer(815301076,1909f56bfc062723c751e8b465ee728b)
Start importing Assets/Models/kenney_racingkit2/Isometric/bannerTowerRed_SW.png using Guid(a92cf314298a802468a2d1d266ff9afb) Importer(815301076,1909f56bfc062723c751e8b465ee728b)  -> (artifact id: '206a2ebf9d326a5fa4406c529e6daca9') in 0.012183 seconds 
========================================================================
Received Import Request.
  Time since last request: 0.000024 seconds.
  path: Assets/Models/kenney_racingkit2/Isometric/barrierWhite_SE.png
  artifactKey: Guid(41fa4a69ebc7fe8428eca0f30f5614aa) Importer(815301076,1909f56bfc062723c751e8b465ee728b)
Start importing Assets/Models/kenney_racingkit2/Isometric/barrierWhite_SE.png using Guid(41fa4a69ebc7fe8428eca0f30f5614aa) Importer(815301076,1909f56bfc062723c751e8b465ee728b)  -> (artifact id: '4d6d6e33a3778a8878c2fa3f0f75e410') in 0.012037 seconds 
========================================================================
Received Import Request.
  Time since last request: 0.000024 seconds.
  path: Assets/Models/kenney_racingkit2/Isometric/barrierRed_SW.png
  artifactKey: Guid(d0d93b858dbfa36499776e7890eb6576) Importer(815301076,1909f56bfc062723c751e8b465ee728b)
Start importing Assets/Models/kenney_racingkit2/Isometric/barrierRed_SW.png using Guid(d0d93b858dbfa36499776e7890eb6576) Importer(815301076,1909f56bfc062723c751e8b465ee728b)  -> (artifact id: 'e539cf7842d1e61c9c5c7ee6af89f538') in 0.011686 seconds 
========================================================================
Received Import Request.
  Time since last request: 0.000025 seconds.
  path: Assets/Models/kenney_racingkit2/Isometric/fenceCurved_SE.png
  artifactKey: Guid(4d6508ac7eede1c40951cabc156a8a87) Importer(815301076,1909f56bfc062723c751e8b465ee728b)
Start importing Assets/Models/kenney_racingkit2/Isometric/fenceCurved_SE.png using Guid(4d6508ac7eede1c40951cabc156a8a87) Importer(815301076,1909f56bfc062723c751e8b465ee728b)  -> (artifact id: '5c85f30ffe233fc1b64395c23c9a135f') in 0.013149 seconds 
========================================================================
Received Import Request.
  Time since last request: 0.000025 seconds.
  path: Assets/Models/kenney_racingkit2/Isometric/fenceCurved_NE.png
  artifactKey: Guid(132aa7e55324a05448b3cff00084c627) Importer(815301076,1909f56bfc062723c751e8b465ee728b)
Start importing Assets/Models/kenney_racingkit2/Isometric/fenceCurved_NE.png using Guid(132aa7e55324a05448b3cff00084c627) Importer(815301076,1909f56bfc062723c751e8b465ee728b)  -> (artifact id: '5383389ded0dc581314f1122b7e3c6ad') in 0.013266 seconds 
========================================================================
Received Import Request.
  Time since last request: 4.557837 seconds.
  path: Assets/Models/kenney_racingkit2/Isometric/overheadRound_SE.png
  artifactKey: Guid(264582b028cf8664ba48747954b5ba3c) Importer(815301076,1909f56bfc062723c751e8b465ee728b)
Start importing Assets/Models/kenney_racingkit2/Isometric/overheadRound_SE.png using Guid(264582b028cf8664ba48747954b5ba3c) Importer(815301076,1909f56bfc062723c751e8b465ee728b)  -> (artifact id: '6f14c3b16dfdf7e2c7a3e371c5f4d5d4') in 0.049416 seconds 
========================================================================
Received Import Request.
  Time since last request: 0.000034 seconds.
  path: Assets/Models/kenney_racingkit2/Isometric/overheadRoundColored_NE.png
  artifactKey: Guid(0ab0a44b389995641b23fb6be3e2b769) Importer(815301076,1909f56bfc062723c751e8b465ee728b)
Start importing Assets/Models/kenney_racingkit2/Isometric/overheadRoundColored_NE.png using Guid(0ab0a44b389995641b23fb6be3e2b769) Importer(815301076,1909f56bfc062723c751e8b465ee728b)  -> (artifact id: '9713b40870377941143d4e1f5253c874') in 0.021125 seconds 
========================================================================
Received Import Request.
  Time since last request: 0.000049 seconds.
  path: Assets/Models/kenney_racingkit2/Isometric/overheadRoundColored_NW.png
  artifactKey: Guid(493c4ba205433a649b5d096d99f1bd39) Importer(815301076,1909f56bfc062723c751e8b465ee728b)
Start importing Assets/Models/kenney_racingkit2/Isometric/overheadRoundColored_NW.png using Guid(493c4ba205433a649b5d096d99f1bd39) Importer(815301076,1909f56bfc062723c751e8b465ee728b)  -> (artifact id: 'bfc594a6879d6effd84f228ee0de3cde') in 0.013540 seconds 
========================================================================
Received Import Request.
  Time since last request: 0.000025 seconds.
  path: Assets/Models/kenney_racingkit2/Isometric/pitsOffice_NE.png
  artifactKey: Guid(f7a942abf8b59ba43817cf6b1f88d218) Importer(815301076,1909f56bfc062723c751e8b465ee728b)
Start importing Assets/Models/kenney_racingkit2/Isometric/pitsOffice_NE.png using Guid(f7a942abf8b59ba43817cf6b1f88d218) Importer(815301076,1909f56bfc062723c751e8b465ee728b)  -> (artifact id: 'ea358edfd8dfc7ee327152bf79ebaa61') in 0.075119 seconds 
========================================================================
Received Import Request.
  Time since last request: 0.933488 seconds.
  path: Assets/Models/kenney_racingkit2/Isometric/pitsOfficeCorner_SE.png
  artifactKey: Guid(2962d792428e77944ba35a28c6114755) Importer(815301076,1909f56bfc062723c751e8b465ee728b)
Start importing Assets/Models/kenney_racingkit2/Isometric/pitsOfficeCorner_SE.png using Guid(2962d792428e77944ba35a28c6114755) Importer(815301076,1909f56bfc062723c751e8b465ee728b)  -> (artifact id: '9639c313cfd04d4aeb6b9f039f5b25fb') in 0.014008 seconds 
========================================================================
Received Import Request.
  Time since last request: 0.000029 seconds.
  path: Assets/Models/kenney_racingkit2/Isometric/pylon_NW.png
  artifactKey: Guid(74fc172d036633746a5e403767be1a44) Importer(815301076,1909f56bfc062723c751e8b465ee728b)
Start importing Assets/Models/kenney_racingkit2/Isometric/pylon_NW.png using Guid(74fc172d036633746a5e403767be1a44) Importer(815301076,1909f56bfc062723c751e8b465ee728b)  -> (artifact id: '60580aba9df177c3a8aef3a001b5ab04') in 0.011949 seconds 
========================================================================
Received Import Request.
  Time since last request: 0.000026 seconds.
  path: Assets/Models/kenney_racingkit2/Isometric/raceCarOrange_E.png
  artifactKey: Guid(e0d2543248ca79d4aaeb8e5da7641129) Importer(815301076,1909f56bfc062723c751e8b465ee728b)
Start importing Assets/Models/kenney_racingkit2/Isometric/raceCarOrange_E.png using Guid(e0d2543248ca79d4aaeb8e5da7641129) Importer(815301076,1909f56bfc062723c751e8b465ee728b)  -> (artifact id: 'ff34b030aaf4f1439042c7190228db76') in 0.012566 seconds 
========================================================================
Received Import Request.
  Time since last request: 0.000029 seconds.
  path: Assets/Models/kenney_racingkit2/Isometric/pylon_SW.png
  artifactKey: Guid(8b510fddcd8efc54aa2e8974d77f1f52) Importer(815301076,1909f56bfc062723c751e8b465ee728b)
Start importing Assets/Models/kenney_racingkit2/Isometric/pylon_SW.png using Guid(8b510fddcd8efc54aa2e8974d77f1f52) Importer(815301076,1909f56bfc062723c751e8b465ee728b)  -> (artifact id: 'fb1306a48b6b725ae60e31306594b1bd') in 0.010912 seconds 
========================================================================
Received Import Request.
  Time since last request: 0.086426 seconds.
  path: Assets/Models/kenney_racingkit2/Isometric/raceCarOrange_SW.png
  artifactKey: Guid(252d2a86a02a4dc4b83df2559e4b3f51) Importer(815301076,1909f56bfc062723c751e8b465ee728b)
Start importing Assets/Models/kenney_racingkit2/Isometric/raceCarOrange_SW.png using Guid(252d2a86a02a4dc4b83df2559e4b3f51) Importer(815301076,1909f56bfc062723c751e8b465ee728b)  -> (artifact id: 'aa3dd911905a2f9306a06bd29bc8c263') in 0.012858 seconds 
========================================================================
Received Import Request.
  Time since last request: 0.000027 seconds.
  path: Assets/Models/kenney_racingkit2/Isometric/raceCarRed_E.png
  artifactKey: Guid(b09b3da9f59579a4399af5728ebf996b) Importer(815301076,1909f56bfc062723c751e8b465ee728b)
Start importing Assets/Models/kenney_racingkit2/Isometric/raceCarRed_E.png using Guid(b09b3da9f59579a4399af5728ebf996b) Importer(815301076,1909f56bfc062723c751e8b465ee728b)  -> (artifact id: 'f0a2d95b9f6fa198232b5a23acaa28e7') in 0.012324 seconds 
========================================================================
Received Import Request.
  Time since last request: 0.000042 seconds.
  path: Assets/Models/kenney_racingkit2/Isometric/raceCarWhite_SE.png
  artifactKey: Guid(add78987129ae4d48b494e3dc534f950) Importer(815301076,1909f56bfc062723c751e8b465ee728b)
Start importing Assets/Models/kenney_racingkit2/Isometric/raceCarWhite_SE.png using Guid(add78987129ae4d48b494e3dc534f950) Importer(815301076,1909f56bfc062723c751e8b465ee728b)  -> (artifact id: 'b7b726233350a971d81934f810b4d7d6') in 0.011768 seconds 
========================================================================
Received Import Request.
  Time since last request: 0.000026 seconds.
  path: Assets/Models/kenney_racingkit2/Isometric/radarEquipment_NE.png
  artifactKey: Guid(712a01164792b5a499229edfb5cad67e) Importer(815301076,1909f56bfc062723c751e8b465ee728b)
Start importing Assets/Models/kenney_racingkit2/Isometric/radarEquipment_NE.png using Guid(712a01164792b5a499229edfb5cad67e) Importer(815301076,1909f56bfc062723c751e8b465ee728b)  -> (artifact id: 'a8adc22fd728db26bd1abee0140303c5') in 0.011448 seconds 
========================================================================
Received Import Request.
  Time since last request: 1.350966 seconds.
  path: Assets/Models/kenney_racingkit2/Isometric/rail_SE.png
  artifactKey: Guid(8317fc3a3ef88e9468e98170d78f0aab) Importer(815301076,1909f56bfc062723c751e8b465ee728b)
Start importing Assets/Models/kenney_racingkit2/Isometric/rail_SE.png using Guid(8317fc3a3ef88e9468e98170d78f0aab) Importer(815301076,1909f56bfc062723c751e8b465ee728b)  -> (artifact id: 'c118e5b1884ac5869b3cb0a122f0ae21') in 0.020942 seconds 
========================================================================
Received Import Request.
  Time since last request: 0.000033 seconds.
  path: Assets/Models/kenney_racingkit2/Isometric/railDouble_NE.png
  artifactKey: Guid(04fa9a13cb173ce4291310ae511a56d3) Importer(815301076,1909f56bfc062723c751e8b465ee728b)
Start importing Assets/Models/kenney_racingkit2/Isometric/railDouble_NE.png using Guid(04fa9a13cb173ce4291310ae511a56d3) Importer(815301076,1909f56bfc062723c751e8b465ee728b)  -> (artifact id: 'b089ae658026ab902f843bc914e8a674') in 0.017112 seconds 
========================================================================
Received Import Request.
  Time since last request: 0.000046 seconds.
  path: Assets/Models/kenney_racingkit2/Isometric/roadCornerBridgeLarge_SE.png
  artifactKey: Guid(6fc9126cd2297ff4fa8de175f552864e) Importer(815301076,1909f56bfc062723c751e8b465ee728b)
Start importing Assets/Models/kenney_racingkit2/Isometric/roadCornerBridgeLarge_SE.png using Guid(6fc9126cd2297ff4fa8de175f552864e) Importer(815301076,1909f56bfc062723c751e8b465ee728b)  -> (artifact id: '3bb6c10f5850b8badce67b0a91b8965d') in 0.014316 seconds 
========================================================================
Received Import Request.
  Time since last request: 0.000029 seconds.
  path: Assets/Models/kenney_racingkit2/Isometric/roadCornerBridgeLarge_SW.png
  artifactKey: Guid(52af9288103bb0f48849b3c3a0e3e6b4) Importer(815301076,1909f56bfc062723c751e8b465ee728b)
Start importing Assets/Models/kenney_racingkit2/Isometric/roadCornerBridgeLarge_SW.png using Guid(52af9288103bb0f48849b3c3a0e3e6b4) Importer(815301076,1909f56bfc062723c751e8b465ee728b)  -> (artifact id: '08f2d76891a809a35324d19876f05970') in 0.014889 seconds 
========================================================================
Received Import Request.
  Time since last request: 0.084418 seconds.
  path: Assets/Models/kenney_racingkit2/Isometric/roadCornerBridgeSmall_SE.png
  artifactKey: Guid(817969c936ba5eb43923991cced3fb10) Importer(815301076,1909f56bfc062723c751e8b465ee728b)
Start importing Assets/Models/kenney_racingkit2/Isometric/roadCornerBridgeSmall_SE.png using Guid(817969c936ba5eb43923991cced3fb10) Importer(815301076,1909f56bfc062723c751e8b465ee728b)  -> (artifact id: '2c4722c801c90750ecc933e859d4cde9') in 0.018740 seconds 
========================================================================
Received Import Request.
  Time since last request: 0.000023 seconds.
  path: Assets/Models/kenney_racingkit2/Isometric/roadCornerLarge_SE.png
  artifactKey: Guid(e896652719eeddb4db81c06e2bc5def8) Importer(815301076,1909f56bfc062723c751e8b465ee728b)
Start importing Assets/Models/kenney_racingkit2/Isometric/roadCornerLarge_SE.png using Guid(e896652719eeddb4db81c06e2bc5def8) Importer(815301076,1909f56bfc062723c751e8b465ee728b)  -> (artifact id: '30a2020d09146d6b570737c7fd800c1d') in 0.014941 seconds 
========================================================================
Received Import Request.
  Time since last request: 0.000027 seconds.
  path: Assets/Models/kenney_racingkit2/Isometric/roadCornerLarge_SW.png
  artifactKey: Guid(da4a7771950842b48859ae5eb3901f6a) Importer(815301076,1909f56bfc062723c751e8b465ee728b)
Start importing Assets/Models/kenney_racingkit2/Isometric/roadCornerLarge_SW.png using Guid(da4a7771950842b48859ae5eb3901f6a) Importer(815301076,1909f56bfc062723c751e8b465ee728b)  -> (artifact id: '557a8f58a62fd3be09dcd77cb61005c4') in 0.013254 seconds 
========================================================================
Received Import Request.
  Time since last request: 0.000033 seconds.
  path: Assets/Models/kenney_racingkit2/Isometric/roadCornerLargeBorderInner_SW.png
  artifactKey: Guid(fa84300341170ae43a3b24b8f7fa52ea) Importer(815301076,1909f56bfc062723c751e8b465ee728b)
Start importing Assets/Models/kenney_racingkit2/Isometric/roadCornerLargeBorderInner_SW.png using Guid(fa84300341170ae43a3b24b8f7fa52ea) Importer(815301076,1909f56bfc062723c751e8b465ee728b)  -> (artifact id: 'cd245309c2a607f160ed3a8248d1c86f') in 0.015323 seconds 
========================================================================
Received Import Request.
  Time since last request: 0.832765 seconds.
  path: Assets/Models/kenney_racingkit2/Isometric/roadCornerLargerBorderInner_SE.png
  artifactKey: Guid(edb34b0c994dd2d40bcf043bcb8511fd) Importer(815301076,1909f56bfc062723c751e8b465ee728b)
Start importing Assets/Models/kenney_racingkit2/Isometric/roadCornerLargerBorderInner_SE.png using Guid(edb34b0c994dd2d40bcf043bcb8511fd) Importer(815301076,1909f56bfc062723c751e8b465ee728b)  -> (artifact id: '4fe5f4b3ed4525a878b7dba814eb6d23') in 0.021211 seconds 
========================================================================
Received Import Request.
  Time since last request: 0.000024 seconds.
  path: Assets/Models/kenney_racingkit2/Isometric/roadCornerLargerSandInner_NW.png
  artifactKey: Guid(93139ca243879884d96ef33c73c9dc36) Importer(815301076,1909f56bfc062723c751e8b465ee728b)
Start importing Assets/Models/kenney_racingkit2/Isometric/roadCornerLargerSandInner_NW.png using Guid(93139ca243879884d96ef33c73c9dc36) Importer(815301076,1909f56bfc062723c751e8b465ee728b)  -> (artifact id: 'e1ae73cbcb8289b8c65624428ab8f26e') in 0.013567 seconds 
========================================================================
Received Import Request.
  Time since last request: 0.000024 seconds.
  path: Assets/Models/kenney_racingkit2/Isometric/roadCornerLargerWallInner_SW.png
  artifactKey: Guid(7eb2d90a5bd8206459b513974a08691d) Importer(815301076,1909f56bfc062723c751e8b465ee728b)
Start importing Assets/Models/kenney_racingkit2/Isometric/roadCornerLargerWallInner_SW.png using Guid(7eb2d90a5bd8206459b513974a08691d) Importer(815301076,1909f56bfc062723c751e8b465ee728b)  -> (artifact id: 'fd93e0800576209a3e6432ac6196ea0e') in 0.026314 seconds 
========================================================================
Received Import Request.
  Time since last request: 0.000024 seconds.
  path: Assets/Models/kenney_racingkit2/Isometric/roadCornerLargerWall_NE.png
  artifactKey: Guid(1a461b9357690d747b23580adc39acfa) Importer(815301076,1909f56bfc062723c751e8b465ee728b)
Start importing Assets/Models/kenney_racingkit2/Isometric/roadCornerLargerWall_NE.png using Guid(1a461b9357690d747b23580adc39acfa) Importer(815301076,1909f56bfc062723c751e8b465ee728b)  -> (artifact id: 'c32c1446c4a87edbcd74ed5f2971083a') in 0.017624 seconds 
========================================================================
Received Import Request.
  Time since last request: 0.000027 seconds.
  path: Assets/Models/kenney_racingkit2/Isometric/roadCornerLargerWallInner_SE.png
  artifactKey: Guid(037cd14070c27134a904da52d5638673) Importer(815301076,1909f56bfc062723c751e8b465ee728b)
Start importing Assets/Models/kenney_racingkit2/Isometric/roadCornerLargerWallInner_SE.png using Guid(037cd14070c27134a904da52d5638673) Importer(815301076,1909f56bfc062723c751e8b465ee728b)  -> (artifact id: 'b4eedc5f0161fe9a16bc03352409aeef') in 0.025110 seconds 
========================================================================
Received Import Request.
  Time since last request: 0.548619 seconds.
  path: Assets/Models/kenney_racingkit2/Isometric/roadCornerLargeSandInner_SE.png
  artifactKey: Guid(263680374c4f8964c97fef56b2a3a0b9) Importer(815301076,1909f56bfc062723c751e8b465ee728b)
Start importing Assets/Models/kenney_racingkit2/Isometric/roadCornerLargeSandInner_SE.png using Guid(263680374c4f8964c97fef56b2a3a0b9) Importer(815301076,1909f56bfc062723c751e8b465ee728b)  -> (artifact id: '7bad25d93f7c6ac399085a420653088b') in 0.017462 seconds 
========================================================================
Received Import Request.
  Time since last request: 0.000023 seconds.
  path: Assets/Models/kenney_racingkit2/Isometric/roadCornerSmall_NW.png
  artifactKey: Guid(6dae19e4ca85ee149b6556d3ec5018bf) Importer(815301076,1909f56bfc062723c751e8b465ee728b)
Start importing Assets/Models/kenney_racingkit2/Isometric/roadCornerSmall_NW.png using Guid(6dae19e4ca85ee149b6556d3ec5018bf) Importer(815301076,1909f56bfc062723c751e8b465ee728b)  -> (artifact id: 'db7ab5c0760dbb5cb704fac6249162ee') in 0.013368 seconds 
========================================================================
Received Import Request.
  Time since last request: 0.000029 seconds.
  path: Assets/Models/kenney_racingkit2/Isometric/roadCornerLargeSandInner_SW.png
  artifactKey: Guid(ef8e7551e1ef62b4cb0e415bd2b59cc4) Importer(815301076,1909f56bfc062723c751e8b465ee728b)
Start importing Assets/Models/kenney_racingkit2/Isometric/roadCornerLargeSandInner_SW.png using Guid(ef8e7551e1ef62b4cb0e415bd2b59cc4) Importer(815301076,1909f56bfc062723c751e8b465ee728b)  -> (artifact id: '43e5f3522a09ff798497b29221bb9ab3') in 0.012474 seconds 
========================================================================
Received Import Request.
  Time since last request: 0.000028 seconds.
  path: Assets/Models/kenney_racingkit2/Isometric/roadCornerSmallBorder_SE.png
  artifactKey: Guid(4153e9c83048a9a4f87903101d496ff3) Importer(815301076,1909f56bfc062723c751e8b465ee728b)
Start importing Assets/Models/kenney_racingkit2/Isometric/roadCornerSmallBorder_SE.png using Guid(4153e9c83048a9a4f87903101d496ff3) Importer(815301076,1909f56bfc062723c751e8b465ee728b)  -> (artifact id: '8495614eaeedcd05f82758e7c13c6a6a') in 0.012970 seconds 
========================================================================
Received Import Request.
  Time since last request: 0.410582 seconds.
  path: Assets/Models/kenney_racingkit2/Isometric/roadCornerSmallSquare_SE.png
  artifactKey: Guid(2c7a5b2c2b8245147a4667a7368952c8) Importer(815301076,1909f56bfc062723c751e8b465ee728b)
Start importing Assets/Models/kenney_racingkit2/Isometric/roadCornerSmallSquare_SE.png using Guid(2c7a5b2c2b8245147a4667a7368952c8) Importer(815301076,1909f56bfc062723c751e8b465ee728b)  -> (artifact id: 'b4d890316d19d88531347432c6e9230a') in 0.016460 seconds 
========================================================================
Received Import Request.
  Time since last request: 0.000034 seconds.
  path: Assets/Models/kenney_racingkit2/Isometric/roadCurved_SW.png
  artifactKey: Guid(a0eac2c4df69f6543b2abdfa2bdd9885) Importer(815301076,1909f56bfc062723c751e8b465ee728b)
Start importing Assets/Models/kenney_racingkit2/Isometric/roadCurved_SW.png using Guid(a0eac2c4df69f6543b2abdfa2bdd9885) Importer(815301076,1909f56bfc062723c751e8b465ee728b)  -> (artifact id: '5bde936207fde8a9bc85bbb63ddbceff') in 0.016155 seconds 
========================================================================
Received Import Request.
  Time since last request: 0.000040 seconds.
  path: Assets/Models/kenney_racingkit2/Isometric/roadCrossing_NE.png
  artifactKey: Guid(9eee3b8a205a62d40ac396af77b8e46f) Importer(815301076,1909f56bfc062723c751e8b465ee728b)
Start importing Assets/Models/kenney_racingkit2/Isometric/roadCrossing_NE.png using Guid(9eee3b8a205a62d40ac396af77b8e46f) Importer(815301076,1909f56bfc062723c751e8b465ee728b)  -> (artifact id: '277bcadc7205f1398cb4b0f98cb977d9') in 0.013633 seconds 
========================================================================
Received Import Request.
  Time since last request: 0.000023 seconds.
  path: Assets/Models/kenney_racingkit2/Isometric/roadCornerSmallWall_NW.png
  artifactKey: Guid(d91104bc922f51c41943bcd093f2cd18) Importer(815301076,1909f56bfc062723c751e8b465ee728b)
Start importing Assets/Models/kenney_racingkit2/Isometric/roadCornerSmallWall_NW.png using Guid(d91104bc922f51c41943bcd093f2cd18) Importer(815301076,1909f56bfc062723c751e8b465ee728b)  -> (artifact id: '0e26925fdf6fadc21cd09f2f08113db6') in 0.012019 seconds 
========================================================================
Received Import Request.
  Time since last request: 0.065760 seconds.
  path: Assets/Models/kenney_racingkit2/Isometric/roadPitEntry_SE.png
  artifactKey: Guid(aee073da388c9fd4a9f1848b27c96178) Importer(815301076,1909f56bfc062723c751e8b465ee728b)
Start importing Assets/Models/kenney_racingkit2/Isometric/roadPitEntry_SE.png using Guid(aee073da388c9fd4a9f1848b27c96178) Importer(815301076,1909f56bfc062723c751e8b465ee728b)  -> (artifact id: '790952783cfe29d3874e4d0bd7a04d8f') in 0.016916 seconds 
========================================================================
Received Import Request.
  Time since last request: 0.000025 seconds.
  path: Assets/Models/kenney_racingkit2/Isometric/roadPitGarage_SE.png
  artifactKey: Guid(1b53c41ad303ff4469871cfafbe240bc) Importer(815301076,1909f56bfc062723c751e8b465ee728b)
Start importing Assets/Models/kenney_racingkit2/Isometric/roadPitGarage_SE.png using Guid(1b53c41ad303ff4469871cfafbe240bc) Importer(815301076,1909f56bfc062723c751e8b465ee728b)  -> (artifact id: 'e91ee9b51c30cdd537f94250a6fbb5bb') in 0.012963 seconds 
========================================================================
Received Import Request.
  Time since last request: 0.000027 seconds.
  path: Assets/Models/kenney_racingkit2/Isometric/roadPitStraight_NE.png
  artifactKey: Guid(e54aea61e3007054fb36b613959f865f) Importer(815301076,1909f56bfc062723c751e8b465ee728b)
Start importing Assets/Models/kenney_racingkit2/Isometric/roadPitStraight_NE.png using Guid(e54aea61e3007054fb36b613959f865f) Importer(815301076,1909f56bfc062723c751e8b465ee728b)  -> (artifact id: '29d81abfff23e5f2e1e48be9b5249f50') in 0.015534 seconds 
========================================================================
Received Import Request.
  Time since last request: 0.000029 seconds.
  path: Assets/Models/kenney_racingkit2/Isometric/roadPitGarage_SW.png
  artifactKey: Guid(057368b97c0804144bdc06513216353f) Importer(815301076,1909f56bfc062723c751e8b465ee728b)
Start importing Assets/Models/kenney_racingkit2/Isometric/roadPitGarage_SW.png using Guid(057368b97c0804144bdc06513216353f) Importer(815301076,1909f56bfc062723c751e8b465ee728b)  -> (artifact id: 'a703f55704af1cd5bcecb24454463378') in 0.010731 seconds 
========================================================================
Received Import Request.
  Time since last request: 0.555508 seconds.
  path: Assets/Models/kenney_racingkit2/Isometric/roadRampLongCurved_SE.png
  artifactKey: Guid(7517230710a25614ebc9fddf3bf87270) Importer(815301076,1909f56bfc062723c751e8b465ee728b)
Start importing Assets/Models/kenney_racingkit2/Isometric/roadRampLongCurved_SE.png using Guid(7517230710a25614ebc9fddf3bf87270) Importer(815301076,1909f56bfc062723c751e8b465ee728b)  -> (artifact id: '9bbc3c38e42afb8b45f16d26a05c3f54') in 0.016292 seconds 
========================================================================
Received Import Request.
  Time since last request: 0.000021 seconds.
  path: Assets/Models/kenney_racingkit2/Isometric/roadRampLongWall_SE.png
  artifactKey: Guid(68318afba85f4d349a92f422d990f9a5) Importer(815301076,1909f56bfc062723c751e8b465ee728b)
Start importing Assets/Models/kenney_racingkit2/Isometric/roadRampLongWall_SE.png using Guid(68318afba85f4d349a92f422d990f9a5) Importer(815301076,1909f56bfc062723c751e8b465ee728b)  -> (artifact id: '4fc788f0359fc8cfc796f06d8849e360') in 0.013952 seconds 
========================================================================
Received Import Request.
  Time since last request: 0.000030 seconds.
  path: Assets/Models/kenney_racingkit2/Isometric/roadRampLongCurvedWall_SE.png
  artifactKey: Guid(34a9ea02d8bcb5840b7b6db736448e90) Importer(815301076,1909f56bfc062723c751e8b465ee728b)
Start importing Assets/Models/kenney_racingkit2/Isometric/roadRampLongCurvedWall_SE.png using Guid(34a9ea02d8bcb5840b7b6db736448e90) Importer(815301076,1909f56bfc062723c751e8b465ee728b)  -> (artifact id: '66d03514dd4258fcba429de6cce10608') in 0.013288 seconds 
========================================================================
Received Import Request.
  Time since last request: 0.000033 seconds.
  path: Assets/Models/kenney_racingkit2/Isometric/roadSide_SW.png
  artifactKey: Guid(ecfc017728c2fb0479c0c02c37b22cc8) Importer(815301076,1909f56bfc062723c751e8b465ee728b)
Start importing Assets/Models/kenney_racingkit2/Isometric/roadSide_SW.png using Guid(ecfc017728c2fb0479c0c02c37b22cc8) Importer(815301076,1909f56bfc062723c751e8b465ee728b)  -> (artifact id: '1ca57a2a29cb032dabde391591e369fa') in 0.013112 seconds 
========================================================================
Received Import Request.
  Time since last request: 0.506386 seconds.
  path: Assets/Models/kenney_racingkit2/Isometric/roadSplitLarge_SE.png
  artifactKey: Guid(b9efa71668269c24f8c3c6d8e9328c17) Importer(815301076,1909f56bfc062723c751e8b465ee728b)
Start importing Assets/Models/kenney_racingkit2/Isometric/roadSplitLarge_SE.png using Guid(b9efa71668269c24f8c3c6d8e9328c17) Importer(815301076,1909f56bfc062723c751e8b465ee728b)  -> (artifact id: 'b17fe75a2a2572e3fe6a65495d3aae74') in 0.017322 seconds 
========================================================================
Received Import Request.
  Time since last request: 0.000027 seconds.
  path: Assets/Models/kenney_racingkit2/Isometric/roadSplitSmall_SW.png
  artifactKey: Guid(6ccb2eba74f253341b2bdda08d7060b8) Importer(815301076,1909f56bfc062723c751e8b465ee728b)
Start importing Assets/Models/kenney_racingkit2/Isometric/roadSplitSmall_SW.png using Guid(6ccb2eba74f253341b2bdda08d7060b8) Importer(815301076,1909f56bfc062723c751e8b465ee728b)  -> (artifact id: 'a54fde501317c7dcb57fcd306f76d244') in 0.013725 seconds 
========================================================================
Received Import Request.
  Time since last request: 0.000026 seconds.
  path: Assets/Models/kenney_racingkit2/Isometric/roadSplitSmall_NW.png
  artifactKey: Guid(d3538ebd061c6064eb7f2925456e1bff) Importer(815301076,1909f56bfc062723c751e8b465ee728b)
Start importing Assets/Models/kenney_racingkit2/Isometric/roadSplitSmall_NW.png using Guid(d3538ebd061c6064eb7f2925456e1bff) Importer(815301076,1909f56bfc062723c751e8b465ee728b)  -> (artifact id: '59e2a06b97e8ca9e49ea379398174a10') in 0.012334 seconds 
========================================================================
Received Import Request.
  Time since last request: 0.000029 seconds.
  path: Assets/Models/kenney_racingkit2/Isometric/roadSplitRoundLarge_SW.png
  artifactKey: Guid(bcc0ad517a8f7ca48993974dcf212b43) Importer(815301076,1909f56bfc062723c751e8b465ee728b)
Start importing Assets/Models/kenney_racingkit2/Isometric/roadSplitRoundLarge_SW.png using Guid(bcc0ad517a8f7ca48993974dcf212b43) Importer(815301076,1909f56bfc062723c751e8b465ee728b)  -> (artifact id: 'd77fabbc755880bc69d2b9b0bbc5b409') in 0.013004 seconds 
========================================================================
Received Import Request.
  Time since last request: 0.077997 seconds.
  path: Assets/Models/kenney_racingkit2/Isometric/roadStartPositions_SE.png
  artifactKey: Guid(858f5f54ee7727b4f86267f4a59c28a4) Importer(815301076,1909f56bfc062723c751e8b465ee728b)
Start importing Assets/Models/kenney_racingkit2/Isometric/roadStartPositions_SE.png using Guid(858f5f54ee7727b4f86267f4a59c28a4) Importer(815301076,1909f56bfc062723c751e8b465ee728b)  -> (artifact id: '04c34d5f95dccde1e90f9b0b3554b064') in 0.017876 seconds 
========================================================================
Received Import Request.
  Time since last request: 0.000024 seconds.
  path: Assets/Models/kenney_racingkit2/Isometric/roadStraightArrow_SE.png
  artifactKey: Guid(d710814ac45b80747ae9f2c4f53a5caf) Importer(815301076,1909f56bfc062723c751e8b465ee728b)
Start importing Assets/Models/kenney_racingkit2/Isometric/roadStraightArrow_SE.png using Guid(d710814ac45b80747ae9f2c4f53a5caf) Importer(815301076,1909f56bfc062723c751e8b465ee728b)  -> (artifact id: 'd0b7380613660663f7b47987e7a09b32') in 0.013163 seconds 
========================================================================
Received Import Request.
  Time since last request: 0.000028 seconds.
  path: Assets/Models/kenney_racingkit2/Isometric/roadStraightBridgeMid_SW.png
  artifactKey: Guid(2c51e7080d6b5c94ea85f197edf2b6e8) Importer(815301076,1909f56bfc062723c751e8b465ee728b)
Start importing Assets/Models/kenney_racingkit2/Isometric/roadStraightBridgeMid_SW.png using Guid(2c51e7080d6b5c94ea85f197edf2b6e8) Importer(815301076,1909f56bfc062723c751e8b465ee728b)  -> (artifact id: 'f2fe24f174aecc6b31ef483870859d66') in 0.015432 seconds 
========================================================================
Received Import Request.
  Time since last request: 0.000025 seconds.
  path: Assets/Models/kenney_racingkit2/Isometric/roadStraightBridge_SW.png
  artifactKey: Guid(3f6a8a5bf448db54cb8b45c0e0e47a8d) Importer(815301076,1909f56bfc062723c751e8b465ee728b)
Start importing Assets/Models/kenney_racingkit2/Isometric/roadStraightBridge_SW.png using Guid(3f6a8a5bf448db54cb8b45c0e0e47a8d) Importer(815301076,1909f56bfc062723c751e8b465ee728b)  -> (artifact id: 'c93dc0258dfbfa4b99cd98048f4d0a0a') in 0.013150 seconds 
========================================================================
Received Import Request.
  Time since last request: 0.430774 seconds.
  path: Assets/Models/kenney_racingkit2/Isometric/roadStraightLong_SE.png
  artifactKey: Guid(265c528befd18bc4c80b0b872dab9685) Importer(815301076,1909f56bfc062723c751e8b465ee728b)
Start importing Assets/Models/kenney_racingkit2/Isometric/roadStraightLong_SE.png using Guid(265c528befd18bc4c80b0b872dab9685) Importer(815301076,1909f56bfc062723c751e8b465ee728b)  -> (artifact id: '23f8959bf1072a43395c1a30eab60c21') in 0.015656 seconds 
========================================================================
Received Import Request.
  Time since last request: 0.000033 seconds.
  path: Assets/Models/kenney_racingkit2/Isometric/roadStraightLong_SW.png
  artifactKey: Guid(dd894d861e64e964d850aa4987ba02f9) Importer(815301076,1909f56bfc062723c751e8b465ee728b)
Start importing Assets/Models/kenney_racingkit2/Isometric/roadStraightLong_SW.png using Guid(dd894d861e64e964d850aa4987ba02f9) Importer(815301076,1909f56bfc062723c751e8b465ee728b)  -> (artifact id: '0d7c1af748e7323629b7c58410da5278') in 0.013163 seconds 
========================================================================
Received Import Request.
  Time since last request: 0.000033 seconds.
  path: Assets/Models/kenney_racingkit2/Isometric/roadStraightLongMid_NE.png
  artifactKey: Guid(1432800b0d5c5714f8157583c4d8205c) Importer(815301076,1909f56bfc062723c751e8b465ee728b)
Start importing Assets/Models/kenney_racingkit2/Isometric/roadStraightLongMid_NE.png using Guid(1432800b0d5c5714f8157583c4d8205c) Importer(815301076,1909f56bfc062723c751e8b465ee728b)  -> (artifact id: '2c0deebcbd21da7c490d10aea0a7b28e') in 0.013934 seconds 
========================================================================
Received Import Request.
  Time since last request: 0.000030 seconds.
  path: Assets/Models/kenney_racingkit2/Isometric/roadStraightSkew_SW.png
  artifactKey: Guid(62560b22fdf7efd4387e65903608548c) Importer(815301076,1909f56bfc062723c751e8b465ee728b)
Start importing Assets/Models/kenney_racingkit2/Isometric/roadStraightSkew_SW.png using Guid(62560b22fdf7efd4387e65903608548c) Importer(815301076,1909f56bfc062723c751e8b465ee728b)  -> (artifact id: '9dad4b46d478a3adeec9dacb32b65345') in 0.014562 seconds 
========================================================================
Received Import Request.
  Time since last request: 0.174986 seconds.
  path: Assets/Models/kenney_racingkit2/Isometric/tentClosed_SE.png
  artifactKey: Guid(bd55937d50acc0742b62d3d37854c128) Importer(815301076,1909f56bfc062723c751e8b465ee728b)
Start importing Assets/Models/kenney_racingkit2/Isometric/tentClosed_SE.png using Guid(bd55937d50acc0742b62d3d37854c128) Importer(815301076,1909f56bfc062723c751e8b465ee728b)  -> (artifact id: '08c1105a47d74b549a81fb5ce58ddbf4') in 0.016403 seconds 
========================================================================
Received Import Request.
  Time since last request: 0.000026 seconds.
  path: Assets/Models/kenney_racingkit2/Isometric/tentLong_SW.png
  artifactKey: Guid(3bddefcbf19786943b3dda160cae6194) Importer(815301076,1909f56bfc062723c751e8b465ee728b)
Start importing Assets/Models/kenney_racingkit2/Isometric/tentLong_SW.png using Guid(3bddefcbf19786943b3dda160cae6194) Importer(815301076,1909f56bfc062723c751e8b465ee728b)  -> (artifact id: '93beff3b2959b5a8622e6ab864398780') in 0.013726 seconds 
========================================================================
Received Import Request.
  Time since last request: 0.000025 seconds.
  path: Assets/Models/kenney_racingkit2/Isometric/tentRoofDouble_NW.png
  artifactKey: Guid(a253aa0e96eebb04db3c83fc900aa8e9) Importer(815301076,1909f56bfc062723c751e8b465ee728b)
Start importing Assets/Models/kenney_racingkit2/Isometric/tentRoofDouble_NW.png using Guid(a253aa0e96eebb04db3c83fc900aa8e9) Importer(815301076,1909f56bfc062723c751e8b465ee728b)  -> (artifact id: 'f4d0185bfd7ce4853e26e3a9b52d2b4e') in 0.012717 seconds 
========================================================================
Received Import Request.
  Time since last request: 0.000027 seconds.
  path: Assets/Models/kenney_racingkit2/Isometric/tentClosed_SW.png
  artifactKey: Guid(6d6db160c779c814c874d2da01dbe0b8) Importer(815301076,1909f56bfc062723c751e8b465ee728b)
Start importing Assets/Models/kenney_racingkit2/Isometric/tentClosed_SW.png using Guid(6d6db160c779c814c874d2da01dbe0b8) Importer(815301076,1909f56bfc062723c751e8b465ee728b)  -> (artifact id: 'c90f4cd2848128f4d2ef050cc08d72a2') in 0.012463 seconds 
========================================================================
Received Import Request.
  Time since last request: 0.239702 seconds.
  path: Assets/Models/kenney_racingkit2/Isometric/treeSmall_SE.png
  artifactKey: Guid(8ae0072392fd3294c9a9a4863ad42be7) Importer(815301076,1909f56bfc062723c751e8b465ee728b)
Start importing Assets/Models/kenney_racingkit2/Isometric/treeSmall_SE.png using Guid(8ae0072392fd3294c9a9a4863ad42be7) Importer(815301076,1909f56bfc062723c751e8b465ee728b)  -> (artifact id: 'b0dc2ce1f819e3372f596707e7e4f24f') in 0.012041 seconds 
Editor requested this worker to shutdown with reason: Scaling down because of idle timeout
AssetImportWorker is now disconnected from the server
Process exiting
Exiting without the bug reporter. Application will terminate with return code 0