Using pre-set license
Built from '2021.3/staging' branch; Version is '2021.3.7f1 (24e8595d6d43) revision 2418777'; Using compiler version '192829333'; Build Type 'Release'
OS: 'Windows 10  (10.0.19044) 64bit Professional' Language: 'en' Physical Memory: 65263 MB
BatchMode: 1, IsHumanControllingUs: 0, StartBugReporterOnCrash: 0, Is64bit: 1, IsPro: 1

COMMAND LINE ARGUMENTS:
C:\Program Files\Unity 2021.3.7f1\Editor\Unity.exe
-adb2
-batchMode
-noUpm
-name
AssetImportWorker6
-projectPath
C:/Users/Holson11/Documents/GitHub/marioKart-Testing/Tutorial-Kart Controller
-logFile
Logs/AssetImportWorker6.log
-srvPort
65092
Successfully changed project path to: C:/Users/Holson11/Documents/GitHub/marioKart-Testing/Tutorial-Kart Controller
C:/Users/Holson11/Documents/GitHub/marioKart-Testing/Tutorial-Kart Controller
[UnityMemory] Configuration Parameters - Can be set up in boot.config
    "memorysetup-bucket-allocator-granularity=16"
    "memorysetup-bucket-allocator-bucket-count=8"
    "memorysetup-bucket-allocator-block-size=33554432"
    "memorysetup-bucket-allocator-block-count=8"
    "memorysetup-main-allocator-block-size=16777216"
    "memorysetup-thread-allocator-block-size=16777216"
    "memorysetup-gfx-main-allocator-block-size=16777216"
    "memorysetup-gfx-thread-allocator-block-size=16777216"
    "memorysetup-cache-allocator-block-size=4194304"
    "memorysetup-typetree-allocator-block-size=2097152"
    "memorysetup-profiler-bucket-allocator-granularity=16"
    "memorysetup-profiler-bucket-allocator-bucket-count=8"
    "memorysetup-profiler-bucket-allocator-block-size=33554432"
    "memorysetup-profiler-bucket-allocator-block-count=8"
    "memorysetup-profiler-allocator-block-size=16777216"
    "memorysetup-profiler-editor-allocator-block-size=1048576"
    "memorysetup-temp-allocator-size-main=16777216"
    "memorysetup-job-temp-allocator-block-size=2097152"
    "memorysetup-job-temp-allocator-block-size-background=1048576"
    "memorysetup-job-temp-allocator-reduction-small-platforms=262144"
    "memorysetup-temp-allocator-size-background-worker=32768"
    "memorysetup-temp-allocator-size-job-worker=262144"
    "memorysetup-temp-allocator-size-preload-manager=33554432"
    "memorysetup-temp-allocator-size-nav-mesh-worker=65536"
    "memorysetup-temp-allocator-size-audio-worker=65536"
    "memorysetup-temp-allocator-size-cloud-worker=32768"
    "memorysetup-temp-allocator-size-gi-baking-worker=262144"
    "memorysetup-temp-allocator-size-gfx=262144"
Refreshing native plugins compatible for Editor in 86.42 ms, found 5 plugins.
Preloading 0 native plugins for Editor in 0.00 ms.
Initialize engine version: 2021.3.7f1 (24e8595d6d43)
[Subsystems] Discovering subsystems at path C:/Program Files/Unity 2021.3.7f1/Editor/Data/Resources/UnitySubsystems
[Subsystems] Discovering subsystems at path C:/Users/Holson11/Documents/GitHub/marioKart-Testing/Tutorial-Kart Controller/Assets
GfxDevice: creating device client; threaded=0; jobified=0
Direct3D:
    Version:  Direct3D 11.0 [level 11.1]
    Renderer: NVIDIA GeForce RTX 2080 Ti (ID=0x1e04)
    Vendor:   NVIDIA
    VRAM:     11041 MB
    Driver:   31.0.15.2802
Initialize mono
Mono path[0] = 'C:/Program Files/Unity 2021.3.7f1/Editor/Data/Managed'
Mono path[1] = 'C:/Program Files/Unity 2021.3.7f1/Editor/Data/MonoBleedingEdge/lib/mono/unityjit-win32'
Mono config path = 'C:/Program Files/Unity 2021.3.7f1/Editor/Data/MonoBleedingEdge/etc'
Using monoOptions --debugger-agent=transport=dt_socket,embedding=1,server=y,suspend=n,address=127.0.0.1:56316
Begin MonoManager ReloadAssembly
Registering precompiled unity dll's ...
Register platform support module: C:/Program Files/Unity 2021.3.7f1/Editor/Data/PlaybackEngines/WindowsStandaloneSupport/UnityEditor.WindowsStandalone.Extensions.dll
Registered in 0.006124 seconds.
Native extension for WindowsStandalone target not found
Refreshing native plugins compatible for Editor in 59.53 ms, found 5 plugins.
Preloading 0 native plugins for Editor in 0.00 ms.
Mono: successfully reloaded assembly
- Completed reload, in  0.664 seconds
Domain Reload Profiling:
	ReloadAssembly (665ms)
		BeginReloadAssembly (72ms)
			ExecutionOrderSort (0ms)
			DisableScriptedObjects (0ms)
			BackupInstance (0ms)
			ReleaseScriptingObjects (0ms)
			CreateAndSetChildDomain (1ms)
		EndReloadAssembly (482ms)
			LoadAssemblies (69ms)
			RebuildTransferFunctionScriptingTraits (0ms)
			SetupTypeCache (105ms)
			ReleaseScriptCaches (0ms)
			RebuildScriptCaches (25ms)
			SetupLoadedEditorAssemblies (299ms)
				LogAssemblyErrors (0ms)
				InitializePlatformSupportModulesInManaged (7ms)
				SetLoadedEditorAssemblies (0ms)
				RefreshPlugins (60ms)
				BeforeProcessingInitializeOnLoad (1ms)
				ProcessInitializeOnLoadAttributes (176ms)
				ProcessInitializeOnLoadMethodAttributes (54ms)
				AfterProcessingInitializeOnLoad (0ms)
				EditorAssembliesLoaded (0ms)
			ExecutionOrderSort2 (0ms)
			AwakeInstancesAfterBackupRestoration (0ms)
Platform modules already initialized, skipping
Registering precompiled user dll's ...
Registered in 0.008908 seconds.
Begin MonoManager ReloadAssembly
Native extension for WindowsStandalone target not found
Refreshing native plugins compatible for Editor in 7.26 ms, found 5 plugins.
Preloading 0 native plugins for Editor in 0.00 ms.
Package Manager log level set to [2]
Mono: successfully reloaded assembly
- Completed reload, in  1.089 seconds
Domain Reload Profiling:
	ReloadAssembly (1091ms)
		BeginReloadAssembly (111ms)
			ExecutionOrderSort (0ms)
			DisableScriptedObjects (5ms)
			BackupInstance (0ms)
			ReleaseScriptingObjects (0ms)
			CreateAndSetChildDomain (24ms)
		EndReloadAssembly (864ms)
			LoadAssemblies (86ms)
			RebuildTransferFunctionScriptingTraits (0ms)
			SetupTypeCache (195ms)
			ReleaseScriptCaches (1ms)
			RebuildScriptCaches (48ms)
			SetupLoadedEditorAssemblies (481ms)
				LogAssemblyErrors (0ms)
				InitializePlatformSupportModulesInManaged (11ms)
				SetLoadedEditorAssemblies (1ms)
				RefreshPlugins (8ms)
				BeforeProcessingInitializeOnLoad (138ms)
				ProcessInitializeOnLoadAttributes (192ms)
				ProcessInitializeOnLoadMethodAttributes (121ms)
				AfterProcessingInitializeOnLoad (10ms)
				EditorAssembliesLoaded (0ms)
			ExecutionOrderSort2 (0ms)
			AwakeInstancesAfterBackupRestoration (15ms)
Platform modules already initialized, skipping
========================================================================
Worker process is ready to serve import requests
Launched and connected shader compiler UnityShaderCompiler.exe after 0.06 seconds
Refreshing native plugins compatible for Editor in 1.00 ms, found 5 plugins.
Preloading 0 native plugins for Editor in 0.00 ms.
Unloading 2736 Unused Serialized files (Serialized files now loaded: 0)
Unloading 63 unused Assets / (59.5 KB). Loaded Objects now: 3189.
Memory consumption went from 109.3 MB to 109.3 MB.
Total: 6.388500 ms (FindLiveObjects: 0.300700 ms CreateObjectMapping: 0.149600 ms MarkObjects: 5.828900 ms  DeleteObjects: 0.108300 ms)

AssetImportParameters requested are different than current active one (requested -> active):
  custom:video-decoder-ogg-theora: a1e56fd34408186e4bbccfd4996cb3dc -> 
  custom:container-muxer-webm: aa71ff27fc2769a1b78a27578f13a17b -> 
  custom:container-demuxer-webm: 4f35f7cbe854078d1ac9338744f61a02 -> 
  custom:video-encoder-webm-vp8: eb34c28f22e8b96e1ab97ce403110664 -> 
  custom:audio-encoder-webm-vorbis: bf7c407c2cedff20999df2af8eb42d56 -> 
  custom:framework-win-MediaFoundation: 216162199b28c13a410421893ffa2e32 -> 
  custom:container-demuxer-ogg: 62fdf1f143b41e24485cea50d1cbac27 -> 
  custom:video-decoder-webm-vp8: 9c59270c3fd7afecdb556c50c9e8de78 -> 
  custom:audio-decoder-ogg-vorbis: bf7c407c2cedff20999df2af8eb42d56 -> 
========================================================================
Received Import Request.
  Time since last request: 3001835.917082 seconds.
  path: Assets/Models/TireSTD/spm.PNG
  artifactKey: Guid(298d4acc2840d48498b56b3ef981e709) Importer(815301076,1909f56bfc062723c751e8b465ee728b)
Start importing Assets/Models/TireSTD/spm.PNG using Guid(298d4acc2840d48498b56b3ef981e709) Importer(815301076,1909f56bfc062723c751e8b465ee728b)  -> (artifact id: '67fc2c2bc974752967de293b621a44be') in 0.082145 seconds 
========================================================================
Received Import Request.
  Time since last request: 4.127027 seconds.
  path: Assets/Presets/AudioStreaming.preset
  artifactKey: Guid(86bcce7f5575b54408aa0f3a7d321039) Importer(815301076,1909f56bfc062723c751e8b465ee728b)
Start importing Assets/Presets/AudioStreaming.preset using Guid(86bcce7f5575b54408aa0f3a7d321039) Importer(815301076,1909f56bfc062723c751e8b465ee728b)  -> (artifact id: '3c1e371fefea4b1e15d981332026fdb2') in 0.007687 seconds 
========================================================================
Received Import Request.
  Time since last request: 5.820828 seconds.
  path: Assets/Sprites/Circle2.png
  artifactKey: Guid(dad082b4735b29f44af6a815012aea01) Importer(815301076,1909f56bfc062723c751e8b465ee728b)
Start importing Assets/Sprites/Circle2.png using Guid(dad082b4735b29f44af6a815012aea01) Importer(815301076,1909f56bfc062723c751e8b465ee728b)  -> (artifact id: '6a59bbc3cb5866e6a1a70bb9f2c4efbb') in 0.165157 seconds 
========================================================================
Received Import Request.
  Time since last request: 3.059921 seconds.
  path: Assets/Models/Items/Starman/ItemStar.dae
  artifactKey: Guid(074858cf589fefb4498cf5afff4e927e) Importer(815301076,1909f56bfc062723c751e8b465ee728b)
Start importing Assets/Models/Items/Starman/ItemStar.dae using Guid(074858cf589fefb4498cf5afff4e927e) Importer(815301076,1909f56bfc062723c751e8b465ee728b)  -> (artifact id: 'e4e291a4086553a591dafeba6658aa6e') in 0.109200 seconds 
========================================================================
Received Import Request.
  Time since last request: 10.954756 seconds.
  path: Assets/Models/Items/Green Red Shell/GreenFrac.mat
  artifactKey: Guid(e6c9dc401e53d5b4cab4b7e2d3ecb269) Importer(815301076,1909f56bfc062723c751e8b465ee728b)
Start importing Assets/Models/Items/Green Red Shell/GreenFrac.mat using Guid(e6c9dc401e53d5b4cab4b7e2d3ecb269) Importer(815301076,1909f56bfc062723c751e8b465ee728b)  -> (artifact id: 'b5865302fcb2e6d0dbed7550d76772ab') in 0.016344 seconds 
========================================================================
Received Import Request.
  Time since last request: 0.016966 seconds.
  path: Assets/Models/Items/Green Red Shell/ItemKoura_Spm.png
  artifactKey: Guid(e8bd1fc0c654adc43bdd5bc91903104d) Importer(815301076,1909f56bfc062723c751e8b465ee728b)
Start importing Assets/Models/Items/Green Red Shell/ItemKoura_Spm.png using Guid(e8bd1fc0c654adc43bdd5bc91903104d) Importer(815301076,1909f56bfc062723c751e8b465ee728b)  -> (artifact id: '1c7c14dd1e5e3b453a34487eb1fed4ae') in 0.012035 seconds 
========================================================================
Received Import Request.
  Time since last request: 0.000020 seconds.
  path: Assets/Models/Items/Green Red Shell/New Material.mat
  artifactKey: Guid(62f91b3b5e33f1941a2d2be53a448f0f) Importer(815301076,1909f56bfc062723c751e8b465ee728b)
Start importing Assets/Models/Items/Green Red Shell/New Material.mat using Guid(62f91b3b5e33f1941a2d2be53a448f0f) Importer(815301076,1909f56bfc062723c751e8b465ee728b)  -> (artifact id: 'cc0911d20c19a8ff54419672a84a9c22') in 0.023524 seconds 
========================================================================
Received Import Request.
  Time since last request: 0.000021 seconds.
  path: Assets/Models/Items/Green Red Shell/New Material 1.mat
  artifactKey: Guid(e7470cd9a28d78d4894f0b2355d3e8ce) Importer(815301076,1909f56bfc062723c751e8b465ee728b)
Start importing Assets/Models/Items/Green Red Shell/New Material 1.mat using Guid(e7470cd9a28d78d4894f0b2355d3e8ce) Importer(815301076,1909f56bfc062723c751e8b465ee728b)  -> (artifact id: 'fc25c3df411eabffb871a8353588c2b6') in 0.013670 seconds 
========================================================================
Received Import Request.
  Time since last request: 0.000020 seconds.
  path: Assets/Models/Items/Green Red Shell/ItemKoura_Alb.0.png
  artifactKey: Guid(44da947bb2d3e6b46929e2a08563ce47) Importer(815301076,1909f56bfc062723c751e8b465ee728b)
Start importing Assets/Models/Items/Green Red Shell/ItemKoura_Alb.0.png using Guid(44da947bb2d3e6b46929e2a08563ce47) Importer(815301076,1909f56bfc062723c751e8b465ee728b)  -> (artifact id: '8d9757e76c72ce58f3778adf45398543') in 0.024297 seconds 
========================================================================
Received Import Request.
  Time since last request: 2.406709 seconds.
  path: Assets/Models/Items/Mushroom/ItemKinoko.dae
  artifactKey: Guid(b653ec1077153e24983bd3a4ee0ab36e) Importer(815301076,1909f56bfc062723c751e8b465ee728b)
Start importing Assets/Models/Items/Mushroom/ItemKinoko.dae using Guid(b653ec1077153e24983bd3a4ee0ab36e) Importer(815301076,1909f56bfc062723c751e8b465ee728b)  -> (artifact id: '94479f94ac5280aa76e113725a361aec') in 0.025922 seconds 
========================================================================
Received Import Request.
  Time since last request: 0.000020 seconds.
  path: Assets/Models/Items/Mushroom/ItemKinoko_Nrm.png
  artifactKey: Guid(5aab8d032258d6e468174b2b55f85349) Importer(815301076,1909f56bfc062723c751e8b465ee728b)
Start importing Assets/Models/Items/Mushroom/ItemKinoko_Nrm.png using Guid(5aab8d032258d6e468174b2b55f85349) Importer(815301076,1909f56bfc062723c751e8b465ee728b)  -> (artifact id: 'f14df8dd82e2b181b6be3e6ebcacf796') in 0.011083 seconds 
========================================================================
Received Import Request.
  Time since last request: 22.178770 seconds.
  path: Assets/ExampleAssets/Materials/OBS_Mat.mat
  artifactKey: Guid(c438e5c679f1be040a135443008e2fce) Importer(815301076,1909f56bfc062723c751e8b465ee728b)
Start importing Assets/ExampleAssets/Materials/OBS_Mat.mat using Guid(c438e5c679f1be040a135443008e2fce) Importer(815301076,1909f56bfc062723c751e8b465ee728b)  -> (artifact id: '098545c2657e0facf4b370a2b81eef8a') in 0.011794 seconds 
========================================================================
Received Import Request.
  Time since last request: 0.018409 seconds.
  path: Assets/ExampleAssets/Materials/PaintLabel_Mat.mat
  artifactKey: Guid(3da4aad06945bbf4baf801c2aacbc01e) Importer(815301076,1909f56bfc062723c751e8b465ee728b)
Start importing Assets/ExampleAssets/Materials/PaintLabel_Mat.mat using Guid(3da4aad06945bbf4baf801c2aacbc01e) Importer(815301076,1909f56bfc062723c751e8b465ee728b)  -> (artifact id: '26ea59c9b9c38278783fad669455000f') in 0.011271 seconds 
========================================================================
Received Import Request.
  Time since last request: 0.000019 seconds.
  path: Assets/ExampleAssets/Materials/Plastic_Yellow_Mat.mat
  artifactKey: Guid(bd2d742ee2ce7a740ae0cf992a38be74) Importer(815301076,1909f56bfc062723c751e8b465ee728b)
Start importing Assets/ExampleAssets/Materials/Plastic_Yellow_Mat.mat using Guid(bd2d742ee2ce7a740ae0cf992a38be74) Importer(815301076,1909f56bfc062723c751e8b465ee728b)  -> (artifact id: '52c6c23f51b605ab8e89f554bde0e353') in 0.010822 seconds 
========================================================================
Received Import Request.
  Time since last request: 0.000023 seconds.
  path: Assets/ExampleAssets/Materials/Plastic_White_Mat.mat
  artifactKey: Guid(6cfe423139c361a459da7ed9831d4b1c) Importer(815301076,1909f56bfc062723c751e8b465ee728b)
Start importing Assets/ExampleAssets/Materials/Plastic_White_Mat.mat using Guid(6cfe423139c361a459da7ed9831d4b1c) Importer(815301076,1909f56bfc062723c751e8b465ee728b)  -> (artifact id: '9d9c21de141a5c9894156695b2f0e50f') in 0.010823 seconds 
========================================================================
Received Import Request.
  Time since last request: 5.168431 seconds.
  path: Assets/Materials/Player.mat
  artifactKey: Guid(fea0ee807ccbee247aa0b3d083257d46) Importer(815301076,1909f56bfc062723c751e8b465ee728b)
Start importing Assets/Materials/Player.mat using Guid(fea0ee807ccbee247aa0b3d083257d46) Importer(815301076,1909f56bfc062723c751e8b465ee728b)  -> (artifact id: 'e581e4cf244ac1f3dd6fb5ab89d668ee') in 0.015289 seconds 
========================================================================
Received Import Request.
  Time since last request: 38.706469 seconds.
  path: Assets/Sprites/Emblems/Baby Mario.png
  artifactKey: Guid(2413366105a9cb7438abb3c88c9bfcb6) Importer(815301076,1909f56bfc062723c751e8b465ee728b)
Start importing Assets/Sprites/Emblems/Baby Mario.png using Guid(2413366105a9cb7438abb3c88c9bfcb6) Importer(815301076,1909f56bfc062723c751e8b465ee728b)  -> (artifact id: '523cbba1e3213ef5aea97e3ea1306fbc') in 0.010438 seconds 
========================================================================
Received Import Request.
  Time since last request: 0.018536 seconds.
  path: Assets/Sprites/Emblems/Generic.png
  artifactKey: Guid(54118967ed3df23488a83efd76912829) Importer(815301076,1909f56bfc062723c751e8b465ee728b)
Start importing Assets/Sprites/Emblems/Generic.png using Guid(54118967ed3df23488a83efd76912829) Importer(815301076,1909f56bfc062723c751e8b465ee728b)  -> (artifact id: 'f4ae943fda5ecd9c5946991aed5af09a') in 0.011623 seconds 
========================================================================
Received Import Request.
  Time since last request: 0.000019 seconds.
  path: Assets/Sprites/Emblems/Tanooki Mario.png
  artifactKey: Guid(f458f66ff84dc4548a1a8e54e93b4f55) Importer(815301076,1909f56bfc062723c751e8b465ee728b)
Start importing Assets/Sprites/Emblems/Tanooki Mario.png using Guid(f458f66ff84dc4548a1a8e54e93b4f55) Importer(815301076,1909f56bfc062723c751e8b465ee728b)  -> (artifact id: 'c463651b4a06dff2988d6c68e74ae46f') in 0.009559 seconds 
========================================================================
Received Import Request.
  Time since last request: 0.000020 seconds.
  path: Assets/Sprites/Emblems/Wario.png
  artifactKey: Guid(8d51ea41448a2084a8876e8befab4396) Importer(815301076,1909f56bfc062723c751e8b465ee728b)
Start importing Assets/Sprites/Emblems/Wario.png using Guid(8d51ea41448a2084a8876e8befab4396) Importer(815301076,1909f56bfc062723c751e8b465ee728b)  -> (artifact id: '87650e745a231ada0ee974838835adf8') in 0.011114 seconds 
========================================================================
Received Import Request.
  Time since last request: 0.000026 seconds.
  path: Assets/Sprites/Emblems/Villager.png
  artifactKey: Guid(d4fa0fc35dbccae4cabeb1c3f5069f43) Importer(815301076,1909f56bfc062723c751e8b465ee728b)
Start importing Assets/Sprites/Emblems/Villager.png using Guid(d4fa0fc35dbccae4cabeb1c3f5069f43) Importer(815301076,1909f56bfc062723c751e8b465ee728b)  -> (artifact id: '43f7303ae3ea030d319885d945f5ec3f') in 0.009651 seconds 
========================================================================
Received Import Request.
  Time since last request: 0.000031 seconds.
  path: Assets/Sprites/Emblems/Yoshi (Red).png
  artifactKey: Guid(7f17cf0da3e137142af15598a3f08598) Importer(815301076,1909f56bfc062723c751e8b465ee728b)
Start importing Assets/Sprites/Emblems/Yoshi (Red).png using Guid(7f17cf0da3e137142af15598a3f08598) Importer(815301076,1909f56bfc062723c751e8b465ee728b)  -> (artifact id: 'bdf929f299ad8db31ed5e8d73e78408e') in 0.009635 seconds 
========================================================================
Received Import Request.
  Time since last request: 0.000021 seconds.
  path: Assets/Sprites/Emblems/Toad.png
  artifactKey: Guid(35349d9a6c438f743898b34f4ef70680) Importer(815301076,1909f56bfc062723c751e8b465ee728b)
Start importing Assets/Sprites/Emblems/Toad.png using Guid(35349d9a6c438f743898b34f4ef70680) Importer(815301076,1909f56bfc062723c751e8b465ee728b)  -> (artifact id: '4948c8f243e8c499b4b464fa4b4eaa71') in 0.010959 seconds 
========================================================================
Received Import Request.
  Time since last request: 0.000021 seconds.
  path: Assets/Sprites/Emblems/Pink Gold Peach.png
  artifactKey: Guid(34cfd9476d9c16c4bbc305dd95a96ca1) Importer(815301076,1909f56bfc062723c751e8b465ee728b)
Start importing Assets/Sprites/Emblems/Pink Gold Peach.png using Guid(34cfd9476d9c16c4bbc305dd95a96ca1) Importer(815301076,1909f56bfc062723c751e8b465ee728b)  -> (artifact id: 'b88d333df6e5b058bc481e3a4c906ac0') in 0.010422 seconds 
========================================================================
Received Import Request.
  Time since last request: 0.000024 seconds.
  path: Assets/Sprites/Emblems/Yoshi (Yellow).png
  artifactKey: Guid(b605bdb929d2b63498498885577ec498) Importer(815301076,1909f56bfc062723c751e8b465ee728b)
Start importing Assets/Sprites/Emblems/Yoshi (Yellow).png using Guid(b605bdb929d2b63498498885577ec498) Importer(815301076,1909f56bfc062723c751e8b465ee728b)  -> (artifact id: 'c46e14c59eef47ec8341fe40abf97b07') in 0.009445 seconds 
========================================================================
Received Import Request.
  Time since last request: 0.000022 seconds.
  path: Assets/Sprites/Emblems/Peach.png
  artifactKey: Guid(23fc833f4ec41654fa64477af3a52637) Importer(815301076,1909f56bfc062723c751e8b465ee728b)
Start importing Assets/Sprites/Emblems/Peach.png using Guid(23fc833f4ec41654fa64477af3a52637) Importer(815301076,1909f56bfc062723c751e8b465ee728b)  -> (artifact id: '299cae86e3f86df82d41313d51c2ec6e') in 0.011638 seconds 
========================================================================
Received Import Request.
  Time since last request: 20.191937 seconds.
  path: Assets/Sprites/ItemPNG/BlueShell.png
  artifactKey: Guid(71951ca778514394fb33ced6e72797f9) Importer(815301076,1909f56bfc062723c751e8b465ee728b)
Start importing Assets/Sprites/ItemPNG/BlueShell.png using Guid(71951ca778514394fb33ced6e72797f9) Importer(815301076,1909f56bfc062723c751e8b465ee728b)  -> (artifact id: '073baa99ea7b8722641d8759f215f508') in 0.032185 seconds 
========================================================================
Received Import Request.
  Time since last request: 0.000020 seconds.
  path: Assets/Sprites/ItemPNG/image_part_033.png
  artifactKey: Guid(69eae70be4aa2154180dedda1da4b29f) Importer(815301076,1909f56bfc062723c751e8b465ee728b)
Start importing Assets/Sprites/ItemPNG/image_part_033.png using Guid(69eae70be4aa2154180dedda1da4b29f) Importer(815301076,1909f56bfc062723c751e8b465ee728b)  -> (artifact id: '869d7cf5d7273112c7b18f0aa257d164') in 0.031573 seconds 
========================================================================
Received Import Request.
  Time since last request: 0.000026 seconds.
  path: Assets/Sprites/ItemPNG/image_part_030.png
  artifactKey: Guid(1f587cabd6945fa438725966b4f3a06a) Importer(815301076,1909f56bfc062723c751e8b465ee728b)
Start importing Assets/Sprites/ItemPNG/image_part_030.png using Guid(1f587cabd6945fa438725966b4f3a06a) Importer(815301076,1909f56bfc062723c751e8b465ee728b)  -> (artifact id: 'cdb63e8428a747ec5fdef10b5421def5') in 0.016748 seconds 
========================================================================
Received Import Request.
  Time since last request: 0.000031 seconds.
  path: Assets/Sprites/ItemPNG/image_part_010.png
  artifactKey: Guid(09a4bab356c997947acd5a2174fbff56) Importer(815301076,1909f56bfc062723c751e8b465ee728b)
Start importing Assets/Sprites/ItemPNG/image_part_010.png using Guid(09a4bab356c997947acd5a2174fbff56) Importer(815301076,1909f56bfc062723c751e8b465ee728b)  -> (artifact id: 'a223672788ca1ccf38dd949746c0731b') in 0.015356 seconds 
========================================================================
Received Import Request.
  Time since last request: 0.000021 seconds.
  path: Assets/Sprites/ItemPNG/image_part_031.png
  artifactKey: Guid(a289b5a69c17ec94e8b04c446a4b50a3) Importer(815301076,1909f56bfc062723c751e8b465ee728b)
Start importing Assets/Sprites/ItemPNG/image_part_031.png using Guid(a289b5a69c17ec94e8b04c446a4b50a3) Importer(815301076,1909f56bfc062723c751e8b465ee728b)  -> (artifact id: 'dfe98b7c4c56ffe7d68233aacff7472f') in 0.015446 seconds 
========================================================================
Received Import Request.
  Time since last request: 0.000023 seconds.
  path: Assets/Sprites/ItemPNG/image_part_029.png
  artifactKey: Guid(3cc59a60e28ad1141968d962df0a30a9) Importer(815301076,1909f56bfc062723c751e8b465ee728b)
Start importing Assets/Sprites/ItemPNG/image_part_029.png using Guid(3cc59a60e28ad1141968d962df0a30a9) Importer(815301076,1909f56bfc062723c751e8b465ee728b)  -> (artifact id: '244fca2ba3feb2dec0fecb0cfcc52627') in 0.014538 seconds 
========================================================================
Received Import Request.
  Time since last request: 0.000020 seconds.
  path: Assets/Sprites/ItemPNG/image_part_027.png
  artifactKey: Guid(405a924c248ea974ab48bfce3f9f002b) Importer(815301076,1909f56bfc062723c751e8b465ee728b)
Start importing Assets/Sprites/ItemPNG/image_part_027.png using Guid(405a924c248ea974ab48bfce3f9f002b) Importer(815301076,1909f56bfc062723c751e8b465ee728b)  -> (artifact id: '68db5ccd127aed205e2ab1afeade794d') in 0.016355 seconds 
========================================================================
Received Import Request.
  Time since last request: 43.877628 seconds.
  path: Assets/SteamVR/Models/vr_floppyHand.fbx
  artifactKey: Guid(395115150fc0faf40abd1994e7405303) Importer(815301076,1909f56bfc062723c751e8b465ee728b)
Start importing Assets/SteamVR/Models/vr_floppyHand.fbx using Guid(395115150fc0faf40abd1994e7405303) Importer(815301076,1909f56bfc062723c751e8b465ee728b)  -> (artifact id: '08dab8882cb734cfacf4e1e4dd501084') in 0.072090 seconds 
========================================================================
Received Import Request.
  Time since last request: 35.253833 seconds.
  path: Assets/Presets/Defaults/DirectionalLight_Default.preset
  artifactKey: Guid(463065d4f17d1d94d848aa127b94dd43) Importer(815301076,1909f56bfc062723c751e8b465ee728b)
Start importing Assets/Presets/Defaults/DirectionalLight_Default.preset using Guid(463065d4f17d1d94d848aa127b94dd43) Importer(815301076,1909f56bfc062723c751e8b465ee728b)  -> (artifact id: '7760506b6aa894a927b6e421411a6a4c') in 0.004335 seconds 
========================================================================
Received Import Request.
  Time since last request: 10.451544 seconds.
  path: Assets/Models/kenney_racingkit2/Side/barrierRed.png
  artifactKey: Guid(0486c104ae0d8cb4ca22612015384545) Importer(815301076,1909f56bfc062723c751e8b465ee728b)
Start importing Assets/Models/kenney_racingkit2/Side/barrierRed.png using Guid(0486c104ae0d8cb4ca22612015384545) Importer(815301076,1909f56bfc062723c751e8b465ee728b)  -> (artifact id: 'fe608de255dea0318ab60f4c7ec5e900') in 0.011362 seconds 
========================================================================
Received Import Request.
  Time since last request: 0.000020 seconds.
  path: Assets/Models/kenney_racingkit2/Side/lightPostModern.png
  artifactKey: Guid(ca107b66a139c8c4ea5bfececf8f5107) Importer(815301076,1909f56bfc062723c751e8b465ee728b)
Start importing Assets/Models/kenney_racingkit2/Side/lightPostModern.png using Guid(ca107b66a139c8c4ea5bfececf8f5107) Importer(815301076,1909f56bfc062723c751e8b465ee728b)  -> (artifact id: '306ec99c79bc7ebcf829f10989ff2f9a') in 0.009467 seconds 
========================================================================
Received Import Request.
  Time since last request: 0.000021 seconds.
  path: Assets/Models/kenney_racingkit2/Side/grandStandAwning.png
  artifactKey: Guid(8bf67d869a517b04ebf62de01ff98608) Importer(815301076,1909f56bfc062723c751e8b465ee728b)
Start importing Assets/Models/kenney_racingkit2/Side/grandStandAwning.png using Guid(8bf67d869a517b04ebf62de01ff98608) Importer(815301076,1909f56bfc062723c751e8b465ee728b)  -> (artifact id: '96f7b483920224883ba4f9f25d44b90e') in 0.009519 seconds 
========================================================================
Received Import Request.
  Time since last request: 0.000022 seconds.
  path: Assets/Models/kenney_racingkit2/Side/roadSplitRound.png
  artifactKey: Guid(4bd4cb2af29a51049b9551fa80feb43e) Importer(815301076,1909f56bfc062723c751e8b465ee728b)
Start importing Assets/Models/kenney_racingkit2/Side/roadSplitRound.png using Guid(4bd4cb2af29a51049b9551fa80feb43e) Importer(815301076,1909f56bfc062723c751e8b465ee728b)  -> (artifact id: '12e56c0a6ef1adfe2043d631edd7c66c') in 0.009928 seconds 
========================================================================
Received Import Request.
  Time since last request: 0.000020 seconds.
  path: Assets/Models/kenney_racingkit2/Side/pitsOfficeRoof.png
  artifactKey: Guid(7dc1fb248aad58e4cb7f2d6f619d2ded) Importer(815301076,1909f56bfc062723c751e8b465ee728b)
Start importing Assets/Models/kenney_racingkit2/Side/pitsOfficeRoof.png using Guid(7dc1fb248aad58e4cb7f2d6f619d2ded) Importer(815301076,1909f56bfc062723c751e8b465ee728b)  -> (artifact id: '5a385c3c4d036e104422dffa910a669a') in 0.009515 seconds 
========================================================================
Received Import Request.
  Time since last request: 0.000021 seconds.
  path: Assets/Models/kenney_racingkit2/Side/roadStraightLongMid.png
  artifactKey: Guid(ad2199a0bde1d14428f298ed3628ede6) Importer(815301076,1909f56bfc062723c751e8b465ee728b)
Start importing Assets/Models/kenney_racingkit2/Side/roadStraightLongMid.png using Guid(ad2199a0bde1d14428f298ed3628ede6) Importer(815301076,1909f56bfc062723c751e8b465ee728b)  -> (artifact id: 'f74e8125a38c810017e8451f05891d1e') in 0.009336 seconds 
========================================================================
Received Import Request.
  Time since last request: 0.000020 seconds.
  path: Assets/Models/kenney_racingkit2/Side/flagGreen.png
  artifactKey: Guid(b766f7a4c5c06ec499d020aa487e9518) Importer(815301076,1909f56bfc062723c751e8b465ee728b)
Start importing Assets/Models/kenney_racingkit2/Side/flagGreen.png using Guid(b766f7a4c5c06ec499d020aa487e9518) Importer(815301076,1909f56bfc062723c751e8b465ee728b)  -> (artifact id: '975c9ee3fde52c49687ed8985423a193') in 0.008892 seconds 
========================================================================
Received Import Request.
  Time since last request: 0.000019 seconds.
  path: Assets/Models/kenney_racingkit2/Side/overheadRound.png
  artifactKey: Guid(b234335296eab7b44a7a5d6192b65305) Importer(815301076,1909f56bfc062723c751e8b465ee728b)
Start importing Assets/Models/kenney_racingkit2/Side/overheadRound.png using Guid(b234335296eab7b44a7a5d6192b65305) Importer(815301076,1909f56bfc062723c751e8b465ee728b)  -> (artifact id: '572bfe42825f4871c66d8b262fb52229') in 0.009583 seconds 
========================================================================
Received Import Request.
  Time since last request: 0.000024 seconds.
  path: Assets/Models/kenney_racingkit2/Side/roadSplit.png
  artifactKey: Guid(44377909480c2b84f8834e6810fb57a8) Importer(815301076,1909f56bfc062723c751e8b465ee728b)
Start importing Assets/Models/kenney_racingkit2/Side/roadSplit.png using Guid(44377909480c2b84f8834e6810fb57a8) Importer(815301076,1909f56bfc062723c751e8b465ee728b)  -> (artifact id: '296763e9bc076c18cd690ff5e24e2688') in 0.009378 seconds 
========================================================================
Received Import Request.
  Time since last request: 0.000029 seconds.
  path: Assets/Models/kenney_racingkit2/Side/overheadLights.png
  artifactKey: Guid(c452b02ebeed5144495cc4f2d63efc9e) Importer(815301076,1909f56bfc062723c751e8b465ee728b)
Start importing Assets/Models/kenney_racingkit2/Side/overheadLights.png using Guid(c452b02ebeed5144495cc4f2d63efc9e) Importer(815301076,1909f56bfc062723c751e8b465ee728b)  -> (artifact id: '427ed20dd1be3d4173d55f1fee3699e6') in 0.012319 seconds 
========================================================================
Received Import Request.
  Time since last request: 0.000019 seconds.
  path: Assets/Models/kenney_racingkit2/Side/roadCornerSmall.png
  artifactKey: Guid(cb2845004430e7c42bbaee10db0b72af) Importer(815301076,1909f56bfc062723c751e8b465ee728b)
Start importing Assets/Models/kenney_racingkit2/Side/roadCornerSmall.png using Guid(cb2845004430e7c42bbaee10db0b72af) Importer(815301076,1909f56bfc062723c751e8b465ee728b)  -> (artifact id: 'becacf3e4630b8b0a574ff1175c060ea') in 0.010906 seconds 
========================================================================
Received Import Request.
  Time since last request: 0.000019 seconds.
  path: Assets/Models/kenney_racingkit2/Side/roadSplitLarger.png
  artifactKey: Guid(e644c5710fdb31b46b155842f49a8186) Importer(815301076,1909f56bfc062723c751e8b465ee728b)
Start importing Assets/Models/kenney_racingkit2/Side/roadSplitLarger.png using Guid(e644c5710fdb31b46b155842f49a8186) Importer(815301076,1909f56bfc062723c751e8b465ee728b)  -> (artifact id: 'ae9bac6b3a8e20855f4d92bcc7cb5a29') in 0.009499 seconds 
========================================================================
Received Import Request.
  Time since last request: 0.000023 seconds.
  path: Assets/Models/kenney_racingkit2/Side/roadStraightSkew.png
  artifactKey: Guid(4c93b14521ca568488bb8d4b8001da63) Importer(815301076,1909f56bfc062723c751e8b465ee728b)
Start importing Assets/Models/kenney_racingkit2/Side/roadStraightSkew.png using Guid(4c93b14521ca568488bb8d4b8001da63) Importer(815301076,1909f56bfc062723c751e8b465ee728b)  -> (artifact id: 'dd3d3194a2b3d713c2a2daaeded5560d') in 0.009913 seconds 
========================================================================
Received Import Request.
  Time since last request: 0.000020 seconds.
  path: Assets/Models/kenney_racingkit2/Side/roadSplitSmall.png
  artifactKey: Guid(452b3cf476847134695ae342f9c79bcf) Importer(815301076,1909f56bfc062723c751e8b465ee728b)
Start importing Assets/Models/kenney_racingkit2/Side/roadSplitSmall.png using Guid(452b3cf476847134695ae342f9c79bcf) Importer(815301076,1909f56bfc062723c751e8b465ee728b)  -> (artifact id: 'cf542530e3cf2e299f244af549ff8b7c') in 0.011083 seconds 
========================================================================
Received Import Request.
  Time since last request: 0.000022 seconds.
  path: Assets/Models/kenney_racingkit2/Side/roadRampWall.png
  artifactKey: Guid(6e51cae287f75aa4fb562d1248b85c0a) Importer(815301076,1909f56bfc062723c751e8b465ee728b)
Start importing Assets/Models/kenney_racingkit2/Side/roadRampWall.png using Guid(6e51cae287f75aa4fb562d1248b85c0a) Importer(815301076,1909f56bfc062723c751e8b465ee728b)  -> (artifact id: 'fc777aaa58720383664a840c839beacc') in 0.009649 seconds 
========================================================================
Received Import Request.
  Time since last request: 0.000021 seconds.
  path: Assets/Models/kenney_racingkit2/Side/roadStraightBridgeMid.png
  artifactKey: Guid(ec893ef0b4a97eb4db0141418c1b90c3) Importer(815301076,1909f56bfc062723c751e8b465ee728b)
Start importing Assets/Models/kenney_racingkit2/Side/roadStraightBridgeMid.png using Guid(ec893ef0b4a97eb4db0141418c1b90c3) Importer(815301076,1909f56bfc062723c751e8b465ee728b)  -> (artifact id: '7785415d9b80631819d56d7667e8b73f') in 0.011527 seconds 
========================================================================
Received Import Request.
  Time since last request: 0.000022 seconds.
  path: Assets/Models/kenney_racingkit2/Side/roadSplitRoundLarge.png
  artifactKey: Guid(804ad7866a3aec64db212ad6e45f23b7) Importer(815301076,1909f56bfc062723c751e8b465ee728b)
Start importing Assets/Models/kenney_racingkit2/Side/roadSplitRoundLarge.png using Guid(804ad7866a3aec64db212ad6e45f23b7) Importer(815301076,1909f56bfc062723c751e8b465ee728b)  -> (artifact id: 'fb50936668a42b9a4c1f9074b95bdebe') in 0.009623 seconds 
========================================================================
Received Import Request.
  Time since last request: 0.000020 seconds.
  path: Assets/Models/kenney_racingkit2/Side/grandStand.png
  artifactKey: Guid(49ed0182a76d14942b68ef9580bca9b9) Importer(815301076,1909f56bfc062723c751e8b465ee728b)
Start importing Assets/Models/kenney_racingkit2/Side/grandStand.png using Guid(49ed0182a76d14942b68ef9580bca9b9) Importer(815301076,1909f56bfc062723c751e8b465ee728b)  -> (artifact id: '518c1bf2c55b5d4f3a0ca6aab617de72') in 0.009350 seconds 
========================================================================
Received Import Request.
  Time since last request: 0.000026 seconds.
  path: Assets/Models/kenney_racingkit2/Side/overhead.png
  artifactKey: Guid(363638b2ee5f44c4bb6a11670c448c3b) Importer(815301076,1909f56bfc062723c751e8b465ee728b)
Start importing Assets/Models/kenney_racingkit2/Side/overhead.png using Guid(363638b2ee5f44c4bb6a11670c448c3b) Importer(815301076,1909f56bfc062723c751e8b465ee728b)  -> (artifact id: 'ce9e21e7b49b10e19f50be8dcbc5ba25') in 0.009454 seconds 
========================================================================
Received Import Request.
  Time since last request: 184.998268 seconds.
  path: Assets/Models/Glider
  artifactKey: Guid(fa5c94254f9240a419aaad2fc45abf10) Importer(815301076,1909f56bfc062723c751e8b465ee728b)
Start importing Assets/Models/Glider using Guid(fa5c94254f9240a419aaad2fc45abf10) Importer(815301076,1909f56bfc062723c751e8b465ee728b)  -> (artifact id: '070495b5b7752c07bb079eeca09e4917') in 0.002774 seconds 
========================================================================
Received Import Request.
  Time since last request: 12.882022 seconds.
  path: Assets/Models/Items/Coin/CoinCollectItem.anim
  artifactKey: Guid(df2d6f10ff0ffdd49abbe329e2141359) Importer(815301076,1909f56bfc062723c751e8b465ee728b)
Start importing Assets/Models/Items/Coin/CoinCollectItem.anim using Guid(df2d6f10ff0ffdd49abbe329e2141359) Importer(815301076,1909f56bfc062723c751e8b465ee728b)  -> (artifact id: 'eca4225e4d698479c4f608f21cb5ca96') in 0.008420 seconds 
========================================================================
Received Import Request.
  Time since last request: 0.887118 seconds.
  path: Assets/Models/Items/Coin/CoinSpin.anim
  artifactKey: Guid(d28946f8eee48fa4d98b9d18d32ecf3b) Importer(815301076,1909f56bfc062723c751e8b465ee728b)
Start importing Assets/Models/Items/Coin/CoinSpin.anim using Guid(d28946f8eee48fa4d98b9d18d32ecf3b) Importer(815301076,1909f56bfc062723c751e8b465ee728b)  -> (artifact id: '1a0b2ab8ab13b27d8d35642fbc1ebb78') in 0.003256 seconds 
========================================================================
Received Import Request.
  Time since last request: 18.228268 seconds.
  path: Assets/Models/Items/Coin/Coin2.controller
  artifactKey: Guid(b278ec5f0f3833648968af332be74377) Importer(815301076,1909f56bfc062723c751e8b465ee728b)
Start importing Assets/Models/Items/Coin/Coin2.controller using Guid(b278ec5f0f3833648968af332be74377) Importer(815301076,1909f56bfc062723c751e8b465ee728b)  -> (artifact id: '956a7da12f17bd649e077df9d1229a1e') in 0.008020 seconds 
========================================================================
Received Import Request.
  Time since last request: 306.185218 seconds.
  path: ProjectSettings/TagManager.asset
  artifactKey: Guid(00000000000000003000000000000000) Importer(815301076,1909f56bfc062723c751e8b465ee728b)
Start importing ProjectSettings/TagManager.asset using Guid(00000000000000003000000000000000) Importer(815301076,1909f56bfc062723c751e8b465ee728b)  -> (artifact id: '45075336fd3f27f89c2f014b17e5b7c9') in 0.007147 seconds 
========================================================================
Received Import Request.
  Time since last request: 581.648485 seconds.
  path: Assets/Models/Items/Bo bomb/Bob-OmbTex
  artifactKey: Guid(6b666ff6e29135f4f86c2a6ee0283c1d) Importer(815301076,1909f56bfc062723c751e8b465ee728b)
Start importing Assets/Models/Items/Bo bomb/Bob-OmbTex using Guid(6b666ff6e29135f4f86c2a6ee0283c1d) Importer(815301076,1909f56bfc062723c751e8b465ee728b)  -> (artifact id: 'f69da8577144401fc97a34d999390011') in 0.003196 seconds 
========================================================================
Received Import Request.
  Time since last request: 0.080929 seconds.
  path: Assets/Models/Items/Bo bomb/Bob-OmbTex/bake_itembomhei_g00_b00_f00.png
  artifactKey: Guid(1ba8a362b9388cf4e90b06e911dcafb2) Importer(815301076,1909f56bfc062723c751e8b465ee728b)
Start importing Assets/Models/Items/Bo bomb/Bob-OmbTex/bake_itembomhei_g00_b00_f00.png using Guid(1ba8a362b9388cf4e90b06e911dcafb2) Importer(815301076,1909f56bfc062723c751e8b465ee728b)  -> (artifact id: '25a241edbbb3ce3d4c31274f7e0be5a9') in 0.011262 seconds 
========================================================================
Received Import Request.
  Time since last request: 0.014593 seconds.
  path: Assets/Models/Items/Bo bomb/Bob-OmbTex/itembomhei_spm.png
  artifactKey: Guid(7d166ba6353121941baa744dfb21a3b8) Importer(815301076,1909f56bfc062723c751e8b465ee728b)
Start importing Assets/Models/Items/Bo bomb/Bob-OmbTex/itembomhei_spm.png using Guid(7d166ba6353121941baa744dfb21a3b8) Importer(815301076,1909f56bfc062723c751e8b465ee728b)  -> (artifact id: '4a13c6d27467cbdcda7d2615d6d2aeba') in 0.009759 seconds 
========================================================================
Received Import Request.
  Time since last request: 0.000019 seconds.
  path: Assets/Models/Items/Bo bomb/Bob-OmbTex/itembomhei_emm.png
  artifactKey: Guid(8185dcc36b9162e428a28924694dc982) Importer(815301076,1909f56bfc062723c751e8b465ee728b)
Start importing Assets/Models/Items/Bo bomb/Bob-OmbTex/itembomhei_emm.png using Guid(8185dcc36b9162e428a28924694dc982) Importer(815301076,1909f56bfc062723c751e8b465ee728b)  -> (artifact id: '250280bf8c002df59b0ed6e4053f36ea') in 0.009464 seconds 
