Using pre-set license
Built from '2021.3/staging' branch; Version is '2021.3.7f1 (24e8595d6d43) revision 2418777'; Using compiler version '192829333'; Build Type 'Release'
OS: 'Windows 10  (10.0.19044) 64bit Professional' Language: 'en' Physical Memory: 65263 MB
BatchMode: 1, IsHumanControllingUs: 0, StartBugReporterOnCrash: 0, Is64bit: 1, IsPro: 1

COMMAND LINE ARGUMENTS:
C:\Program Files\Unity 2021.3.7f1\Editor\Unity.exe
-adb2
-batchMode
-noUpm
-name
AssetImportWorker9
-projectPath
C:/Users/Holson11/Documents/GitHub/marioKart-Testing/Tutorial-Kart Controller
-logFile
Logs/AssetImportWorker9.log
-srvPort
65092
Successfully changed project path to: C:/Users/Holson11/Documents/GitHub/marioKart-Testing/Tutorial-Kart Controller
C:/Users/Holson11/Documents/GitHub/marioKart-Testing/Tutorial-Kart Controller
[UnityMemory] Configuration Parameters - Can be set up in boot.config
    "memorysetup-bucket-allocator-granularity=16"
    "memorysetup-bucket-allocator-bucket-count=8"
    "memorysetup-bucket-allocator-block-size=33554432"
    "memorysetup-bucket-allocator-block-count=8"
    "memorysetup-main-allocator-block-size=16777216"
    "memorysetup-thread-allocator-block-size=16777216"
    "memorysetup-gfx-main-allocator-block-size=16777216"
    "memorysetup-gfx-thread-allocator-block-size=16777216"
    "memorysetup-cache-allocator-block-size=4194304"
    "memorysetup-typetree-allocator-block-size=2097152"
    "memorysetup-profiler-bucket-allocator-granularity=16"
    "memorysetup-profiler-bucket-allocator-bucket-count=8"
    "memorysetup-profiler-bucket-allocator-block-size=33554432"
    "memorysetup-profiler-bucket-allocator-block-count=8"
    "memorysetup-profiler-allocator-block-size=16777216"
    "memorysetup-profiler-editor-allocator-block-size=1048576"
    "memorysetup-temp-allocator-size-main=16777216"
    "memorysetup-job-temp-allocator-block-size=2097152"
    "memorysetup-job-temp-allocator-block-size-background=1048576"
    "memorysetup-job-temp-allocator-reduction-small-platforms=262144"
    "memorysetup-temp-allocator-size-background-worker=32768"
    "memorysetup-temp-allocator-size-job-worker=262144"
    "memorysetup-temp-allocator-size-preload-manager=33554432"
    "memorysetup-temp-allocator-size-nav-mesh-worker=65536"
    "memorysetup-temp-allocator-size-audio-worker=65536"
    "memorysetup-temp-allocator-size-cloud-worker=32768"
    "memorysetup-temp-allocator-size-gi-baking-worker=262144"
    "memorysetup-temp-allocator-size-gfx=262144"
Refreshing native plugins compatible for Editor in 84.93 ms, found 5 plugins.
Preloading 0 native plugins for Editor in 0.00 ms.
Initialize engine version: 2021.3.7f1 (24e8595d6d43)
[Subsystems] Discovering subsystems at path C:/Program Files/Unity 2021.3.7f1/Editor/Data/Resources/UnitySubsystems
[Subsystems] Discovering subsystems at path C:/Users/Holson11/Documents/GitHub/marioKart-Testing/Tutorial-Kart Controller/Assets
GfxDevice: creating device client; threaded=0; jobified=0
Direct3D:
    Version:  Direct3D 11.0 [level 11.1]
    Renderer: NVIDIA GeForce RTX 2080 Ti (ID=0x1e04)
    Vendor:   NVIDIA
    VRAM:     11041 MB
    Driver:   31.0.15.2802
Initialize mono
Mono path[0] = 'C:/Program Files/Unity 2021.3.7f1/Editor/Data/Managed'
Mono path[1] = 'C:/Program Files/Unity 2021.3.7f1/Editor/Data/MonoBleedingEdge/lib/mono/unityjit-win32'
Mono config path = 'C:/Program Files/Unity 2021.3.7f1/Editor/Data/MonoBleedingEdge/etc'
Using monoOptions --debugger-agent=transport=dt_socket,embedding=1,server=y,suspend=n,address=127.0.0.1:56728
Begin MonoManager ReloadAssembly
Registering precompiled unity dll's ...
Register platform support module: C:/Program Files/Unity 2021.3.7f1/Editor/Data/PlaybackEngines/WindowsStandaloneSupport/UnityEditor.WindowsStandalone.Extensions.dll
Registered in 0.006035 seconds.
Native extension for WindowsStandalone target not found
Refreshing native plugins compatible for Editor in 58.38 ms, found 5 plugins.
Preloading 0 native plugins for Editor in 0.00 ms.
Mono: successfully reloaded assembly
- Completed reload, in  0.583 seconds
Domain Reload Profiling:
	ReloadAssembly (584ms)
		BeginReloadAssembly (72ms)
			ExecutionOrderSort (0ms)
			DisableScriptedObjects (0ms)
			BackupInstance (0ms)
			ReleaseScriptingObjects (0ms)
			CreateAndSetChildDomain (1ms)
		EndReloadAssembly (404ms)
			LoadAssemblies (69ms)
			RebuildTransferFunctionScriptingTraits (0ms)
			SetupTypeCache (95ms)
			ReleaseScriptCaches (0ms)
			RebuildScriptCaches (27ms)
			SetupLoadedEditorAssemblies (232ms)
				LogAssemblyErrors (0ms)
				InitializePlatformSupportModulesInManaged (7ms)
				SetLoadedEditorAssemblies (0ms)
				RefreshPlugins (59ms)
				BeforeProcessingInitializeOnLoad (1ms)
				ProcessInitializeOnLoadAttributes (119ms)
				ProcessInitializeOnLoadMethodAttributes (46ms)
				AfterProcessingInitializeOnLoad (0ms)
				EditorAssembliesLoaded (0ms)
			ExecutionOrderSort2 (0ms)
			AwakeInstancesAfterBackupRestoration (0ms)
Platform modules already initialized, skipping
Registering precompiled user dll's ...
Registered in 0.008685 seconds.
Begin MonoManager ReloadAssembly
Native extension for WindowsStandalone target not found
Refreshing native plugins compatible for Editor in 0.98 ms, found 5 plugins.
Preloading 0 native plugins for Editor in 0.00 ms.
Package Manager log level set to [2]
Mono: successfully reloaded assembly
- Completed reload, in  0.995 seconds
Domain Reload Profiling:
	ReloadAssembly (996ms)
		BeginReloadAssembly (115ms)
			ExecutionOrderSort (0ms)
			DisableScriptedObjects (5ms)
			BackupInstance (0ms)
			ReleaseScriptingObjects (0ms)
			CreateAndSetChildDomain (23ms)
		EndReloadAssembly (769ms)
			LoadAssemblies (87ms)
			RebuildTransferFunctionScriptingTraits (0ms)
			SetupTypeCache (192ms)
			ReleaseScriptCaches (1ms)
			RebuildScriptCaches (48ms)
			SetupLoadedEditorAssemblies (397ms)
				LogAssemblyErrors (0ms)
				InitializePlatformSupportModulesInManaged (5ms)
				SetLoadedEditorAssemblies (0ms)
				RefreshPlugins (1ms)
				BeforeProcessingInitializeOnLoad (79ms)
				ProcessInitializeOnLoadAttributes (186ms)
				ProcessInitializeOnLoadMethodAttributes (115ms)
				AfterProcessingInitializeOnLoad (10ms)
				EditorAssembliesLoaded (0ms)
			ExecutionOrderSort2 (0ms)
			AwakeInstancesAfterBackupRestoration (14ms)
Platform modules already initialized, skipping
========================================================================
Worker process is ready to serve import requests
Launched and connected shader compiler UnityShaderCompiler.exe after 0.06 seconds
Refreshing native plugins compatible for Editor in 1.38 ms, found 5 plugins.
Preloading 0 native plugins for Editor in 0.00 ms.
Unloading 2736 Unused Serialized files (Serialized files now loaded: 0)
Unloading 63 unused Assets / (59.5 KB). Loaded Objects now: 3189.
Memory consumption went from 109.3 MB to 109.3 MB.
Total: 6.245600 ms (FindLiveObjects: 0.280100 ms CreateObjectMapping: 0.124600 ms MarkObjects: 5.730700 ms  DeleteObjects: 0.109500 ms)

AssetImportParameters requested are different than current active one (requested -> active):
  custom:video-decoder-ogg-theora: a1e56fd34408186e4bbccfd4996cb3dc -> 
  custom:container-muxer-webm: aa71ff27fc2769a1b78a27578f13a17b -> 
  custom:container-demuxer-webm: 4f35f7cbe854078d1ac9338744f61a02 -> 
  custom:video-encoder-webm-vp8: eb34c28f22e8b96e1ab97ce403110664 -> 
  custom:audio-encoder-webm-vorbis: bf7c407c2cedff20999df2af8eb42d56 -> 
  custom:framework-win-MediaFoundation: 216162199b28c13a410421893ffa2e32 -> 
  custom:container-demuxer-ogg: 62fdf1f143b41e24485cea50d1cbac27 -> 
  custom:video-decoder-webm-vp8: 9c59270c3fd7afecdb556c50c9e8de78 -> 
  custom:audio-decoder-ogg-vorbis: bf7c407c2cedff20999df2af8eb42d56 -> 
========================================================================
Received Import Request.
  Time since last request: 3001890.327067 seconds.
  path: Assets/Materials/power.mat
  artifactKey: Guid(777dbabafb7b0ae4bb631381d6be891b) Importer(815301076,1909f56bfc062723c751e8b465ee728b)
Start importing Assets/Materials/power.mat using Guid(777dbabafb7b0ae4bb631381d6be891b) Importer(815301076,1909f56bfc062723c751e8b465ee728b)  -> (artifact id: '5aed395fabdbb81790f2bf1cf8f9b072') in 0.117405 seconds 
========================================================================
Received Import Request.
  Time since last request: 38.604699 seconds.
  path: Assets/Sprites/Emblems/Baby Peach.png
  artifactKey: Guid(be99cabaf1e828545b2725548ca09f27) Importer(815301076,1909f56bfc062723c751e8b465ee728b)
Start importing Assets/Sprites/Emblems/Baby Peach.png using Guid(be99cabaf1e828545b2725548ca09f27) Importer(815301076,1909f56bfc062723c751e8b465ee728b)  -> (artifact id: '7f4e606b3694c4ff1d2cb568ba058de3') in 0.029856 seconds 
========================================================================
Received Import Request.
  Time since last request: 0.000019 seconds.
  path: Assets/Sprites/Emblems/Bowser.png
  artifactKey: Guid(6f3014dc8e8cbbf4e8948bafc3d6ba9d) Importer(815301076,1909f56bfc062723c751e8b465ee728b)
Start importing Assets/Sprites/Emblems/Bowser.png using Guid(6f3014dc8e8cbbf4e8948bafc3d6ba9d) Importer(815301076,1909f56bfc062723c751e8b465ee728b)  -> (artifact id: '5726f6d32ad46664562da2756408fc85') in 0.010773 seconds 
========================================================================
Received Import Request.
  Time since last request: 0.000019 seconds.
  path: Assets/Sprites/Emblems/Yoshi.png
  artifactKey: Guid(f36381d7303fad44ea5bef0206d373f9) Importer(815301076,1909f56bfc062723c751e8b465ee728b)
Start importing Assets/Sprites/Emblems/Yoshi.png using Guid(f36381d7303fad44ea5bef0206d373f9) Importer(815301076,1909f56bfc062723c751e8b465ee728b)  -> (artifact id: '038f62004a4dfa510580a7df8c6cf358') in 0.010087 seconds 
========================================================================
Received Import Request.
  Time since last request: 0.000019 seconds.
  path: Assets/Sprites/Emblems/Mario.png
  artifactKey: Guid(fbe6636c341c3a04ea98fe134ff805d3) Importer(815301076,1909f56bfc062723c751e8b465ee728b)
Start importing Assets/Sprites/Emblems/Mario.png using Guid(fbe6636c341c3a04ea98fe134ff805d3) Importer(815301076,1909f56bfc062723c751e8b465ee728b)  -> (artifact id: 'e8d540d983a799d72f8a60e0d9ec43b4') in 0.025176 seconds 
========================================================================
Received Import Request.
  Time since last request: 0.000021 seconds.
  path: Assets/Sprites/Emblems/Larry.png
  artifactKey: Guid(50fe3faf0a7188a43955e13d09686e45) Importer(815301076,1909f56bfc062723c751e8b465ee728b)
Start importing Assets/Sprites/Emblems/Larry.png using Guid(50fe3faf0a7188a43955e13d09686e45) Importer(815301076,1909f56bfc062723c751e8b465ee728b)  -> (artifact id: '1baa5ee34b7eb658f33d98ce0c315492') in 0.009784 seconds 
========================================================================
Received Import Request.
  Time since last request: 0.000027 seconds.
  path: Assets/Sprites/Emblems/Luigi.png
  artifactKey: Guid(f6305e4164bfc7942bfeaf76095b3225) Importer(815301076,1909f56bfc062723c751e8b465ee728b)
Start importing Assets/Sprites/Emblems/Luigi.png using Guid(f6305e4164bfc7942bfeaf76095b3225) Importer(815301076,1909f56bfc062723c751e8b465ee728b)  -> (artifact id: 'cba637bf22dcf295343e9097de13bc1e') in 0.009572 seconds 
========================================================================
Received Import Request.
  Time since last request: 0.000031 seconds.
  path: Assets/Sprites/Emblems/Donkey Kong.png
  artifactKey: Guid(95a58a19b2254ca4896bf1637b207b3e) Importer(815301076,1909f56bfc062723c751e8b465ee728b)
Start importing Assets/Sprites/Emblems/Donkey Kong.png using Guid(95a58a19b2254ca4896bf1637b207b3e) Importer(815301076,1909f56bfc062723c751e8b465ee728b)  -> (artifact id: 'bbd3d7faf870459723b21f53a9b49ca3') in 0.010280 seconds 
========================================================================
Received Import Request.
  Time since last request: 0.000025 seconds.
  path: Assets/Sprites/Emblems/Ludwig.png
  artifactKey: Guid(b4ef159041f24e8458a7236eefb0677f) Importer(815301076,1909f56bfc062723c751e8b465ee728b)
Start importing Assets/Sprites/Emblems/Ludwig.png using Guid(b4ef159041f24e8458a7236eefb0677f) Importer(815301076,1909f56bfc062723c751e8b465ee728b)  -> (artifact id: '8a56fcd4e5bd6308789e6266ecdcbf35') in 0.011133 seconds 
========================================================================
Received Import Request.
  Time since last request: 20.198123 seconds.
  path: Assets/Sprites/ItemPNG/Bullet.png
  artifactKey: Guid(183d482cee8409d4e9c9d22c0c44cff2) Importer(815301076,1909f56bfc062723c751e8b465ee728b)
Start importing Assets/Sprites/ItemPNG/Bullet.png using Guid(183d482cee8409d4e9c9d22c0c44cff2) Importer(815301076,1909f56bfc062723c751e8b465ee728b)  -> (artifact id: '6c2c740a9ac496e10fc292e4c3e06457') in 0.036146 seconds 
========================================================================
Received Import Request.
  Time since last request: 0.000021 seconds.
  path: Assets/Sprites/ItemPNG/TripleBananas.png
  artifactKey: Guid(76d3b354e89733041baf5e41a2fab3ef) Importer(815301076,1909f56bfc062723c751e8b465ee728b)
Start importing Assets/Sprites/ItemPNG/TripleBananas.png using Guid(76d3b354e89733041baf5e41a2fab3ef) Importer(815301076,1909f56bfc062723c751e8b465ee728b)  -> (artifact id: 'bb0ee68da0be76da5a436434a0ab151f') in 0.035701 seconds 
========================================================================
Received Import Request.
  Time since last request: 0.000021 seconds.
  path: Assets/Sprites/ItemPNG/image_part_022.png
  artifactKey: Guid(376edc7397daa5546aa49fa6e03fa0b8) Importer(815301076,1909f56bfc062723c751e8b465ee728b)
Start importing Assets/Sprites/ItemPNG/image_part_022.png using Guid(376edc7397daa5546aa49fa6e03fa0b8) Importer(815301076,1909f56bfc062723c751e8b465ee728b)  -> (artifact id: '4f26b11333ff84563a2455b6b42ca447') in 0.015704 seconds 
========================================================================
Received Import Request.
  Time since last request: 0.000028 seconds.
  path: Assets/Sprites/ItemPNG/RedShell.png
  artifactKey: Guid(658a47e1e4ec6a94bbd6394900c99c23) Importer(815301076,1909f56bfc062723c751e8b465ee728b)
Start importing Assets/Sprites/ItemPNG/RedShell.png using Guid(658a47e1e4ec6a94bbd6394900c99c23) Importer(815301076,1909f56bfc062723c751e8b465ee728b)  -> (artifact id: 'aa37fc1378667fbbb9e94d53f7986aac') in 0.016044 seconds 
========================================================================
Received Import Request.
  Time since last request: 0.000033 seconds.
  path: Assets/Sprites/ItemPNG/GreenShell.png
  artifactKey: Guid(05c1ef4f6b230d144b113eab7670da6a) Importer(815301076,1909f56bfc062723c751e8b465ee728b)
Start importing Assets/Sprites/ItemPNG/GreenShell.png using Guid(05c1ef4f6b230d144b113eab7670da6a) Importer(815301076,1909f56bfc062723c751e8b465ee728b)  -> (artifact id: '60bb4ea0015730e0d7d879296db0d179') in 0.014687 seconds 
========================================================================
Received Import Request.
  Time since last request: 0.000027 seconds.
  path: Assets/Sprites/ItemPNG/Mushroom.png
  artifactKey: Guid(c2232b059fb47c34cb171d6fa8b4327b) Importer(815301076,1909f56bfc062723c751e8b465ee728b)
Start importing Assets/Sprites/ItemPNG/Mushroom.png using Guid(c2232b059fb47c34cb171d6fa8b4327b) Importer(815301076,1909f56bfc062723c751e8b465ee728b)  -> (artifact id: '93775ee31ceb0574602e6e623bfb088f') in 0.015033 seconds 
========================================================================
Received Import Request.
  Time since last request: 43.885378 seconds.
  path: Assets/SteamVR/Models/vr_glove_model.fbx
  artifactKey: Guid(02d2c3f5b5ca1014c8fb700e729167ae) Importer(815301076,1909f56bfc062723c751e8b465ee728b)
Start importing Assets/SteamVR/Models/vr_glove_model.fbx using Guid(02d2c3f5b5ca1014c8fb700e729167ae) Importer(815301076,1909f56bfc062723c751e8b465ee728b)  -> (artifact id: '37a6dd7e3304af0bc736ce7e7488b4d7') in 0.087111 seconds 
========================================================================
Received Import Request.
  Time since last request: 45.702724 seconds.
  path: Assets/Models/kenney_racingkit2/Side/barrierWhite.png
  artifactKey: Guid(943cc4212ccbaf249a37eb50d98c3620) Importer(815301076,1909f56bfc062723c751e8b465ee728b)
Start importing Assets/Models/kenney_racingkit2/Side/barrierWhite.png using Guid(943cc4212ccbaf249a37eb50d98c3620) Importer(815301076,1909f56bfc062723c751e8b465ee728b)  -> (artifact id: '68afbd1be846b368c369043d06ed7dbd') in 0.011809 seconds 
========================================================================
Received Import Request.
  Time since last request: 0.000021 seconds.
  path: Assets/Models/kenney_racingkit2/Side/roadCornerLargerBorderInner.png
  artifactKey: Guid(4024cbd8819ec74459241d95f58844e7) Importer(815301076,1909f56bfc062723c751e8b465ee728b)
Start importing Assets/Models/kenney_racingkit2/Side/roadCornerLargerBorderInner.png using Guid(4024cbd8819ec74459241d95f58844e7) Importer(815301076,1909f56bfc062723c751e8b465ee728b)  -> (artifact id: '7ffaca9922caa4c316f83b03c30e638e') in 0.010000 seconds 
========================================================================
Received Import Request.
  Time since last request: 0.000022 seconds.
  path: Assets/Models/kenney_racingkit2/Side/roadStraightLongBump.png
  artifactKey: Guid(1ed6a4fb6173a2a48af66d666c9a6884) Importer(815301076,1909f56bfc062723c751e8b465ee728b)
Start importing Assets/Models/kenney_racingkit2/Side/roadStraightLongBump.png using Guid(1ed6a4fb6173a2a48af66d666c9a6884) Importer(815301076,1909f56bfc062723c751e8b465ee728b)  -> (artifact id: '3f8220773f24d416b71ecfdbd0c3586d') in 0.009548 seconds 
========================================================================
Received Import Request.
  Time since last request: 0.000043 seconds.
  path: Assets/Models/kenney_racingkit2/Side/lightColored.png
  artifactKey: Guid(9a12118da664d9a45981541312c0080f) Importer(815301076,1909f56bfc062723c751e8b465ee728b)
Start importing Assets/Models/kenney_racingkit2/Side/lightColored.png using Guid(9a12118da664d9a45981541312c0080f) Importer(815301076,1909f56bfc062723c751e8b465ee728b)  -> (artifact id: 'd31e724f657e815c508a090038e64901') in 0.009400 seconds 
========================================================================
Received Import Request.
  Time since last request: 0.000022 seconds.
  path: Assets/Models/kenney_racingkit2/Side/roadCornerSmallSand.png
  artifactKey: Guid(aecc995f1e649c744bbf4b702b61324f) Importer(815301076,1909f56bfc062723c751e8b465ee728b)
Start importing Assets/Models/kenney_racingkit2/Side/roadCornerSmallSand.png using Guid(aecc995f1e649c744bbf4b702b61324f) Importer(815301076,1909f56bfc062723c751e8b465ee728b)  -> (artifact id: 'e3cf366a3e4c3aaa6245f349a9aa11e1') in 0.011275 seconds 
========================================================================
Received Import Request.
  Time since last request: 0.000022 seconds.
  path: Assets/Models/kenney_racingkit2/Side/roadStartPositions.png
  artifactKey: Guid(9194c5e9b3b4fdf44a52d50e4ea9de93) Importer(815301076,1909f56bfc062723c751e8b465ee728b)
Start importing Assets/Models/kenney_racingkit2/Side/roadStartPositions.png using Guid(9194c5e9b3b4fdf44a52d50e4ea9de93) Importer(815301076,1909f56bfc062723c751e8b465ee728b)  -> (artifact id: '2813da4d6a53ef40eff50c011e4c5dc3') in 0.009746 seconds 
========================================================================
Received Import Request.
  Time since last request: 0.000022 seconds.
  path: Assets/Models/kenney_racingkit2/Side/roadCornerSmallSquare.png
  artifactKey: Guid(73393b488001d8545ac239a99651c30e) Importer(815301076,1909f56bfc062723c751e8b465ee728b)
Start importing Assets/Models/kenney_racingkit2/Side/roadCornerSmallSquare.png using Guid(73393b488001d8545ac239a99651c30e) Importer(815301076,1909f56bfc062723c751e8b465ee728b)  -> (artifact id: '187c7b11f87c9e2ebf7a19556feaa322') in 0.009857 seconds 
========================================================================
Received Import Request.
  Time since last request: 0.000021 seconds.
  path: Assets/Models/kenney_racingkit2/Side/pitsGarage.png
  artifactKey: Guid(81e4b3c1d2eb17948a1f6d9dd9a6f074) Importer(815301076,1909f56bfc062723c751e8b465ee728b)
Start importing Assets/Models/kenney_racingkit2/Side/pitsGarage.png using Guid(81e4b3c1d2eb17948a1f6d9dd9a6f074) Importer(815301076,1909f56bfc062723c751e8b465ee728b)  -> (artifact id: '86907384a6d193e54c14e04ee3f365f5') in 0.009761 seconds 
========================================================================
Received Import Request.
  Time since last request: 0.000027 seconds.
  path: Assets/Models/kenney_racingkit2/Side/fenceStraight.png
  artifactKey: Guid(c79414bde50ff7c4a8f81282fc0bf5a4) Importer(815301076,1909f56bfc062723c751e8b465ee728b)
Start importing Assets/Models/kenney_racingkit2/Side/fenceStraight.png using Guid(c79414bde50ff7c4a8f81282fc0bf5a4) Importer(815301076,1909f56bfc062723c751e8b465ee728b)  -> (artifact id: '871eb75d5be662b02f98caac646af164') in 0.009342 seconds 
========================================================================
Received Import Request.
  Time since last request: 0.000031 seconds.
  path: Assets/Models/kenney_racingkit2/Side/grandStandCoveredRound.png
  artifactKey: Guid(566f9edceefc3884cbf21195bea2b7d7) Importer(815301076,1909f56bfc062723c751e8b465ee728b)
Start importing Assets/Models/kenney_racingkit2/Side/grandStandCoveredRound.png using Guid(566f9edceefc3884cbf21195bea2b7d7) Importer(815301076,1909f56bfc062723c751e8b465ee728b)  -> (artifact id: 'ce9c7edae1f9b639210fe935c3d768a8') in 0.010278 seconds 
========================================================================
Received Import Request.
  Time since last request: 0.000021 seconds.
  path: Assets/Models/kenney_racingkit2/Side/rail.png
  artifactKey: Guid(bc957f695fb5e36498a4cd3b787971b1) Importer(815301076,1909f56bfc062723c751e8b465ee728b)
Start importing Assets/Models/kenney_racingkit2/Side/rail.png using Guid(bc957f695fb5e36498a4cd3b787971b1) Importer(815301076,1909f56bfc062723c751e8b465ee728b)  -> (artifact id: '336ba02204079a214bd28168d9c53849') in 0.009763 seconds 
========================================================================
Received Import Request.
  Time since last request: 0.000019 seconds.
  path: Assets/Models/kenney_racingkit2/Side/pitsOfficeCorner.png
  artifactKey: Guid(fe9fd25476d75c84c82913347f9f227a) Importer(815301076,1909f56bfc062723c751e8b465ee728b)
Start importing Assets/Models/kenney_racingkit2/Side/pitsOfficeCorner.png using Guid(fe9fd25476d75c84c82913347f9f227a) Importer(815301076,1909f56bfc062723c751e8b465ee728b)  -> (artifact id: '83f7f64c58f7d85c74f2b5e5a0d5885f') in 0.010490 seconds 
========================================================================
Received Import Request.
  Time since last request: 0.000020 seconds.
  path: Assets/Models/kenney_racingkit2/Side/roadEnd.png
  artifactKey: Guid(a3d1c46d7ab46024399d2f96f234f57f) Importer(815301076,1909f56bfc062723c751e8b465ee728b)
Start importing Assets/Models/kenney_racingkit2/Side/roadEnd.png using Guid(a3d1c46d7ab46024399d2f96f234f57f) Importer(815301076,1909f56bfc062723c751e8b465ee728b)  -> (artifact id: 'c6037122dd2d7cdb0f8a88732f0a1a2d') in 0.010821 seconds 
========================================================================
Received Import Request.
  Time since last request: 0.000023 seconds.
  path: Assets/Models/kenney_racingkit2/Side/tentRoofDouble.png
  artifactKey: Guid(92aebca7c4ed69242bb1a3fe43290b32) Importer(815301076,1909f56bfc062723c751e8b465ee728b)
Start importing Assets/Models/kenney_racingkit2/Side/tentRoofDouble.png using Guid(92aebca7c4ed69242bb1a3fe43290b32) Importer(815301076,1909f56bfc062723c751e8b465ee728b)  -> (artifact id: '0851fe7cdd112053f4735fc41f7d23d6') in 0.013935 seconds 
========================================================================
Received Import Request.
  Time since last request: 0.000022 seconds.
  path: Assets/Models/kenney_racingkit2/Side/roadCornerLarger.png
  artifactKey: Guid(41390b5b337a6654ebbcdf439db8baec) Importer(815301076,1909f56bfc062723c751e8b465ee728b)
Start importing Assets/Models/kenney_racingkit2/Side/roadCornerLarger.png using Guid(41390b5b337a6654ebbcdf439db8baec) Importer(815301076,1909f56bfc062723c751e8b465ee728b)  -> (artifact id: '764521df320c2b2f214a783beddd40c9') in 0.010286 seconds 
========================================================================
Received Import Request.
  Time since last request: 0.000022 seconds.
  path: Assets/Models/kenney_racingkit2/Side/roadCornerSmallBorder.png
  artifactKey: Guid(e75e174493a27684cb94fb623efbc0ff) Importer(815301076,1909f56bfc062723c751e8b465ee728b)
Start importing Assets/Models/kenney_racingkit2/Side/roadCornerSmallBorder.png using Guid(e75e174493a27684cb94fb623efbc0ff) Importer(815301076,1909f56bfc062723c751e8b465ee728b)  -> (artifact id: 'ffe3387cbd4cd527ea493522b0f44e9a') in 0.010048 seconds 
========================================================================
Received Import Request.
  Time since last request: 0.000021 seconds.
  path: Assets/Models/kenney_racingkit2/Side/roadCornerBridgeLarge.png
  artifactKey: Guid(fe4819263ba678042a0e0e10449e79cc) Importer(815301076,1909f56bfc062723c751e8b465ee728b)
Start importing Assets/Models/kenney_racingkit2/Side/roadCornerBridgeLarge.png using Guid(fe4819263ba678042a0e0e10449e79cc) Importer(815301076,1909f56bfc062723c751e8b465ee728b)  -> (artifact id: '9648326852a0ca9548ae8d98250cd727') in 0.009903 seconds 
========================================================================
Received Import Request.
  Time since last request: 0.000021 seconds.
  path: Assets/Models/kenney_racingkit2/Side/roadCurvedSplit.png
  artifactKey: Guid(9582f401ed7552c449a9719f5cdb4a2c) Importer(815301076,1909f56bfc062723c751e8b465ee728b)
Start importing Assets/Models/kenney_racingkit2/Side/roadCurvedSplit.png using Guid(9582f401ed7552c449a9719f5cdb4a2c) Importer(815301076,1909f56bfc062723c751e8b465ee728b)  -> (artifact id: '659c1f89ce074149c6f15a06ad606783') in 0.010183 seconds 
Editor requested this worker to shutdown with reason: Scaling down because of idle timeout
AssetImportWorker is now disconnected from the server
Process exiting
Exiting without the bug reporter. Application will terminate with return code 0