Using pre-set license
Built from '2021.3/staging' branch; Version is '2021.3.7f1 (24e8595d6d43) revision 2418777'; Using compiler version '192829333'; Build Type 'Release'
OS: 'Windows 10  (10.0.19044) 64bit Professional' Language: 'en' Physical Memory: 65263 MB
BatchMode: 1, IsHumanControllingUs: 0, StartBugReporterOnCrash: 0, Is64bit: 1, IsPro: 1

COMMAND LINE ARGUMENTS:
C:\Program Files\Unity 2021.3.7f1\Editor\Unity.exe
-adb2
-batchMode
-noUpm
-name
AssetImportWorker10
-projectPath
C:/Users/Holson11/Documents/GitHub/marioKart-Testing/Tutorial-Kart Controller
-logFile
Logs/AssetImportWorker10.log
-srvPort
65092
Successfully changed project path to: C:/Users/Holson11/Documents/GitHub/marioKart-Testing/Tutorial-Kart Controller
C:/Users/Holson11/Documents/GitHub/marioKart-Testing/Tutorial-Kart Controller
[UnityMemory] Configuration Parameters - Can be set up in boot.config
    "memorysetup-bucket-allocator-granularity=16"
    "memorysetup-bucket-allocator-bucket-count=8"
    "memorysetup-bucket-allocator-block-size=33554432"
    "memorysetup-bucket-allocator-block-count=8"
    "memorysetup-main-allocator-block-size=16777216"
    "memorysetup-thread-allocator-block-size=16777216"
    "memorysetup-gfx-main-allocator-block-size=16777216"
    "memorysetup-gfx-thread-allocator-block-size=16777216"
    "memorysetup-cache-allocator-block-size=4194304"
    "memorysetup-typetree-allocator-block-size=2097152"
    "memorysetup-profiler-bucket-allocator-granularity=16"
    "memorysetup-profiler-bucket-allocator-bucket-count=8"
    "memorysetup-profiler-bucket-allocator-block-size=33554432"
    "memorysetup-profiler-bucket-allocator-block-count=8"
    "memorysetup-profiler-allocator-block-size=16777216"
    "memorysetup-profiler-editor-allocator-block-size=1048576"
    "memorysetup-temp-allocator-size-main=16777216"
    "memorysetup-job-temp-allocator-block-size=2097152"
    "memorysetup-job-temp-allocator-block-size-background=1048576"
    "memorysetup-job-temp-allocator-reduction-small-platforms=262144"
    "memorysetup-temp-allocator-size-background-worker=32768"
    "memorysetup-temp-allocator-size-job-worker=262144"
    "memorysetup-temp-allocator-size-preload-manager=33554432"
    "memorysetup-temp-allocator-size-nav-mesh-worker=65536"
    "memorysetup-temp-allocator-size-audio-worker=65536"
    "memorysetup-temp-allocator-size-cloud-worker=32768"
    "memorysetup-temp-allocator-size-gi-baking-worker=262144"
    "memorysetup-temp-allocator-size-gfx=262144"
Refreshing native plugins compatible for Editor in 84.12 ms, found 5 plugins.
Preloading 0 native plugins for Editor in 0.00 ms.
Initialize engine version: 2021.3.7f1 (24e8595d6d43)
[Subsystems] Discovering subsystems at path C:/Program Files/Unity 2021.3.7f1/Editor/Data/Resources/UnitySubsystems
[Subsystems] Discovering subsystems at path C:/Users/Holson11/Documents/GitHub/marioKart-Testing/Tutorial-Kart Controller/Assets
GfxDevice: creating device client; threaded=0; jobified=0
Direct3D:
    Version:  Direct3D 11.0 [level 11.1]
    Renderer: NVIDIA GeForce RTX 2080 Ti (ID=0x1e04)
    Vendor:   NVIDIA
    VRAM:     11041 MB
    Driver:   31.0.15.2802
Initialize mono
Mono path[0] = 'C:/Program Files/Unity 2021.3.7f1/Editor/Data/Managed'
Mono path[1] = 'C:/Program Files/Unity 2021.3.7f1/Editor/Data/MonoBleedingEdge/lib/mono/unityjit-win32'
Mono config path = 'C:/Program Files/Unity 2021.3.7f1/Editor/Data/MonoBleedingEdge/etc'
Using monoOptions --debugger-agent=transport=dt_socket,embedding=1,server=y,suspend=n,address=127.0.0.1:56636
Begin MonoManager ReloadAssembly
Registering precompiled unity dll's ...
Register platform support module: C:/Program Files/Unity 2021.3.7f1/Editor/Data/PlaybackEngines/WindowsStandaloneSupport/UnityEditor.WindowsStandalone.Extensions.dll
Registered in 0.006062 seconds.
Native extension for WindowsStandalone target not found
Refreshing native plugins compatible for Editor in 60.86 ms, found 5 plugins.
Preloading 0 native plugins for Editor in 0.00 ms.
Mono: successfully reloaded assembly
- Completed reload, in  0.581 seconds
Domain Reload Profiling:
	ReloadAssembly (582ms)
		BeginReloadAssembly (70ms)
			ExecutionOrderSort (0ms)
			DisableScriptedObjects (0ms)
			BackupInstance (0ms)
			ReleaseScriptingObjects (0ms)
			CreateAndSetChildDomain (1ms)
		EndReloadAssembly (407ms)
			LoadAssemblies (67ms)
			RebuildTransferFunctionScriptingTraits (0ms)
			SetupTypeCache (96ms)
			ReleaseScriptCaches (0ms)
			RebuildScriptCaches (24ms)
			SetupLoadedEditorAssemblies (236ms)
				LogAssemblyErrors (0ms)
				InitializePlatformSupportModulesInManaged (7ms)
				SetLoadedEditorAssemblies (0ms)
				RefreshPlugins (61ms)
				BeforeProcessingInitializeOnLoad (1ms)
				ProcessInitializeOnLoadAttributes (121ms)
				ProcessInitializeOnLoadMethodAttributes (45ms)
				AfterProcessingInitializeOnLoad (0ms)
				EditorAssembliesLoaded (0ms)
			ExecutionOrderSort2 (0ms)
			AwakeInstancesAfterBackupRestoration (0ms)
Platform modules already initialized, skipping
Registering precompiled user dll's ...
Registered in 0.008966 seconds.
Begin MonoManager ReloadAssembly
Native extension for WindowsStandalone target not found
Refreshing native plugins compatible for Editor in 1.11 ms, found 5 plugins.
Preloading 0 native plugins for Editor in 0.00 ms.
Package Manager log level set to [2]
Mono: successfully reloaded assembly
- Completed reload, in  0.980 seconds
Domain Reload Profiling:
	ReloadAssembly (981ms)
		BeginReloadAssembly (112ms)
			ExecutionOrderSort (0ms)
			DisableScriptedObjects (5ms)
			BackupInstance (0ms)
			ReleaseScriptingObjects (0ms)
			CreateAndSetChildDomain (24ms)
		EndReloadAssembly (759ms)
			LoadAssemblies (87ms)
			RebuildTransferFunctionScriptingTraits (0ms)
			SetupTypeCache (182ms)
			ReleaseScriptCaches (1ms)
			RebuildScriptCaches (44ms)
			SetupLoadedEditorAssemblies (402ms)
				LogAssemblyErrors (0ms)
				InitializePlatformSupportModulesInManaged (5ms)
				SetLoadedEditorAssemblies (0ms)
				RefreshPlugins (2ms)
				BeforeProcessingInitializeOnLoad (79ms)
				ProcessInitializeOnLoadAttributes (191ms)
				ProcessInitializeOnLoadMethodAttributes (116ms)
				AfterProcessingInitializeOnLoad (10ms)
				EditorAssembliesLoaded (0ms)
			ExecutionOrderSort2 (0ms)
			AwakeInstancesAfterBackupRestoration (14ms)
Platform modules already initialized, skipping
========================================================================
Worker process is ready to serve import requests
Launched and connected shader compiler UnityShaderCompiler.exe after 0.06 seconds
Refreshing native plugins compatible for Editor in 1.06 ms, found 5 plugins.
Preloading 0 native plugins for Editor in 0.00 ms.
Unloading 2736 Unused Serialized files (Serialized files now loaded: 0)
Unloading 63 unused Assets / (59.5 KB). Loaded Objects now: 3189.
Memory consumption went from 109.3 MB to 109.3 MB.
Total: 6.267900 ms (FindLiveObjects: 0.289800 ms CreateObjectMapping: 0.130500 ms MarkObjects: 5.740400 ms  DeleteObjects: 0.105700 ms)

AssetImportParameters requested are different than current active one (requested -> active):
  custom:video-decoder-ogg-theora: a1e56fd34408186e4bbccfd4996cb3dc -> 
  custom:container-muxer-webm: aa71ff27fc2769a1b78a27578f13a17b -> 
  custom:container-demuxer-webm: 4f35f7cbe854078d1ac9338744f61a02 -> 
  custom:video-encoder-webm-vp8: eb34c28f22e8b96e1ab97ce403110664 -> 
  custom:audio-encoder-webm-vorbis: bf7c407c2cedff20999df2af8eb42d56 -> 
  custom:framework-win-MediaFoundation: 216162199b28c13a410421893ffa2e32 -> 
  custom:container-demuxer-ogg: 62fdf1f143b41e24485cea50d1cbac27 -> 
  custom:video-decoder-webm-vp8: 9c59270c3fd7afecdb556c50c9e8de78 -> 
  custom:audio-decoder-ogg-vorbis: bf7c407c2cedff20999df2af8eb42d56 -> 
========================================================================
Received Import Request.
  Time since last request: 3001949.453343 seconds.
  path: Assets/Sprites/ItemPNG/Bobomb.png
  artifactKey: Guid(d4afeb34580eeac468c6a15ce4080fd1) Importer(815301076,1909f56bfc062723c751e8b465ee728b)
Start importing Assets/Sprites/ItemPNG/Bobomb.png using Guid(d4afeb34580eeac468c6a15ce4080fd1) Importer(815301076,1909f56bfc062723c751e8b465ee728b)  -> (artifact id: 'e709bafa1a42bc8db7d300a4a017a984') in 0.121932 seconds 
========================================================================
Received Import Request.
  Time since last request: 0.000028 seconds.
  path: Assets/Sprites/ItemPNG/image_part_002.png
  artifactKey: Guid(c93d898e2cdd6dc4d99837d6af3f395c) Importer(815301076,1909f56bfc062723c751e8b465ee728b)
Start importing Assets/Sprites/ItemPNG/image_part_002.png using Guid(c93d898e2cdd6dc4d99837d6af3f395c) Importer(815301076,1909f56bfc062723c751e8b465ee728b)  -> (artifact id: 'b56968e274879c4f958a8b1364336fbf') in 0.015550 seconds 
========================================================================
Received Import Request.
  Time since last request: 0.000031 seconds.
  path: Assets/Sprites/ItemPNG/image_part_019.png
  artifactKey: Guid(cec2e39b60f71844abfae13acf190c7c) Importer(815301076,1909f56bfc062723c751e8b465ee728b)
Start importing Assets/Sprites/ItemPNG/image_part_019.png using Guid(cec2e39b60f71844abfae13acf190c7c) Importer(815301076,1909f56bfc062723c751e8b465ee728b)  -> (artifact id: 'f79d2804cf7f077418f6f06f30ce3603') in 0.015932 seconds 
========================================================================
Received Import Request.
  Time since last request: 0.000022 seconds.
  path: Assets/Sprites/ItemPNG/image_part_011.png
  artifactKey: Guid(98b170bb4162a02459c59e7be3f66f07) Importer(815301076,1909f56bfc062723c751e8b465ee728b)
Start importing Assets/Sprites/ItemPNG/image_part_011.png using Guid(98b170bb4162a02459c59e7be3f66f07) Importer(815301076,1909f56bfc062723c751e8b465ee728b)  -> (artifact id: '1065635b8597c06351f72b6c87c70ec2') in 0.015574 seconds 
========================================================================
Received Import Request.
  Time since last request: 43.870057 seconds.
  path: Assets/SteamVR/Models/vr_glove_left_model_slim.fbx
  artifactKey: Guid(65d8eda911e0ba548a3674f65c43308b) Importer(815301076,1909f56bfc062723c751e8b465ee728b)
Start importing Assets/SteamVR/Models/vr_glove_left_model_slim.fbx using Guid(65d8eda911e0ba548a3674f65c43308b) Importer(815301076,1909f56bfc062723c751e8b465ee728b)  -> (artifact id: '784c9cfb11d49146929a73a5fb3cbd98') in 0.107508 seconds 
========================================================================
Received Import Request.
  Time since last request: 45.682492 seconds.
  path: Assets/Models/kenney_racingkit2/Side/barrierWall.png
  artifactKey: Guid(381987d18942bb444a064a80194d30c0) Importer(815301076,1909f56bfc062723c751e8b465ee728b)
Start importing Assets/Models/kenney_racingkit2/Side/barrierWall.png using Guid(381987d18942bb444a064a80194d30c0) Importer(815301076,1909f56bfc062723c751e8b465ee728b)  -> (artifact id: 'de3893a82a0b375ea49d1c2e230c33cc') in 0.011454 seconds 
========================================================================
Received Import Request.
  Time since last request: 0.000022 seconds.
  path: Assets/Models/kenney_racingkit2/Side/roadCornerLargeSandInner.png
  artifactKey: Guid(aebdd9b9b68ba0645bafc612de7687af) Importer(815301076,1909f56bfc062723c751e8b465ee728b)
Start importing Assets/Models/kenney_racingkit2/Side/roadCornerLargeSandInner.png using Guid(aebdd9b9b68ba0645bafc612de7687af) Importer(815301076,1909f56bfc062723c751e8b465ee728b)  -> (artifact id: '438286e54e48c09f873a93f9b88f2e2b') in 0.011338 seconds 
========================================================================
Received Import Request.
  Time since last request: 0.000021 seconds.
  path: Assets/Models/kenney_racingkit2/Side/billboardLow.png
  artifactKey: Guid(0fc2ef43e9410344daca93931bcd766b) Importer(815301076,1909f56bfc062723c751e8b465ee728b)
Start importing Assets/Models/kenney_racingkit2/Side/billboardLow.png using Guid(0fc2ef43e9410344daca93931bcd766b) Importer(815301076,1909f56bfc062723c751e8b465ee728b)  -> (artifact id: '93bdb3c6c5a91994f958db478cdd2647') in 0.009630 seconds 
========================================================================
Received Import Request.
  Time since last request: 0.000027 seconds.
  path: Assets/Models/kenney_racingkit2/Side/roadCornerLargerSandInner.png
  artifactKey: Guid(e2780934847273849aeb91968513d15d) Importer(815301076,1909f56bfc062723c751e8b465ee728b)
Start importing Assets/Models/kenney_racingkit2/Side/roadCornerLargerSandInner.png using Guid(e2780934847273849aeb91968513d15d) Importer(815301076,1909f56bfc062723c751e8b465ee728b)  -> (artifact id: '87b9be6676e64e5eb4afa45d68a17fa4') in 0.011004 seconds 
========================================================================
Received Import Request.
  Time since last request: 0.000020 seconds.
  path: Assets/Models/kenney_racingkit2/Side/roadCornerLargerWallInner.png
  artifactKey: Guid(35eeb46078aead546bd18ee55e32959f) Importer(815301076,1909f56bfc062723c751e8b465ee728b)
Start importing Assets/Models/kenney_racingkit2/Side/roadCornerLargerWallInner.png using Guid(35eeb46078aead546bd18ee55e32959f) Importer(815301076,1909f56bfc062723c751e8b465ee728b)  -> (artifact id: '120b2ddb6396ea05ab681c61e18fa3a2') in 0.009819 seconds 
========================================================================
Received Import Request.
  Time since last request: 0.000020 seconds.
  path: Assets/Models/kenney_racingkit2/Side/ramp.png
  artifactKey: Guid(01c5f745a1d315a479d2ff0819b57bdf) Importer(815301076,1909f56bfc062723c751e8b465ee728b)
Start importing Assets/Models/kenney_racingkit2/Side/ramp.png using Guid(01c5f745a1d315a479d2ff0819b57bdf) Importer(815301076,1909f56bfc062723c751e8b465ee728b)  -> (artifact id: 'b6974b145d459c7cdb25cb8e11237442') in 0.010293 seconds 
========================================================================
Received Import Request.
  Time since last request: 0.000021 seconds.
  path: Assets/Models/kenney_racingkit2/Side/raceCarRed.png
  artifactKey: Guid(da3f2c505f1e7024a812b834ff06765f) Importer(815301076,1909f56bfc062723c751e8b465ee728b)
Start importing Assets/Models/kenney_racingkit2/Side/raceCarRed.png using Guid(da3f2c505f1e7024a812b834ff06765f) Importer(815301076,1909f56bfc062723c751e8b465ee728b)  -> (artifact id: '49cb9cd7e29f6ce639d393b39f273538') in 0.009601 seconds 
========================================================================
Received Import Request.
  Time since last request: 0.000021 seconds.
  path: Assets/Models/kenney_racingkit2/Side/treeLarge.png
  artifactKey: Guid(e687d8a0f85a61540920e6528d7807c3) Importer(815301076,1909f56bfc062723c751e8b465ee728b)
Start importing Assets/Models/kenney_racingkit2/Side/treeLarge.png using Guid(e687d8a0f85a61540920e6528d7807c3) Importer(815301076,1909f56bfc062723c751e8b465ee728b)  -> (artifact id: '9cc9107aa9c9684584868b168e27c256') in 0.009282 seconds 
========================================================================
Received Import Request.
  Time since last request: 0.000019 seconds.
  path: Assets/Models/kenney_racingkit2/Side/lightPost_exclusive.png
  artifactKey: Guid(8fdbb384a0fda8f40b1cbd48f15760a6) Importer(815301076,1909f56bfc062723c751e8b465ee728b)
Start importing Assets/Models/kenney_racingkit2/Side/lightPost_exclusive.png using Guid(8fdbb384a0fda8f40b1cbd48f15760a6) Importer(815301076,1909f56bfc062723c751e8b465ee728b)  -> (artifact id: '7fe85c69bb0f2bc36b5b56c079c9f3e7') in 0.009316 seconds 
========================================================================
Received Import Request.
  Time since last request: 0.000023 seconds.
  path: Assets/Models/kenney_racingkit2/Side/billboardLower.png
  artifactKey: Guid(95d6e091fe3919b4ba8949b1dc92e841) Importer(815301076,1909f56bfc062723c751e8b465ee728b)
Start importing Assets/Models/kenney_racingkit2/Side/billboardLower.png using Guid(95d6e091fe3919b4ba8949b1dc92e841) Importer(815301076,1909f56bfc062723c751e8b465ee728b)  -> (artifact id: '235b1aa4c72e9dee526076dc6217b4b7') in 0.009775 seconds 
========================================================================
Received Import Request.
  Time since last request: 0.000030 seconds.
  path: Assets/Models/kenney_racingkit2/Side/tentClosed.png
  artifactKey: Guid(e2e794c47194bc040857433470aeda92) Importer(815301076,1909f56bfc062723c751e8b465ee728b)
Start importing Assets/Models/kenney_racingkit2/Side/tentClosed.png using Guid(e2e794c47194bc040857433470aeda92) Importer(815301076,1909f56bfc062723c751e8b465ee728b)  -> (artifact id: 'e64aa892fb23ce8602d83112d9886343') in 0.010317 seconds 
========================================================================
Received Import Request.
  Time since last request: 0.000020 seconds.
  path: Assets/Models/kenney_racingkit2/Side/roadCornerLargeBorder.png
  artifactKey: Guid(cab54fd8725dcd148b431415455bcb28) Importer(815301076,1909f56bfc062723c751e8b465ee728b)
Start importing Assets/Models/kenney_racingkit2/Side/roadCornerLargeBorder.png using Guid(cab54fd8725dcd148b431415455bcb28) Importer(815301076,1909f56bfc062723c751e8b465ee728b)  -> (artifact id: 'f3b6af79f5c23b3b2dd9052fa0654940') in 0.010093 seconds 
========================================================================
Received Import Request.
  Time since last request: 0.000020 seconds.
  path: Assets/Models/kenney_racingkit2/Side/grass.png
  artifactKey: Guid(ed37f6df657b2fe409fd9d96176fb074) Importer(815301076,1909f56bfc062723c751e8b465ee728b)
Start importing Assets/Models/kenney_racingkit2/Side/grass.png using Guid(ed37f6df657b2fe409fd9d96176fb074) Importer(815301076,1909f56bfc062723c751e8b465ee728b)  -> (artifact id: 'f959a6d0c82fd330abe88ee04ad66399') in 0.011627 seconds 
========================================================================
Received Import Request.
  Time since last request: 0.000019 seconds.
  path: Assets/Models/kenney_racingkit2/Side/tentLong.png
  artifactKey: Guid(be712e98c17b6b0408b93bd57b63768a) Importer(815301076,1909f56bfc062723c751e8b465ee728b)
Start importing Assets/Models/kenney_racingkit2/Side/tentLong.png using Guid(be712e98c17b6b0408b93bd57b63768a) Importer(815301076,1909f56bfc062723c751e8b465ee728b)  -> (artifact id: '96a31e128e8e00a68cfc052622743457') in 0.010011 seconds 
========================================================================
Received Import Request.
  Time since last request: 0.000019 seconds.
  path: Assets/Models/kenney_racingkit2/Side/pitsGarageCorner.png
  artifactKey: Guid(7bf3f54f841416342b65784e470b7348) Importer(815301076,1909f56bfc062723c751e8b465ee728b)
Start importing Assets/Models/kenney_racingkit2/Side/pitsGarageCorner.png using Guid(7bf3f54f841416342b65784e470b7348) Importer(815301076,1909f56bfc062723c751e8b465ee728b)  -> (artifact id: '8bae5f2156288a0b92703bfe8f1ea5d5') in 0.009836 seconds 
========================================================================
Received Import Request.
  Time since last request: 0.000021 seconds.
  path: Assets/Models/kenney_racingkit2/Side/treeSmall.png
  artifactKey: Guid(99fa79c7eed16bc459704de3f5f68705) Importer(815301076,1909f56bfc062723c751e8b465ee728b)
Start importing Assets/Models/kenney_racingkit2/Side/treeSmall.png using Guid(99fa79c7eed16bc459704de3f5f68705) Importer(815301076,1909f56bfc062723c751e8b465ee728b)  -> (artifact id: '755c7df34f5034f0cf9e8694f561e462') in 0.009684 seconds 
========================================================================
Received Import Request.
  Time since last request: 0.000020 seconds.
  path: Assets/Models/kenney_racingkit2/Side/tentRoof.png
  artifactKey: Guid(c6fdbc1f66364a24cb434ba511b58016) Importer(815301076,1909f56bfc062723c751e8b465ee728b)
Start importing Assets/Models/kenney_racingkit2/Side/tentRoof.png using Guid(c6fdbc1f66364a24cb434ba511b58016) Importer(815301076,1909f56bfc062723c751e8b465ee728b)  -> (artifact id: '8ef81e2981b1ca8e1175338be902349a') in 0.009363 seconds 
========================================================================
Received Import Request.
  Time since last request: 0.000018 seconds.
  path: Assets/Models/kenney_racingkit2/Side/roadStraightBridge.png
  artifactKey: Guid(bdc8595c1a079cd4a90157d06cb30f5c) Importer(815301076,1909f56bfc062723c751e8b465ee728b)
Start importing Assets/Models/kenney_racingkit2/Side/roadStraightBridge.png using Guid(bdc8595c1a079cd4a90157d06cb30f5c) Importer(815301076,1909f56bfc062723c751e8b465ee728b)  -> (artifact id: '1fc2b65462d61a4666cbb4591ddc5bb7') in 0.009342 seconds 
========================================================================
Received Import Request.
  Time since last request: 0.000021 seconds.
  path: Assets/Models/kenney_racingkit2/Side/tent.png
  artifactKey: Guid(41c78d2fc64ab1647b27f3d8acb17f62) Importer(815301076,1909f56bfc062723c751e8b465ee728b)
Start importing Assets/Models/kenney_racingkit2/Side/tent.png using Guid(41c78d2fc64ab1647b27f3d8acb17f62) Importer(815301076,1909f56bfc062723c751e8b465ee728b)  -> (artifact id: '530077c866072f2e5e567e4ecf3304ae') in 0.009062 seconds 
========================================================================
Received Import Request.
  Time since last request: 1104.986897 seconds.
  path: Assets/Models/Items/Bo bomb/Bob-OmbTex/itembomhei_alb.png
  artifactKey: Guid(d015c63da1db40b4c96641f20c84a05a) Importer(815301076,1909f56bfc062723c751e8b465ee728b)
Start importing Assets/Models/Items/Bo bomb/Bob-OmbTex/itembomhei_alb.png using Guid(d015c63da1db40b4c96641f20c84a05a) Importer(815301076,1909f56bfc062723c751e8b465ee728b)  -> (artifact id: '21f151ab131d4c41c903d422da720ea5') in 0.012092 seconds 
========================================================================
Received Import Request.
  Time since last request: 0.011494 seconds.
  path: Assets/Models/Items/Bo bomb/Bob-OmbTex/itembomhei_nrm.png
  artifactKey: Guid(c28fa3fc71140c046bf43413ebd59694) Importer(815301076,1909f56bfc062723c751e8b465ee728b)
Start importing Assets/Models/Items/Bo bomb/Bob-OmbTex/itembomhei_nrm.png using Guid(c28fa3fc71140c046bf43413ebd59694) Importer(815301076,1909f56bfc062723c751e8b465ee728b)  -> (artifact id: '13d0c65994d44630d0edf4aca4d46960') in 0.014787 seconds 
Editor requested this worker to shutdown with reason: Scaling down because of idle timeout
AssetImportWorker is now disconnected from the server
Process exiting
Exiting without the bug reporter. Application will terminate with return code 0