Using pre-set license
Built from '2021.3/staging' branch; Version is '2021.3.7f1 (24e8595d6d43) revision 2418777'; Using compiler version '192829333'; Build Type 'Release'
OS: 'Windows 11  (10.0.22000) 64bit Core' Language: 'en' Physical Memory: 16086 MB
BatchMode: 1, IsHumanControllingUs: 0, StartBugReporterOnCrash: 0, Is64bit: 1, IsPro: 1

COMMAND LINE ARGUMENTS:
C:\Program Files\Unity 2021.3.7f1\Editor\Unity.exe
-adb2
-batchMode
-noUpm
-name
AssetImportWorker4
-projectPath
C:/Users/kylak/OneDrive/Desktop/VR/Mariokart/marioKart-Testing/Tutorial-Kart Controller
-logFile
Logs/AssetImportWorker4.log
-srvPort
60068
Successfully changed project path to: C:/Users/kylak/OneDrive/Desktop/VR/Mariokart/marioKart-Testing/Tutorial-Kart Controller
C:/Users/kylak/OneDrive/Desktop/VR/Mariokart/marioKart-Testing/Tutorial-Kart Controller
[UnityMemory] Configuration Parameters - Can be set up in boot.config
    "memorysetup-bucket-allocator-granularity=16"
    "memorysetup-bucket-allocator-bucket-count=8"
    "memorysetup-bucket-allocator-block-size=33554432"
    "memorysetup-bucket-allocator-block-count=8"
    "memorysetup-main-allocator-block-size=16777216"
    "memorysetup-thread-allocator-block-size=16777216"
    "memorysetup-gfx-main-allocator-block-size=16777216"
    "memorysetup-gfx-thread-allocator-block-size=16777216"
    "memorysetup-cache-allocator-block-size=4194304"
    "memorysetup-typetree-allocator-block-size=2097152"
    "memorysetup-profiler-bucket-allocator-granularity=16"
    "memorysetup-profiler-bucket-allocator-bucket-count=8"
    "memorysetup-profiler-bucket-allocator-block-size=33554432"
    "memorysetup-profiler-bucket-allocator-block-count=8"
    "memorysetup-profiler-allocator-block-size=16777216"
    "memorysetup-profiler-editor-allocator-block-size=1048576"
    "memorysetup-temp-allocator-size-main=16777216"
    "memorysetup-job-temp-allocator-block-size=2097152"
    "memorysetup-job-temp-allocator-block-size-background=1048576"
    "memorysetup-job-temp-allocator-reduction-small-platforms=262144"
    "memorysetup-temp-allocator-size-background-worker=32768"
    "memorysetup-temp-allocator-size-job-worker=262144"
    "memorysetup-temp-allocator-size-preload-manager=33554432"
    "memorysetup-temp-allocator-size-nav-mesh-worker=65536"
    "memorysetup-temp-allocator-size-audio-worker=65536"
    "memorysetup-temp-allocator-size-cloud-worker=32768"
    "memorysetup-temp-allocator-size-gi-baking-worker=262144"
    "memorysetup-temp-allocator-size-gfx=262144"
Refreshing native plugins compatible for Editor in 201.94 ms, found 5 plugins.
Preloading 0 native plugins for Editor in 0.00 ms.
Initialize engine version: 2021.3.7f1 (24e8595d6d43)
[Subsystems] Discovering subsystems at path C:/Program Files/Unity 2021.3.7f1/Editor/Data/Resources/UnitySubsystems
[Subsystems] Discovering subsystems at path C:/Users/kylak/OneDrive/Desktop/VR/Mariokart/marioKart-Testing/Tutorial-Kart Controller/Assets
GfxDevice: creating device client; threaded=0; jobified=0
Direct3D:
    Version:  Direct3D 11.0 [level 11.1]
    Renderer: NVIDIA GeForce GTX 1650 Ti with Max-Q Design (ID=0x1f95)
    Vendor:   NVIDIA
    VRAM:     3962 MB
    Driver:   30.0.15.1278
Initialize mono
Mono path[0] = 'C:/Program Files/Unity 2021.3.7f1/Editor/Data/Managed'
Mono path[1] = 'C:/Program Files/Unity 2021.3.7f1/Editor/Data/MonoBleedingEdge/lib/mono/unityjit-win32'
Mono config path = 'C:/Program Files/Unity 2021.3.7f1/Editor/Data/MonoBleedingEdge/etc'
Using monoOptions --debugger-agent=transport=dt_socket,embedding=1,server=y,suspend=n,address=127.0.0.1:56004
Begin MonoManager ReloadAssembly
Registering precompiled unity dll's ...
Register platform support module: C:/Program Files/Unity 2021.3.7f1/Editor/Data/PlaybackEngines/WindowsStandaloneSupport/UnityEditor.WindowsStandalone.Extensions.dll
Registered in 0.006018 seconds.
Native extension for WindowsStandalone target not found
Refreshing native plugins compatible for Editor in 122.19 ms, found 5 plugins.
Preloading 0 native plugins for Editor in 0.00 ms.
Mono: successfully reloaded assembly
- Completed reload, in  1.115 seconds
Domain Reload Profiling:
	ReloadAssembly (1116ms)
		BeginReloadAssembly (110ms)
			ExecutionOrderSort (0ms)
			DisableScriptedObjects (0ms)
			BackupInstance (0ms)
			ReleaseScriptingObjects (0ms)
			CreateAndSetChildDomain (1ms)
		EndReloadAssembly (797ms)
			LoadAssemblies (106ms)
			RebuildTransferFunctionScriptingTraits (0ms)
			SetupTypeCache (219ms)
			ReleaseScriptCaches (0ms)
			RebuildScriptCaches (39ms)
			SetupLoadedEditorAssemblies (452ms)
				LogAssemblyErrors (0ms)
				InitializePlatformSupportModulesInManaged (9ms)
				SetLoadedEditorAssemblies (0ms)
				RefreshPlugins (122ms)
				BeforeProcessingInitializeOnLoad (2ms)
				ProcessInitializeOnLoadAttributes (246ms)
				ProcessInitializeOnLoadMethodAttributes (72ms)
				AfterProcessingInitializeOnLoad (0ms)
				EditorAssembliesLoaded (0ms)
			ExecutionOrderSort2 (0ms)
			AwakeInstancesAfterBackupRestoration (0ms)
Platform modules already initialized, skipping
Registering precompiled user dll's ...
Registered in 0.011777 seconds.
Begin MonoManager ReloadAssembly
Native extension for WindowsStandalone target not found
Refreshing native plugins compatible for Editor in 3.10 ms, found 5 plugins.
Preloading 0 native plugins for Editor in 0.00 ms.
Package Manager log level set to [2]
Mono: successfully reloaded assembly
- Completed reload, in  4.986 seconds
Domain Reload Profiling:
	ReloadAssembly (4988ms)
		BeginReloadAssembly (310ms)
			ExecutionOrderSort (0ms)
			DisableScriptedObjects (15ms)
			BackupInstance (0ms)
			ReleaseScriptingObjects (0ms)
			CreateAndSetChildDomain (55ms)
		EndReloadAssembly (4257ms)
			LoadAssemblies (254ms)
			RebuildTransferFunctionScriptingTraits (0ms)
			SetupTypeCache (920ms)
			ReleaseScriptCaches (2ms)
			RebuildScriptCaches (437ms)
			SetupLoadedEditorAssemblies (2458ms)
				LogAssemblyErrors (0ms)
				InitializePlatformSupportModulesInManaged (16ms)
				SetLoadedEditorAssemblies (2ms)
				RefreshPlugins (3ms)
				BeforeProcessingInitializeOnLoad (294ms)
				ProcessInitializeOnLoadAttributes (1585ms)
				ProcessInitializeOnLoadMethodAttributes (539ms)
				AfterProcessingInitializeOnLoad (19ms)
				EditorAssembliesLoaded (1ms)
			ExecutionOrderSort2 (0ms)
			AwakeInstancesAfterBackupRestoration (15ms)
Platform modules already initialized, skipping
========================================================================
Worker process is ready to serve import requests
Launched and connected shader compiler UnityShaderCompiler.exe after 0.16 seconds
Refreshing native plugins compatible for Editor in 12.95 ms, found 5 plugins.
Preloading 0 native plugins for Editor in 0.00 ms.
Unloading 2734 Unused Serialized files (Serialized files now loaded: 0)
Unloading 63 unused Assets / (59.1 KB). Loaded Objects now: 3186.
Memory consumption went from 109.4 MB to 109.3 MB.
Total: 19.060100 ms (FindLiveObjects: 0.496200 ms CreateObjectMapping: 0.462500 ms MarkObjects: 17.895100 ms  DeleteObjects: 0.204000 ms)

AssetImportParameters requested are different than current active one (requested -> active):
  custom:video-decoder-ogg-theora: a1e56fd34408186e4bbccfd4996cb3dc -> 
  custom:container-muxer-webm: aa71ff27fc2769a1b78a27578f13a17b -> 
  custom:container-demuxer-webm: 4f35f7cbe854078d1ac9338744f61a02 -> 
  custom:video-encoder-webm-vp8: eb34c28f22e8b96e1ab97ce403110664 -> 
  custom:video-codec-MediaFoundation-h265: 746d11721c4dcdbdad8f713fa42b33f4 -> 
  custom:audio-encoder-webm-vorbis: bf7c407c2cedff20999df2af8eb42d56 -> 
  custom:framework-win-MediaFoundation: 216162199b28c13a410421893ffa2e32 -> 
  custom:container-demuxer-ogg: 62fdf1f143b41e24485cea50d1cbac27 -> 
  custom:video-decoder-webm-vp8: 9c59270c3fd7afecdb556c50c9e8de78 -> 
  custom:audio-decoder-ogg-vorbis: bf7c407c2cedff20999df2af8eb42d56 -> 
========================================================================
Received Import Request.
  Time since last request: 76119.554152 seconds.
  path: Assets/Fantasy Skybox FREE
  artifactKey: Guid(fd6ef657bf848ba448bf694983131187) Importer(815301076,1909f56bfc062723c751e8b465ee728b)
Start importing Assets/Fantasy Skybox FREE using Guid(fd6ef657bf848ba448bf694983131187) Importer(815301076,1909f56bfc062723c751e8b465ee728b)  -> (artifact id: '917982f17682ce333c493be2dff0de3c') in 15.089132 seconds 
========================================================================
Received Import Request.
  Time since last request: 0.000053 seconds.
  path: Assets/Fantasy Skybox FREE/Cubemaps/Classic
  artifactKey: Guid(69ee00d9176dabc4687615071b161c20) Importer(815301076,1909f56bfc062723c751e8b465ee728b)
Start importing Assets/Fantasy Skybox FREE/Cubemaps/Classic using Guid(69ee00d9176dabc4687615071b161c20) Importer(815301076,1909f56bfc062723c751e8b465ee728b)  -> (artifact id: 'f1a6affee706f891174727f3b3f486e3') in 2.215661 seconds 
========================================================================
Received Import Request.
  Time since last request: 0.000051 seconds.
  path: Assets/Fantasy Skybox FREE/Cubemaps/Classic/FS000_Day_06_Sunless.mat
  artifactKey: Guid(5c8d5031ce45e4962818ca2b5426a8cf) Importer(815301076,1909f56bfc062723c751e8b465ee728b)
Start importing Assets/Fantasy Skybox FREE/Cubemaps/Classic/FS000_Day_06_Sunless.mat using Guid(5c8d5031ce45e4962818ca2b5426a8cf) Importer(815301076,1909f56bfc062723c751e8b465ee728b)  -> (artifact id: '3aa53075ef54993109cc934d487d364c') in 0.368453 seconds 
========================================================================
Received Import Request.
  Time since last request: 12.740981 seconds.
  path: Assets/Models/kenney_racingkit2/Models/FBX format/roadCornerLargeBorderInner.fbx
  artifactKey: Guid(7e308e1dd40181f4d95d100304d8809c) Importer(815301076,1909f56bfc062723c751e8b465ee728b)
Start importing Assets/Models/kenney_racingkit2/Models/FBX format/roadCornerLargeBorderInner.fbx using Guid(7e308e1dd40181f4d95d100304d8809c) Importer(815301076,1909f56bfc062723c751e8b465ee728b)  -> (artifact id: '1f664fb42251c731cee5d08e81e8f57f') in 3.915250 seconds 
========================================================================
Received Import Request.
  Time since last request: 0.000034 seconds.
  path: Assets/Models/kenney_racingkit2/Models/FBX format/roadCornerSmallWall.fbx
  artifactKey: Guid(ea9e2712e353e83488fce0b56f6eb5c0) Importer(815301076,1909f56bfc062723c751e8b465ee728b)
Start importing Assets/Models/kenney_racingkit2/Models/FBX format/roadCornerSmallWall.fbx using Guid(ea9e2712e353e83488fce0b56f6eb5c0) Importer(815301076,1909f56bfc062723c751e8b465ee728b)  -> (artifact id: '8366db669ef8ff5dd838294dc37090a1') in 0.142950 seconds 
========================================================================
Received Import Request.
  Time since last request: 0.000050 seconds.
  path: Assets/SteamVR/InteractionSystem/Longbow/Materials/TorchHead.mat
  artifactKey: Guid(67c31797bbf07114eb2d50aa3ae184e9) Importer(815301076,1909f56bfc062723c751e8b465ee728b)
Start importing Assets/SteamVR/InteractionSystem/Longbow/Materials/TorchHead.mat using Guid(67c31797bbf07114eb2d50aa3ae184e9) Importer(815301076,1909f56bfc062723c751e8b465ee728b)  -> (artifact id: '7befbb59691a60d5bdc18ed27fe6b01d') in 0.089861 seconds 
========================================================================
Received Import Request.
  Time since last request: 0.000031 seconds.
  path: Assets/Models/kenney_racingkit2/Models/FBX format/raceCarRed.fbx
  artifactKey: Guid(513f43e1e7c176c4485931829dfcaa52) Importer(815301076,1909f56bfc062723c751e8b465ee728b)
Start importing Assets/Models/kenney_racingkit2/Models/FBX format/raceCarRed.fbx using Guid(513f43e1e7c176c4485931829dfcaa52) Importer(815301076,1909f56bfc062723c751e8b465ee728b)  -> (artifact id: 'bccc71637b535bbba3484893e2e6bbf9') in 0.444591 seconds 
========================================================================
Received Import Request.
  Time since last request: 0.000035 seconds.
  path: Assets/SteamVR/InteractionSystem/Samples/Materials/ShinyWhiteHighlightedHand.mat
  artifactKey: Guid(01e070cb2f8dde54b88866d7a3896d64) Importer(815301076,1909f56bfc062723c751e8b465ee728b)
Start importing Assets/SteamVR/InteractionSystem/Samples/Materials/ShinyWhiteHighlightedHand.mat using Guid(01e070cb2f8dde54b88866d7a3896d64) Importer(815301076,1909f56bfc062723c751e8b465ee728b)  -> (artifact id: 'dbba1085b0ad2aa2d722b523c709f7ea') in 0.154575 seconds 
========================================================================
Received Import Request.
  Time since last request: 0.000051 seconds.
  path: Assets/Models/Items/Green Red Shell/FX/ItemKoura_FX03.dae
  artifactKey: Guid(dfef9b831fb3a9245bd356eae5d154b4) Importer(815301076,1909f56bfc062723c751e8b465ee728b)
Start importing Assets/Models/Items/Green Red Shell/FX/ItemKoura_FX03.dae using Guid(dfef9b831fb3a9245bd356eae5d154b4) Importer(815301076,1909f56bfc062723c751e8b465ee728b)  -> (artifact id: 'd12d5d7dde0b42a7b7d8ed65a9ac2894') in 0.302004 seconds 
========================================================================
Received Import Request.
  Time since last request: 0.000135 seconds.
  path: Assets/Models/kenney_racingkit2/Models/FBX format/roadStraightLongBumpRound.fbx
  artifactKey: Guid(dbf7f98563d23c44f9a0a026e3234191) Importer(815301076,1909f56bfc062723c751e8b465ee728b)
Start importing Assets/Models/kenney_racingkit2/Models/FBX format/roadStraightLongBumpRound.fbx using Guid(dbf7f98563d23c44f9a0a026e3234191) Importer(815301076,1909f56bfc062723c751e8b465ee728b)  -> (artifact id: '28312c7409c30b5453fea7696fba5af8') in 0.142465 seconds 
========================================================================
Received Import Request.
  Time since last request: 0.000050 seconds.
  path: Assets/Models/kenney_racingkit2/Models/FBX format/roadStraightBridgeStart.fbx
  artifactKey: Guid(43422b937bddbd54a9ec3f5b40aa3cfc) Importer(815301076,1909f56bfc062723c751e8b465ee728b)
Start importing Assets/Models/kenney_racingkit2/Models/FBX format/roadStraightBridgeStart.fbx using Guid(43422b937bddbd54a9ec3f5b40aa3cfc) Importer(815301076,1909f56bfc062723c751e8b465ee728b)  -> (artifact id: 'e0e6cec54abe78454ea25e3c084a1e50') in 0.156198 seconds 
========================================================================
Received Import Request.
  Time since last request: 0.000157 seconds.
  path: Assets/Models/Items/Green Red Shell/FX/ItemKoura_FX02.dae
  artifactKey: Guid(11ca9b9cef75ef54da2b8c9ca34f70fd) Importer(815301076,1909f56bfc062723c751e8b465ee728b)
Start importing Assets/Models/Items/Green Red Shell/FX/ItemKoura_FX02.dae using Guid(11ca9b9cef75ef54da2b8c9ca34f70fd) Importer(815301076,1909f56bfc062723c751e8b465ee728b)  -> (artifact id: 'a791abb02b46ff5fa24d5d6d8059c6b4') in 0.202315 seconds 
========================================================================
Received Import Request.
  Time since last request: 0.000068 seconds.
  path: Assets/SteamVR/InteractionSystem/Teleport/Materials/TeleportAreaHighlighted.mat
  artifactKey: Guid(a8cac5516702311429fe7478ff4d7d05) Importer(815301076,1909f56bfc062723c751e8b465ee728b)
Start importing Assets/SteamVR/InteractionSystem/Teleport/Materials/TeleportAreaHighlighted.mat using Guid(a8cac5516702311429fe7478ff4d7d05) Importer(815301076,1909f56bfc062723c751e8b465ee728b)  -> (artifact id: 'e4e43218874ec8bf4c5a98ef3d45d104') in 0.246368 seconds 
========================================================================
Received Import Request.
  Time since last request: 0.000060 seconds.
  path: Assets/SteamVR/InteractionSystem/Teleport/Materials URP/URPTeleportAreaVisible.mat
  artifactKey: Guid(d2bbbd01c5b7a6b4bb5a1316f21fc1ff) Importer(815301076,1909f56bfc062723c751e8b465ee728b)
Start importing Assets/SteamVR/InteractionSystem/Teleport/Materials URP/URPTeleportAreaVisible.mat using Guid(d2bbbd01c5b7a6b4bb5a1316f21fc1ff) Importer(815301076,1909f56bfc062723c751e8b465ee728b)  -> (artifact id: '1a664ff70c2f05fb2109970aba184bf3') in 0.071934 seconds 
========================================================================
Received Import Request.
  Time since last request: 0.000040 seconds.
  path: Assets/SteamVR/InteractionSystem/Teleport/Materials URP/URPTeleportAreaHighlightedLow.mat
  artifactKey: Guid(bbd3c57c95ca5934abf56f614110fa53) Importer(815301076,1909f56bfc062723c751e8b465ee728b)
Start importing Assets/SteamVR/InteractionSystem/Teleport/Materials URP/URPTeleportAreaHighlightedLow.mat using Guid(bbd3c57c95ca5934abf56f614110fa53) Importer(815301076,1909f56bfc062723c751e8b465ee728b)  -> (artifact id: '6f12cd060b2ca47f00fa486662ed5671') in 0.155803 seconds 
========================================================================
Received Import Request.
  Time since last request: 0.000064 seconds.
  path: Assets/SteamVR/InteractionSystem/Core/Materials/SteamVRControllerModel.mat
  artifactKey: Guid(3c433e134e4719444b65bf064a77e22e) Importer(815301076,1909f56bfc062723c751e8b465ee728b)
Start importing Assets/SteamVR/InteractionSystem/Core/Materials/SteamVRControllerModel.mat using Guid(3c433e134e4719444b65bf064a77e22e) Importer(815301076,1909f56bfc062723c751e8b465ee728b)  -> (artifact id: 'e01830e1fd4b797707e044a641799413') in 0.263555 seconds 
========================================================================
Received Import Request.
  Time since last request: 0.000176 seconds.
  path: Assets/SteamVR/InteractionSystem/Hints/Materials/ControllerButtonHints.mat
  artifactKey: Guid(11b050e661ec0cf48a289a7266451e91) Importer(815301076,1909f56bfc062723c751e8b465ee728b)
Start importing Assets/SteamVR/InteractionSystem/Hints/Materials/ControllerButtonHints.mat using Guid(11b050e661ec0cf48a289a7266451e91) Importer(815301076,1909f56bfc062723c751e8b465ee728b)  -> (artifact id: 'b733543d7446666ede8eafc13eec848b') in 0.067972 seconds 
========================================================================
Received Import Request.
  Time since last request: 0.000036 seconds.
  path: Assets/Models/kenney_racingkit2/Models/FBX format/flagGreen.fbx
  artifactKey: Guid(6028c071bb102f24c82ae6163f0da269) Importer(815301076,1909f56bfc062723c751e8b465ee728b)
Start importing Assets/Models/kenney_racingkit2/Models/FBX format/flagGreen.fbx using Guid(6028c071bb102f24c82ae6163f0da269) Importer(815301076,1909f56bfc062723c751e8b465ee728b)  -> (artifact id: 'cca3bcbc87ed2b917846b2fc0b8b4747') in 0.189730 seconds 
========================================================================
Received Import Request.
  Time since last request: 0.000038 seconds.
  path: Assets/Models/Items/Green Red Shell/FX/ItemKoura_FX01.dae
  artifactKey: Guid(50c0a293906a0404aa2c92c89152cd02) Importer(815301076,1909f56bfc062723c751e8b465ee728b)
Start importing Assets/Models/Items/Green Red Shell/FX/ItemKoura_FX01.dae using Guid(50c0a293906a0404aa2c92c89152cd02) Importer(815301076,1909f56bfc062723c751e8b465ee728b)  -> (artifact id: '59dfc8cf0737cb7a29e08475b2206588') in 0.182044 seconds 
========================================================================
Received Import Request.
  Time since last request: 0.000042 seconds.
  path: Assets/Models/kenney_racingkit2/Models/FBX format/tentLong.fbx
  artifactKey: Guid(e114c648562567b40af9bf1c66bd3897) Importer(815301076,1909f56bfc062723c751e8b465ee728b)
Start importing Assets/Models/kenney_racingkit2/Models/FBX format/tentLong.fbx using Guid(e114c648562567b40af9bf1c66bd3897) Importer(815301076,1909f56bfc062723c751e8b465ee728b)  -> (artifact id: '4dc30679d9df7d53083c885deee4d056') in 0.077597 seconds 
========================================================================
Received Import Request.
  Time since last request: 0.000038 seconds.
  path: Assets/Models/kenney_racingkit2/Models/FBX format/flagTankco.fbx
  artifactKey: Guid(7c35612817533e544a42dea8856e6861) Importer(815301076,1909f56bfc062723c751e8b465ee728b)
Start importing Assets/Models/kenney_racingkit2/Models/FBX format/flagTankco.fbx using Guid(7c35612817533e544a42dea8856e6861) Importer(815301076,1909f56bfc062723c751e8b465ee728b)  -> (artifact id: 'd586cfd7a512d45d2eeb27cf7089d760') in 0.158023 seconds 
========================================================================
Received Import Request.
  Time since last request: 0.000031 seconds.
  path: Assets/Models/kenney_racingkit2/Models/FBX format/lightRed.fbx
  artifactKey: Guid(ba77565e4122bfa4abd6e546e2897d45) Importer(815301076,1909f56bfc062723c751e8b465ee728b)
Start importing Assets/Models/kenney_racingkit2/Models/FBX format/lightRed.fbx using Guid(ba77565e4122bfa4abd6e546e2897d45) Importer(815301076,1909f56bfc062723c751e8b465ee728b)  -> (artifact id: '6e3d15e2582ad72c6add4020e523a326') in 0.196425 seconds 
========================================================================
Received Import Request.
  Time since last request: 0.000074 seconds.
  path: Assets/Models/kenney_racingkit2/Models/FBX format/roadCornerLargerWall.fbx
  artifactKey: Guid(438ac8401b934b74095549975b0a58d6) Importer(815301076,1909f56bfc062723c751e8b465ee728b)
Start importing Assets/Models/kenney_racingkit2/Models/FBX format/roadCornerLargerWall.fbx using Guid(438ac8401b934b74095549975b0a58d6) Importer(815301076,1909f56bfc062723c751e8b465ee728b)  -> (artifact id: '286967e02960bea6ea1ba3ee06dd0a19') in 0.118067 seconds 
========================================================================
Received Import Request.
  Time since last request: 0.000082 seconds.
  path: Assets/SteamVR/Resources/SteamVR_HoverHighlight.mat
  artifactKey: Guid(3f7b904f6bd0b77429148042b0254530) Importer(815301076,1909f56bfc062723c751e8b465ee728b)
Start importing Assets/SteamVR/Resources/SteamVR_HoverHighlight.mat using Guid(3f7b904f6bd0b77429148042b0254530) Importer(815301076,1909f56bfc062723c751e8b465ee728b)  -> (artifact id: '62b7fa3825210be724b383fe972f9d44') in 0.056392 seconds 
========================================================================
Received Import Request.
  Time since last request: 0.000042 seconds.
  path: Assets/Models/kenney_racingkit2/Models/FBX format/grandStandRound.fbx
  artifactKey: Guid(a4c2d4780f3d7b94fb774b9cfee502a3) Importer(815301076,1909f56bfc062723c751e8b465ee728b)
Start importing Assets/Models/kenney_racingkit2/Models/FBX format/grandStandRound.fbx using Guid(a4c2d4780f3d7b94fb774b9cfee502a3) Importer(815301076,1909f56bfc062723c751e8b465ee728b)  -> (artifact id: '9bbf5500350d562473591dcabc2af23a') in 0.188411 seconds 
========================================================================
Received Import Request.
  Time since last request: 0.000035 seconds.
  path: Assets/Models/kenney_racingkit2/Models/FBX format/tentClosed.fbx
  artifactKey: Guid(6ff0d864737bc2f4eb1b321a38520e60) Importer(815301076,1909f56bfc062723c751e8b465ee728b)
Start importing Assets/Models/kenney_racingkit2/Models/FBX format/tentClosed.fbx using Guid(6ff0d864737bc2f4eb1b321a38520e60) Importer(815301076,1909f56bfc062723c751e8b465ee728b)  -> (artifact id: 'e095876131c9a0bf1de67466814ddb5c') in 0.119217 seconds 
========================================================================
Received Import Request.
  Time since last request: 0.000047 seconds.
  path: Assets/ExampleAssets/Models/Workbench.fbx
  artifactKey: Guid(efe9381559c516743bd05cef82f39ebb) Importer(815301076,1909f56bfc062723c751e8b465ee728b)
Start importing Assets/ExampleAssets/Models/Workbench.fbx using Guid(efe9381559c516743bd05cef82f39ebb) Importer(815301076,1909f56bfc062723c751e8b465ee728b)  -> (artifact id: '3024aa20467cc9e24bb24835770b0330') in 0.467483 seconds 
========================================================================
Received Import Request.
  Time since last request: 0.000040 seconds.
  path: Assets/Models/kenney_racingkit2/Models/FBX format/lightPost_exclusive.fbx
  artifactKey: Guid(dfa14c2c3a016334791378c1cbbe7d97) Importer(815301076,1909f56bfc062723c751e8b465ee728b)
Start importing Assets/Models/kenney_racingkit2/Models/FBX format/lightPost_exclusive.fbx using Guid(dfa14c2c3a016334791378c1cbbe7d97) Importer(815301076,1909f56bfc062723c751e8b465ee728b)  -> (artifact id: '894899e4b181b6de02919c5277ac3287') in 0.130399 seconds 
========================================================================
Received Import Request.
  Time since last request: 0.000051 seconds.
  path: Assets/Models/kenney_racingkit2/Models/FBX format/roadCornerSmall.fbx
  artifactKey: Guid(e702e454737bcb44aa627e1976681107) Importer(815301076,1909f56bfc062723c751e8b465ee728b)
Start importing Assets/Models/kenney_racingkit2/Models/FBX format/roadCornerSmall.fbx using Guid(e702e454737bcb44aa627e1976681107) Importer(815301076,1909f56bfc062723c751e8b465ee728b)  -> (artifact id: 'c1bbca8df5712017e798240a2389613e') in 0.113933 seconds 
========================================================================
Received Import Request.
  Time since last request: 0.000027 seconds.
  path: Assets/Models/kenney_racingkit2/Models/FBX format/roadStraightLong.fbx
  artifactKey: Guid(9e5237ccb5a00b94a943dd5fed67c626) Importer(815301076,1909f56bfc062723c751e8b465ee728b)
Start importing Assets/Models/kenney_racingkit2/Models/FBX format/roadStraightLong.fbx using Guid(9e5237ccb5a00b94a943dd5fed67c626) Importer(815301076,1909f56bfc062723c751e8b465ee728b)  -> (artifact id: '01726f6abd969105c9ab23528e91941c') in 0.134835 seconds 
========================================================================
Received Import Request.
  Time since last request: 0.000033 seconds.
  path: Assets/Models/kenney_racingkit2/Models/FBX format/roadSplitLarger.fbx
  artifactKey: Guid(933cb40545a2fe347be29e988dd07d32) Importer(815301076,1909f56bfc062723c751e8b465ee728b)
Start importing Assets/Models/kenney_racingkit2/Models/FBX format/roadSplitLarger.fbx using Guid(933cb40545a2fe347be29e988dd07d32) Importer(815301076,1909f56bfc062723c751e8b465ee728b)  -> (artifact id: '6f689afce3e0e818b70a9da1753aad55') in 0.096749 seconds 
========================================================================
Received Import Request.
  Time since last request: 0.000061 seconds.
  path: Assets/SteamVR/InteractionSystem/Teleport/Materials/TeleportPointInvalid.mat
  artifactKey: Guid(75bd1350b322bc149ad4b79c719cb687) Importer(815301076,1909f56bfc062723c751e8b465ee728b)
Start importing Assets/SteamVR/InteractionSystem/Teleport/Materials/TeleportPointInvalid.mat using Guid(75bd1350b322bc149ad4b79c719cb687) Importer(815301076,1909f56bfc062723c751e8b465ee728b)  -> (artifact id: '4533b325aba85e6951b60b8888e9044d') in 0.059012 seconds 
========================================================================
Received Import Request.
  Time since last request: 0.000039 seconds.
  path: Assets/SteamVR/Extras/SteamVR_TestTrackedCamera.mat
  artifactKey: Guid(99ee8d48ccf36264e9d9a72baa681249) Importer(815301076,1909f56bfc062723c751e8b465ee728b)
Start importing Assets/SteamVR/Extras/SteamVR_TestTrackedCamera.mat using Guid(99ee8d48ccf36264e9d9a72baa681249) Importer(815301076,1909f56bfc062723c751e8b465ee728b)  -> (artifact id: '2c234f9566df5ddbec1bcc6e25da104f') in 0.082314 seconds 
========================================================================
Received Import Request.
  Time since last request: 0.000031 seconds.
  path: Assets/Models/kenney_racingkit2/Models/FBX format/pitsOfficeCorner.fbx
  artifactKey: Guid(f50d2457ac324e742ae84bc45f863e1a) Importer(815301076,1909f56bfc062723c751e8b465ee728b)
Start importing Assets/Models/kenney_racingkit2/Models/FBX format/pitsOfficeCorner.fbx using Guid(f50d2457ac324e742ae84bc45f863e1a) Importer(815301076,1909f56bfc062723c751e8b465ee728b)  -> (artifact id: '9ceee22129447d93bd3f030e06b887c7') in 0.066476 seconds 
========================================================================
Received Import Request.
  Time since last request: 0.000036 seconds.
  path: Assets/SteamVR/InteractionSystem/Teleport/Materials/TeleportPlaySpace.mat
  artifactKey: Guid(a1313a5fd0b97df4798c301e337a1eb8) Importer(815301076,1909f56bfc062723c751e8b465ee728b)
Start importing Assets/SteamVR/InteractionSystem/Teleport/Materials/TeleportPlaySpace.mat using Guid(a1313a5fd0b97df4798c301e337a1eb8) Importer(815301076,1909f56bfc062723c751e8b465ee728b)  -> (artifact id: '6878c1d36c1c80ae5367fce8745b48cf') in 0.057991 seconds 
========================================================================
Received Import Request.
  Time since last request: 0.000048 seconds.
  path: Assets/Models/kenney_racingkit2/Models/FBX format/barrierRed.fbx
  artifactKey: Guid(196144fda6e64c546a41d6bf726ca343) Importer(815301076,1909f56bfc062723c751e8b465ee728b)
Start importing Assets/Models/kenney_racingkit2/Models/FBX format/barrierRed.fbx using Guid(196144fda6e64c546a41d6bf726ca343) Importer(815301076,1909f56bfc062723c751e8b465ee728b)  -> (artifact id: '575e4c928f9d50a09c027710ccba1200') in 0.094083 seconds 
========================================================================
Received Import Request.
  Time since last request: 0.000033 seconds.
  path: Assets/Models/kenney_racingkit2/Models/FBX format/roadCornerLargeSand.fbx
  artifactKey: Guid(3340a83bd33f2894199bfa7d35ad3770) Importer(815301076,1909f56bfc062723c751e8b465ee728b)
Start importing Assets/Models/kenney_racingkit2/Models/FBX format/roadCornerLargeSand.fbx using Guid(3340a83bd33f2894199bfa7d35ad3770) Importer(815301076,1909f56bfc062723c751e8b465ee728b)  -> (artifact id: '771bce312750abd0a6332b25bc7a71aa') in 0.070454 seconds 
========================================================================
Received Import Request.
  Time since last request: 0.000032 seconds.
  path: Assets/SteamVR/InteractionSystem/Samples/BuggyBuddy/Materials/skidDust.mat
  artifactKey: Guid(45d09ea4c61aed440b7a87114d4b9233) Importer(815301076,1909f56bfc062723c751e8b465ee728b)
Start importing Assets/SteamVR/InteractionSystem/Samples/BuggyBuddy/Materials/skidDust.mat using Guid(45d09ea4c61aed440b7a87114d4b9233) Importer(815301076,1909f56bfc062723c751e8b465ee728b)  -> (artifact id: '6f29a642ce63d4b32bb848c55e7d6848') in 0.081247 seconds 
========================================================================
Received Import Request.
  Time since last request: 0.000032 seconds.
  path: Assets/Models/kenney_racingkit2/Models/FBX format/roadCornerSmallSquare.fbx
  artifactKey: Guid(d831cde2d8e75f940b4a05bd8a8e7a51) Importer(815301076,1909f56bfc062723c751e8b465ee728b)
Start importing Assets/Models/kenney_racingkit2/Models/FBX format/roadCornerSmallSquare.fbx using Guid(d831cde2d8e75f940b4a05bd8a8e7a51) Importer(815301076,1909f56bfc062723c751e8b465ee728b)  -> (artifact id: 'eb6f588b3f88e995c96dbb65b2f8738f') in 0.116846 seconds 
========================================================================
Received Import Request.
  Time since last request: 0.000058 seconds.
  path: Assets/Models/kenney_racingkit2/Models/FBX format/treeLarge.fbx
  artifactKey: Guid(8e7b08d5d3ddf7949a7d84d7dd4b7009) Importer(815301076,1909f56bfc062723c751e8b465ee728b)
Start importing Assets/Models/kenney_racingkit2/Models/FBX format/treeLarge.fbx using Guid(8e7b08d5d3ddf7949a7d84d7dd4b7009) Importer(815301076,1909f56bfc062723c751e8b465ee728b)  -> (artifact id: '8f8a01ba9866498d3a73725c0e226b8f') in 0.113062 seconds 
========================================================================
Received Import Request.
  Time since last request: 0.000031 seconds.
  path: Assets/Models/kenney_racingkit2/Models/FBX format/roadCornerLarge.fbx
  artifactKey: Guid(89a2174a2301a9c409e79f1bfc67fbed) Importer(815301076,1909f56bfc062723c751e8b465ee728b)
Start importing Assets/Models/kenney_racingkit2/Models/FBX format/roadCornerLarge.fbx using Guid(89a2174a2301a9c409e79f1bfc67fbed) Importer(815301076,1909f56bfc062723c751e8b465ee728b)  -> (artifact id: '5e786d1be6617f85242bbe84c6b35790') in 0.123621 seconds 
========================================================================
Received Import Request.
  Time since last request: 0.000037 seconds.
  path: Assets/Models/kenney_racingkit2/Models/FBX format/bannerTowerRed.fbx
  artifactKey: Guid(3c3c4b170e360064d9daae5b72067960) Importer(815301076,1909f56bfc062723c751e8b465ee728b)
Start importing Assets/Models/kenney_racingkit2/Models/FBX format/bannerTowerRed.fbx using Guid(3c3c4b170e360064d9daae5b72067960) Importer(815301076,1909f56bfc062723c751e8b465ee728b)  -> (artifact id: '86405ef1d38601a2f8243a2e15bbf5c8') in 0.095632 seconds 
========================================================================
Received Import Request.
  Time since last request: 0.000096 seconds.
  path: Assets/Models/kenney_racingkit2/Models/FBX format/roadCornerLargeSandInner.fbx
  artifactKey: Guid(8667530ac785c1f4dbfe04524b9c7292) Importer(815301076,1909f56bfc062723c751e8b465ee728b)
Start importing Assets/Models/kenney_racingkit2/Models/FBX format/roadCornerLargeSandInner.fbx using Guid(8667530ac785c1f4dbfe04524b9c7292) Importer(815301076,1909f56bfc062723c751e8b465ee728b)  -> (artifact id: 'cd1ec6fad531e994f54aaf6946c571af') in 0.088065 seconds 
========================================================================
Received Import Request.
  Time since last request: 0.000085 seconds.
  path: Assets/SteamVR/InteractionSystem/Longbow/Materials/ItemPickupOutlineThick.mat
  artifactKey: Guid(425031c746a6df44aa1dfdb17c2b8b45) Importer(815301076,1909f56bfc062723c751e8b465ee728b)
Start importing Assets/SteamVR/InteractionSystem/Longbow/Materials/ItemPickupOutlineThick.mat using Guid(425031c746a6df44aa1dfdb17c2b8b45) Importer(815301076,1909f56bfc062723c751e8b465ee728b)  -> (artifact id: '0ef0bd0c4aa03344b239463302df70bf') in 0.031460 seconds 
========================================================================
Received Import Request.
  Time since last request: 0.000029 seconds.
  path: Assets/SteamVR/InteractionSystem/Teleport/Materials/TeleportPointer.mat
  artifactKey: Guid(140bd0e59d9bee94f9f0284c9eef5b32) Importer(815301076,1909f56bfc062723c751e8b465ee728b)
Start importing Assets/SteamVR/InteractionSystem/Teleport/Materials/TeleportPointer.mat using Guid(140bd0e59d9bee94f9f0284c9eef5b32) Importer(815301076,1909f56bfc062723c751e8b465ee728b)  -> (artifact id: '52bb1403b4503013a365d3f0245bb207') in 0.019911 seconds 
========================================================================
Received Import Request.
  Time since last request: 0.000033 seconds.
  path: Assets/Models/kenney_racingkit2/Models/FBX format/raceCarOrange.fbx
  artifactKey: Guid(e53034642f465584aa5a9aa36d6b971c) Importer(815301076,1909f56bfc062723c751e8b465ee728b)
Start importing Assets/Models/kenney_racingkit2/Models/FBX format/raceCarOrange.fbx using Guid(e53034642f465584aa5a9aa36d6b971c) Importer(815301076,1909f56bfc062723c751e8b465ee728b)  -> (artifact id: 'a9decc2013812e16f80a21d3dbd5e10a') in 0.308684 seconds 
========================================================================
Received Import Request.
  Time since last request: 0.000034 seconds.
  path: Assets/Models/kenney_racingkit2/Models/FBX format/roadSplitSmall.fbx
  artifactKey: Guid(c820d6174b2177640bb924b7c5c57664) Importer(815301076,1909f56bfc062723c751e8b465ee728b)
Start importing Assets/Models/kenney_racingkit2/Models/FBX format/roadSplitSmall.fbx using Guid(c820d6174b2177640bb924b7c5c57664) Importer(815301076,1909f56bfc062723c751e8b465ee728b)  -> (artifact id: 'fb991a149151ca39c7ac87815043529c') in 0.114206 seconds 
========================================================================
Received Import Request.
  Time since last request: 0.000044 seconds.
  path: Assets/Models/Items/Green Red Shell/CellFracture/ShellFrac.fbx
  artifactKey: Guid(1e3a5dc1b2b9b724e83e78cf205ba388) Importer(815301076,1909f56bfc062723c751e8b465ee728b)
Start importing Assets/Models/Items/Green Red Shell/CellFracture/ShellFrac.fbx using Guid(1e3a5dc1b2b9b724e83e78cf205ba388) Importer(815301076,1909f56bfc062723c751e8b465ee728b)  -> (artifact id: '7ba65434c96af9a6a68b17d9efc42bae') in 0.288167 seconds 
========================================================================
Received Import Request.
  Time since last request: 0.000037 seconds.
  path: Assets/SteamVR/InteractionSystem/Samples/Materials/LightGreen.mat
  artifactKey: Guid(80a6bae7122d17d4c9243b982a652788) Importer(815301076,1909f56bfc062723c751e8b465ee728b)
Start importing Assets/SteamVR/InteractionSystem/Samples/Materials/LightGreen.mat using Guid(80a6bae7122d17d4c9243b982a652788) Importer(815301076,1909f56bfc062723c751e8b465ee728b)  -> (artifact id: '6c12c0cce0de6918d858991410f0161b') in 0.063355 seconds 
========================================================================
Received Import Request.
  Time since last request: 0.000044 seconds.
  path: Assets/SteamVR/InteractionSystem/Hints/Materials/ControllerTextHintAnchor.mat
  artifactKey: Guid(7f08f06256ab27b4cb9eb0b41831a69f) Importer(815301076,1909f56bfc062723c751e8b465ee728b)
Start importing Assets/SteamVR/InteractionSystem/Hints/Materials/ControllerTextHintAnchor.mat using Guid(7f08f06256ab27b4cb9eb0b41831a69f) Importer(815301076,1909f56bfc062723c751e8b465ee728b)  -> (artifact id: 'd9d33f6b4edd6b299b513d1b3c32cf03') in 0.038183 seconds 
========================================================================
Received Import Request.
  Time since last request: 0.000035 seconds.
  path: Assets/Models/kenney_racingkit2/Models/FBX format/roadStraightBridgeMid.fbx
  artifactKey: Guid(8ca7c0795aba63746bfdb8d34d9f0986) Importer(815301076,1909f56bfc062723c751e8b465ee728b)
Start importing Assets/Models/kenney_racingkit2/Models/FBX format/roadStraightBridgeMid.fbx using Guid(8ca7c0795aba63746bfdb8d34d9f0986) Importer(815301076,1909f56bfc062723c751e8b465ee728b)  -> (artifact id: 'b037ab1f1855aa9b3449965dd77be2cc') in 0.099855 seconds 
========================================================================
Received Import Request.
  Time since last request: 0.000036 seconds.
  path: Assets/SteamVR/InteractionSystem/Hints/Materials/ControllerTextHintLine.mat
  artifactKey: Guid(fa05b1dac59aa764184da0aba83b2bf9) Importer(815301076,1909f56bfc062723c751e8b465ee728b)
Start importing Assets/SteamVR/InteractionSystem/Hints/Materials/ControllerTextHintLine.mat using Guid(fa05b1dac59aa764184da0aba83b2bf9) Importer(815301076,1909f56bfc062723c751e8b465ee728b)  -> (artifact id: '1c8cd8e86d79f84fa71444cbd5b18da9') in 0.025736 seconds 
========================================================================
Received Import Request.
  Time since last request: 0.000031 seconds.
  path: Assets/ExampleAssets/Models/safetyhat_low.fbx
  artifactKey: Guid(9d0d902f71acfe646a46cb625f815a49) Importer(815301076,1909f56bfc062723c751e8b465ee728b)
Start importing Assets/ExampleAssets/Models/safetyhat_low.fbx using Guid(9d0d902f71acfe646a46cb625f815a49) Importer(815301076,1909f56bfc062723c751e8b465ee728b)  -> (artifact id: '5ca7fe44f80c89571a264cb3d2a88f6e') in 0.106158 seconds 
========================================================================
Received Import Request.
  Time since last request: 0.000037 seconds.
  path: Assets/SteamVR/InteractionSystem/Samples/Models/Materials/BuggyController.mat
  artifactKey: Guid(aa587069092ad614eab6b0d694a87c96) Importer(815301076,1909f56bfc062723c751e8b465ee728b)
Start importing Assets/SteamVR/InteractionSystem/Samples/Models/Materials/BuggyController.mat using Guid(aa587069092ad614eab6b0d694a87c96) Importer(815301076,1909f56bfc062723c751e8b465ee728b)  -> (artifact id: '77591b30e1ef590b03c0df26b8dc7a7f') in 0.026408 seconds 
========================================================================
Received Import Request.
  Time since last request: 0.000042 seconds.
  path: Assets/Models/kenney_racingkit2/Models/FBX format/roadPitStraightLong.fbx
  artifactKey: Guid(c743877c53a960548b4c0629a85980ec) Importer(815301076,1909f56bfc062723c751e8b465ee728b)
Start importing Assets/Models/kenney_racingkit2/Models/FBX format/roadPitStraightLong.fbx using Guid(c743877c53a960548b4c0629a85980ec) Importer(815301076,1909f56bfc062723c751e8b465ee728b)  -> (artifact id: '4e1250fef372b4bb4a72d3a638a033aa') in 0.213009 seconds 
========================================================================
Received Import Request.
  Time since last request: 0.000032 seconds.
  path: Assets/Models/kenney_racingkit2/Models/FBX format/roadPitGarage.fbx
  artifactKey: Guid(498e2cb4e2bb2d0438cd7313c15b287f) Importer(815301076,1909f56bfc062723c751e8b465ee728b)
Start importing Assets/Models/kenney_racingkit2/Models/FBX format/roadPitGarage.fbx using Guid(498e2cb4e2bb2d0438cd7313c15b287f) Importer(815301076,1909f56bfc062723c751e8b465ee728b)  -> (artifact id: 'ecbbea1a6f23ca97e83bf4f29878e334') in 0.117447 seconds 
========================================================================
Received Import Request.
  Time since last request: 0.000043 seconds.
  path: Assets/SteamVR/InteractionSystem/Teleport/Materials/TeleportAreaVisibleBright.mat
  artifactKey: Guid(f2d37238fea5a8c4a86c80912b379030) Importer(815301076,1909f56bfc062723c751e8b465ee728b)
Start importing Assets/SteamVR/InteractionSystem/Teleport/Materials/TeleportAreaVisibleBright.mat using Guid(f2d37238fea5a8c4a86c80912b379030) Importer(815301076,1909f56bfc062723c751e8b465ee728b)  -> (artifact id: '7b4b807f1325d13cd2102b5d6650e612') in 0.023456 seconds 
========================================================================
Received Import Request.
  Time since last request: 0.000048 seconds.
  path: Assets/Models/kenney_racingkit2/Models/FBX format/roadStraightArrow.fbx
  artifactKey: Guid(ee84d0dff99d48949b743b9b144c81ea) Importer(815301076,1909f56bfc062723c751e8b465ee728b)
Start importing Assets/Models/kenney_racingkit2/Models/FBX format/roadStraightArrow.fbx using Guid(ee84d0dff99d48949b743b9b144c81ea) Importer(815301076,1909f56bfc062723c751e8b465ee728b)  -> (artifact id: '1f6d462d90435f0d1d4fce1283aef83a') in 0.120542 seconds 
========================================================================
Received Import Request.
  Time since last request: 0.000029 seconds.
  path: Assets/Models/Items/Green Red Shell/FX/ItemKoura_FX04.dae
  artifactKey: Guid(745962bfa84c92a46809e5029d06c285) Importer(815301076,1909f56bfc062723c751e8b465ee728b)
Start importing Assets/Models/Items/Green Red Shell/FX/ItemKoura_FX04.dae using Guid(745962bfa84c92a46809e5029d06c285) Importer(815301076,1909f56bfc062723c751e8b465ee728b)  -> (artifact id: 'da7edb21f5b259a811798460d4da12fe') in 0.149427 seconds 
========================================================================
Received Import Request.
  Time since last request: 0.000046 seconds.
  path: Assets/ExampleAssets/Materials/Ground_Mat.mat
  artifactKey: Guid(d92ef32394b5f474385d74b565a7bdd7) Importer(815301076,1909f56bfc062723c751e8b465ee728b)
Start importing Assets/ExampleAssets/Materials/Ground_Mat.mat using Guid(d92ef32394b5f474385d74b565a7bdd7) Importer(815301076,1909f56bfc062723c751e8b465ee728b)  -> (artifact id: 'a03004a53d1c214e6ea6e421dd826a8b') in 0.105283 seconds 
========================================================================
Received Import Request.
  Time since last request: 0.000045 seconds.
  path: Assets/Models/kenney_racingkit2/Models/FBX format/roadCornerBridgeSmall.fbx
  artifactKey: Guid(b04f7f0cce68281419b7bfeb88b38834) Importer(815301076,1909f56bfc062723c751e8b465ee728b)
Start importing Assets/Models/kenney_racingkit2/Models/FBX format/roadCornerBridgeSmall.fbx using Guid(b04f7f0cce68281419b7bfeb88b38834) Importer(815301076,1909f56bfc062723c751e8b465ee728b)  -> (artifact id: '82833475ad5fe4e87dc1d47f07a5f844') in 0.178109 seconds 
========================================================================
Received Import Request.
  Time since last request: 0.000062 seconds.
  path: Assets/SteamVR/InteractionSystem/Samples/Materials/ShinyWhiteObject.mat
  artifactKey: Guid(ae954e68e9b70844292f588d1397a7f7) Importer(815301076,1909f56bfc062723c751e8b465ee728b)
Start importing Assets/SteamVR/InteractionSystem/Samples/Materials/ShinyWhiteObject.mat using Guid(ae954e68e9b70844292f588d1397a7f7) Importer(815301076,1909f56bfc062723c751e8b465ee728b)  -> (artifact id: '817234efe11e16bbfc7c0cd2349fdead') in 0.157143 seconds 
========================================================================
Received Import Request.
  Time since last request: 0.000073 seconds.
  path: Assets/Models/kenney_racingkit2/Models/FBX format/roadCrossing.fbx
  artifactKey: Guid(b9e60c7ed4c76244bb780a7f95969144) Importer(815301076,1909f56bfc062723c751e8b465ee728b)
Start importing Assets/Models/kenney_racingkit2/Models/FBX format/roadCrossing.fbx using Guid(b9e60c7ed4c76244bb780a7f95969144) Importer(815301076,1909f56bfc062723c751e8b465ee728b)  -> (artifact id: '195ed8fb08b4985b8d4374ad432e7bf5') in 0.118469 seconds 
========================================================================
Received Import Request.
  Time since last request: 0.000084 seconds.
  path: Assets/Models/kenney_racingkit2/Models/FBX format/roadPitEntry.fbx
  artifactKey: Guid(9e1353ac69b65b04ea2ea398efef84d6) Importer(815301076,1909f56bfc062723c751e8b465ee728b)
Start importing Assets/Models/kenney_racingkit2/Models/FBX format/roadPitEntry.fbx using Guid(9e1353ac69b65b04ea2ea398efef84d6) Importer(815301076,1909f56bfc062723c751e8b465ee728b)  -> (artifact id: '5b6662151f2b83b7c013e8799ab12739') in 0.127800 seconds 
========================================================================
Received Import Request.
  Time since last request: 0.000077 seconds.
  path: Assets/Models/kenney_racingkit2/Models/FBX format/grandStandCoveredRound.fbx
  artifactKey: Guid(c62b036e575ad714bbdfdf5b88f69f30) Importer(815301076,1909f56bfc062723c751e8b465ee728b)
Start importing Assets/Models/kenney_racingkit2/Models/FBX format/grandStandCoveredRound.fbx using Guid(c62b036e575ad714bbdfdf5b88f69f30) Importer(815301076,1909f56bfc062723c751e8b465ee728b)  -> (artifact id: '3c4d8f179d97f28a7fb708bc2f04490b') in 0.130898 seconds 
========================================================================
Received Import Request.
  Time since last request: 0.000033 seconds.
  path: Assets/SteamVR/InteractionSystem/Teleport/Materials URP/URPTeleportPlaySpace.mat
  artifactKey: Guid(1d3d8159663c8c94cbf05cd6b9d686b6) Importer(815301076,1909f56bfc062723c751e8b465ee728b)
Start importing Assets/SteamVR/InteractionSystem/Teleport/Materials URP/URPTeleportPlaySpace.mat using Guid(1d3d8159663c8c94cbf05cd6b9d686b6) Importer(815301076,1909f56bfc062723c751e8b465ee728b)  -> (artifact id: '14257296295f3fa34de308418e9f0c19') in 0.028258 seconds 
========================================================================
Received Import Request.
  Time since last request: 0.000085 seconds.
  path: Assets/Models/Glider/Glider.blend
  artifactKey: Guid(83650a5806f09ca41a3aa35265f1dc6a) Importer(815301076,1909f56bfc062723c751e8b465ee728b)
Start importing Assets/Models/Glider/Glider.blend using Guid(83650a5806f09ca41a3aa35265f1dc6a) Importer(815301076,1909f56bfc062723c751e8b465ee728b)  -> (artifact id: 'f89297db7edc5eae1f56d4f1d4d1c07b') in 0.182941 seconds 
========================================================================
Received Import Request.
  Time since last request: 0.000036 seconds.
  path: Assets/SteamVR/InteractionSystem/Teleport/Materials/TeleportAreaHighlightedLow.mat
  artifactKey: Guid(ec3dc73cf20a842438065d10e72e1b14) Importer(815301076,1909f56bfc062723c751e8b465ee728b)
Start importing Assets/SteamVR/InteractionSystem/Teleport/Materials/TeleportAreaHighlightedLow.mat using Guid(ec3dc73cf20a842438065d10e72e1b14) Importer(815301076,1909f56bfc062723c751e8b465ee728b)  -> (artifact id: 'a081b0afa4d40b3d9f9b8633167b0e14') in 0.039617 seconds 
========================================================================
Received Import Request.
  Time since last request: 0.000039 seconds.
  path: Assets/SteamVR/InteractionSystem/Samples/Materials/URPflowerMat.mat
  artifactKey: Guid(0a4508424b3d2a74fb181adab02ece03) Importer(815301076,1909f56bfc062723c751e8b465ee728b)
Start importing Assets/SteamVR/InteractionSystem/Samples/Materials/URPflowerMat.mat using Guid(0a4508424b3d2a74fb181adab02ece03) Importer(815301076,1909f56bfc062723c751e8b465ee728b)  -> (artifact id: '9aeb60bbb3fb3e52482f0b760ff5c01e') in 0.043713 seconds 
========================================================================
Received Import Request.
  Time since last request: 0.000089 seconds.
  path: Assets/SteamVR/InteractionSystem/Teleport/Materials URP/URPTeleportPointLocked.mat
  artifactKey: Guid(c8665e1aa63020343bc825410291e43a) Importer(815301076,1909f56bfc062723c751e8b465ee728b)
Start importing Assets/SteamVR/InteractionSystem/Teleport/Materials URP/URPTeleportPointLocked.mat using Guid(c8665e1aa63020343bc825410291e43a) Importer(815301076,1909f56bfc062723c751e8b465ee728b)  -> (artifact id: '57bbf081560e3ec35c64d335108b50fe') in 0.183588 seconds 
========================================================================
Received Import Request.
  Time since last request: 0.000075 seconds.
  path: Assets/SteamVR/InteractionSystem/Teleport/Materials/TeleportPointHighlighted.mat
  artifactKey: Guid(f71819766ca687246a2150260bcfc1c5) Importer(815301076,1909f56bfc062723c751e8b465ee728b)
Start importing Assets/SteamVR/InteractionSystem/Teleport/Materials/TeleportPointHighlighted.mat using Guid(f71819766ca687246a2150260bcfc1c5) Importer(815301076,1909f56bfc062723c751e8b465ee728b)  -> (artifact id: '362f0113ebef1035f649162b35ed9aa5') in 0.052944 seconds 
========================================================================
Received Import Request.
  Time since last request: 0.000046 seconds.
  path: Assets/Models/Items/Green Red Shell/RedFrac.mat
  artifactKey: Guid(5e7aa70a338262044a40f64a71f8bbd2) Importer(815301076,1909f56bfc062723c751e8b465ee728b)
Start importing Assets/Models/Items/Green Red Shell/RedFrac.mat using Guid(5e7aa70a338262044a40f64a71f8bbd2) Importer(815301076,1909f56bfc062723c751e8b465ee728b)  -> (artifact id: 'f2c1e317ba3a788be6b9d1d2734dfce3') in 0.054810 seconds 
========================================================================
Received Import Request.
  Time since last request: 0.000059 seconds.
  path: Assets/SteamVR/InteractionSystem/Samples/Materials/ShinyWhiteHand.mat
  artifactKey: Guid(5ebf65e069a3d3f4bbb68b42e5c4840e) Importer(815301076,1909f56bfc062723c751e8b465ee728b)
Start importing Assets/SteamVR/InteractionSystem/Samples/Materials/ShinyWhiteHand.mat using Guid(5ebf65e069a3d3f4bbb68b42e5c4840e) Importer(815301076,1909f56bfc062723c751e8b465ee728b)  -> (artifact id: '87e43cb4dd6f25debb4bb9791dbc87a9') in 0.111878 seconds 
========================================================================
Received Import Request.
  Time since last request: 0.000049 seconds.
  path: Assets/ExampleAssets/Materials/Jigsaw_Mat.mat
  artifactKey: Guid(801db2d997a562b4ea333aa4593ce0f0) Importer(815301076,1909f56bfc062723c751e8b465ee728b)
Start importing Assets/ExampleAssets/Materials/Jigsaw_Mat.mat using Guid(801db2d997a562b4ea333aa4593ce0f0) Importer(815301076,1909f56bfc062723c751e8b465ee728b)  -> (artifact id: '3e516b82a80a8e627db97929ea9b2298') in 0.223020 seconds 
========================================================================
Received Import Request.
  Time since last request: 0.000046 seconds.
  path: Assets/ExampleAssets/Materials/Hammer_Mat.mat
  artifactKey: Guid(4efcffd7ae23f1e41943fd914b18da10) Importer(815301076,1909f56bfc062723c751e8b465ee728b)
Start importing Assets/ExampleAssets/Materials/Hammer_Mat.mat using Guid(4efcffd7ae23f1e41943fd914b18da10) Importer(815301076,1909f56bfc062723c751e8b465ee728b)  -> (artifact id: '7f4a46e3c63c63c5ec457b97c9ae0386') in 0.226205 seconds 
========================================================================
Received Import Request.
  Time since last request: 0.000115 seconds.
  path: Assets/SteamVR/InteractionSystem/Teleport/Materials/TeleportPlayspaceVisualize.mat
  artifactKey: Guid(e070196015a41bc419ea9e03ba170df5) Importer(815301076,1909f56bfc062723c751e8b465ee728b)
Start importing Assets/SteamVR/InteractionSystem/Teleport/Materials/TeleportPlayspaceVisualize.mat using Guid(e070196015a41bc419ea9e03ba170df5) Importer(815301076,1909f56bfc062723c751e8b465ee728b)  -> (artifact id: 'b22500453fed94263b428b81a5194dbc') in 52.791255 seconds 
========================================================================
Received Import Request.
  Time since last request: 0.000044 seconds.
  path: Assets/Models/kenney_racingkit2/Models/FBX format/roadSplit.fbx
  artifactKey: Guid(2e180bfb279f0d64f8719a093d1eef70) Importer(815301076,1909f56bfc062723c751e8b465ee728b)
Start importing Assets/Models/kenney_racingkit2/Models/FBX format/roadSplit.fbx using Guid(2e180bfb279f0d64f8719a093d1eef70) Importer(815301076,1909f56bfc062723c751e8b465ee728b)  -> (artifact id: '8a6b02e128bcf284301da702d4473506') in 16.829570 seconds 
========================================================================
Received Import Request.
  Time since last request: 0.000064 seconds.
  path: Assets/Models/kenney_racingkit2/Models/FBX format/roadCornerSmallBorder.fbx
  artifactKey: Guid(63b8295d3e750ff4e901e556f9ee9f0d) Importer(815301076,1909f56bfc062723c751e8b465ee728b)
Start importing Assets/Models/kenney_racingkit2/Models/FBX format/roadCornerSmallBorder.fbx using Guid(63b8295d3e750ff4e901e556f9ee9f0d) Importer(815301076,1909f56bfc062723c751e8b465ee728b)  -> (artifact id: 'fd30a4e2e03c0c59282caabe3f68bdb2') in 0.200390 seconds 
========================================================================
Received Import Request.
  Time since last request: 0.000277 seconds.
  path: Assets/Models/kenney_racingkit2/Models/FBX format/roadCornerLarger.fbx
  artifactKey: Guid(1ed85ebf6028fbb4d86f286d015d1a6e) Importer(815301076,1909f56bfc062723c751e8b465ee728b)
Start importing Assets/Models/kenney_racingkit2/Models/FBX format/roadCornerLarger.fbx using Guid(1ed85ebf6028fbb4d86f286d015d1a6e) Importer(815301076,1909f56bfc062723c751e8b465ee728b)  -> (artifact id: '69673f0b92de1da442e59e2fe1503eec') in 0.161502 seconds 
========================================================================
Received Import Request.
  Time since last request: 0.000062 seconds.
  path: Assets/Models/kenney_racingkit2/Models/FBX format/barrierWall.fbx
  artifactKey: Guid(66d7c79fbf3bcb14cbf9fedfabfbee59) Importer(815301076,1909f56bfc062723c751e8b465ee728b)
Start importing Assets/Models/kenney_racingkit2/Models/FBX format/barrierWall.fbx using Guid(66d7c79fbf3bcb14cbf9fedfabfbee59) Importer(815301076,1909f56bfc062723c751e8b465ee728b)  -> (artifact id: '0ade4e098838f1b7c578563f1a9bb195') in 0.194347 seconds 
========================================================================
Received Import Request.
  Time since last request: 0.000032 seconds.
  path: Assets/Models/kenney_racingkit2/Models/FBX format/roadPitStraight.fbx
  artifactKey: Guid(3aa29f760113f4a4881058b0f4d72444) Importer(815301076,1909f56bfc062723c751e8b465ee728b)
Start importing Assets/Models/kenney_racingkit2/Models/FBX format/roadPitStraight.fbx using Guid(3aa29f760113f4a4881058b0f4d72444) Importer(815301076,1909f56bfc062723c751e8b465ee728b)  -> (artifact id: '23f3cbdaeeed7f25bf9fccc6785c3b6e') in 0.190018 seconds 
========================================================================
Received Import Request.
  Time since last request: 0.000039 seconds.
  path: Assets/SteamVR/InteractionSystem/Samples/BuggyBuddy/Materials/BuggyController__Controller.mat
  artifactKey: Guid(4408e8645ee827345aa56eee531f96e5) Importer(815301076,1909f56bfc062723c751e8b465ee728b)
Start importing Assets/SteamVR/InteractionSystem/Samples/BuggyBuddy/Materials/BuggyController__Controller.mat using Guid(4408e8645ee827345aa56eee531f96e5) Importer(815301076,1909f56bfc062723c751e8b465ee728b)  -> (artifact id: '90043ee690a157932a2e28d55bffebbf') in 0.040076 seconds 
========================================================================
Received Import Request.
  Time since last request: 0.000042 seconds.
  path: Assets/Models/kenney_racingkit2/Models/FBX format/roadBump.fbx
  artifactKey: Guid(08c985a8e0f7a2e4f80c2141a3996bf4) Importer(815301076,1909f56bfc062723c751e8b465ee728b)
Start importing Assets/Models/kenney_racingkit2/Models/FBX format/roadBump.fbx using Guid(08c985a8e0f7a2e4f80c2141a3996bf4) Importer(815301076,1909f56bfc062723c751e8b465ee728b)  -> (artifact id: '964a9e6ad4c0941d37178c83965d573d') in 0.242812 seconds 
========================================================================
Received Import Request.
  Time since last request: 0.000045 seconds.
  path: Assets/Models/kenney_racingkit2/Models/FBX format/pitsOffice.fbx
  artifactKey: Guid(bf5f337dcc4c69e46b47f474198e5502) Importer(815301076,1909f56bfc062723c751e8b465ee728b)
Start importing Assets/Models/kenney_racingkit2/Models/FBX format/pitsOffice.fbx using Guid(bf5f337dcc4c69e46b47f474198e5502) Importer(815301076,1909f56bfc062723c751e8b465ee728b)  -> (artifact id: '0bd0ee51aecbea793b65666dc2e1c0d3') in 0.205490 seconds 
========================================================================
Received Import Request.
  Time since last request: 0.000050 seconds.
  path: Assets/SteamVR/InteractionSystem/Samples/BuggyBuddy/Materials/BuggyController.mat
  artifactKey: Guid(8429e69bebe55ae4392d143cc550134f) Importer(815301076,1909f56bfc062723c751e8b465ee728b)
Start importing Assets/SteamVR/InteractionSystem/Samples/BuggyBuddy/Materials/BuggyController.mat using Guid(8429e69bebe55ae4392d143cc550134f) Importer(815301076,1909f56bfc062723c751e8b465ee728b)  -> (artifact id: 'e01ca4fde462e8ebb80cd04db90f728d') in 0.303040 seconds 
========================================================================
Received Import Request.
  Time since last request: 0.000058 seconds.
  path: Assets/Models/kenney_racingkit2/Models/FBX format/roadCornerLargerBorder.fbx
  artifactKey: Guid(c081d1a49f02c6044abff21d53935f90) Importer(815301076,1909f56bfc062723c751e8b465ee728b)
Start importing Assets/Models/kenney_racingkit2/Models/FBX format/roadCornerLargerBorder.fbx using Guid(c081d1a49f02c6044abff21d53935f90) Importer(815301076,1909f56bfc062723c751e8b465ee728b)  -> (artifact id: '919c2d04462e358614c0986683dad574') in 0.153291 seconds 
========================================================================
Received Import Request.
  Time since last request: 0.000051 seconds.
  path: Assets/Models/TireSTD/TIRES.blend
  artifactKey: Guid(6de496835571fc241a06741a823c3adb) Importer(815301076,1909f56bfc062723c751e8b465ee728b)
Start importing Assets/Models/TireSTD/TIRES.blend using Guid(6de496835571fc241a06741a823c3adb) Importer(815301076,1909f56bfc062723c751e8b465ee728b)  -> (artifact id: '2172728d83fca5b7cd368ee29ba3797b') in 0.498996 seconds 
========================================================================
Received Import Request.
  Time since last request: 0.000070 seconds.
  path: Assets/Models/Items/Bo bomb/Bob-OmbTex/Bobomb Glow.mat
  artifactKey: Guid(64661a3b5dd3757449f6767225bd38fe) Importer(815301076,1909f56bfc062723c751e8b465ee728b)
Start importing Assets/Models/Items/Bo bomb/Bob-OmbTex/Bobomb Glow.mat using Guid(64661a3b5dd3757449f6767225bd38fe) Importer(815301076,1909f56bfc062723c751e8b465ee728b)  -> (artifact id: '92771e45d079a268a37f9925fef00047') in 0.085725 seconds 
========================================================================
Received Import Request.
  Time since last request: 0.000053 seconds.
  path: Assets/Models/kenney_racingkit2/Models/FBX format/radarEquipment.fbx
  artifactKey: Guid(5c676cc1f4cc75a4f8fc97c04646e2e8) Importer(815301076,1909f56bfc062723c751e8b465ee728b)
Start importing Assets/Models/kenney_racingkit2/Models/FBX format/radarEquipment.fbx using Guid(5c676cc1f4cc75a4f8fc97c04646e2e8) Importer(815301076,1909f56bfc062723c751e8b465ee728b)  -> (artifact id: '64727f65f75d76f4985b9c150285f7b3') in 0.223940 seconds 
========================================================================
Received Import Request.
  Time since last request: 0.000041 seconds.
  path: Assets/Models/kenney_racingkit2/Models/FBX format/tentClosedLong.fbx
  artifactKey: Guid(4b9ad7132839b4d49bd4c57a02b4a083) Importer(815301076,1909f56bfc062723c751e8b465ee728b)
Start importing Assets/Models/kenney_racingkit2/Models/FBX format/tentClosedLong.fbx using Guid(4b9ad7132839b4d49bd4c57a02b4a083) Importer(815301076,1909f56bfc062723c751e8b465ee728b)  -> (artifact id: '7c874d99d6c58273b94d5ea007a95934') in 0.389256 seconds 
========================================================================
Received Import Request.
  Time since last request: 0.007108 seconds.
  path: Assets/SteamVR/InteractionSystem/Longbow/Materials/ArrowGlint.mat
  artifactKey: Guid(f3004e0c0e5df074abcb3548fd812bfc) Importer(815301076,1909f56bfc062723c751e8b465ee728b)
Start importing Assets/SteamVR/InteractionSystem/Longbow/Materials/ArrowGlint.mat using Guid(f3004e0c0e5df074abcb3548fd812bfc) Importer(815301076,1909f56bfc062723c751e8b465ee728b)  -> (artifact id: '91e8b0832c78c0c446278724b381d720') in 0.099738 seconds 
========================================================================
Received Import Request.
  Time since last request: 0.000051 seconds.
  path: Assets/Models/kenney_racingkit2/Models/FBX format/flagCheckers.fbx
  artifactKey: Guid(d1a1bcbd0891d144bb98af1f00cf8848) Importer(815301076,1909f56bfc062723c751e8b465ee728b)
Start importing Assets/Models/kenney_racingkit2/Models/FBX format/flagCheckers.fbx using Guid(d1a1bcbd0891d144bb98af1f00cf8848) Importer(815301076,1909f56bfc062723c751e8b465ee728b)  -> (artifact id: 'd412587f0c5fb66153f1305818f968d9') in 0.430403 seconds 
========================================================================
Received Import Request.
  Time since last request: 0.000040 seconds.
  path: Assets/Models/Items/Starman/Black.mat
  artifactKey: Guid(f84f1beb338c486449025f6f0730005f) Importer(815301076,1909f56bfc062723c751e8b465ee728b)
Start importing Assets/Models/Items/Starman/Black.mat using Guid(f84f1beb338c486449025f6f0730005f) Importer(815301076,1909f56bfc062723c751e8b465ee728b)  -> (artifact id: '28cd4c8609ff05a9eb914492ac906df0') in 0.092720 seconds 
========================================================================
Received Import Request.
  Time since last request: 0.000057 seconds.
  path: Assets/Models/kenney_racingkit2/Models/FBX format/roadEnd.fbx
  artifactKey: Guid(094136b814db32d4c8ba669ee0d65948) Importer(815301076,1909f56bfc062723c751e8b465ee728b)
Start importing Assets/Models/kenney_racingkit2/Models/FBX format/roadEnd.fbx using Guid(094136b814db32d4c8ba669ee0d65948) Importer(815301076,1909f56bfc062723c751e8b465ee728b)  -> (artifact id: '8632f02c5169df3d2e3199b1fd4eb251') in 0.191233 seconds 
========================================================================
Received Import Request.
  Time since last request: 0.000125 seconds.
  path: Assets/ExampleAssets/Materials/ConstructionLight_Mat.mat
  artifactKey: Guid(49076442eeb7e054b8e8869f8b40656d) Importer(815301076,1909f56bfc062723c751e8b465ee728b)
Start importing Assets/ExampleAssets/Materials/ConstructionLight_Mat.mat using Guid(49076442eeb7e054b8e8869f8b40656d) Importer(815301076,1909f56bfc062723c751e8b465ee728b)  -> (artifact id: '45f45268fc6f96a3e76e0e3ff7e65afa') in 0.091596 seconds 
========================================================================
Received Import Request.
  Time since last request: 0.000049 seconds.
  path: Assets/SteamVR/Materials/def.mat
  artifactKey: Guid(70c66109a93f33a4ead799f58a6b9ef5) Importer(815301076,1909f56bfc062723c751e8b465ee728b)
Start importing Assets/SteamVR/Materials/def.mat using Guid(70c66109a93f33a4ead799f58a6b9ef5) Importer(815301076,1909f56bfc062723c751e8b465ee728b)  -> (artifact id: '2f4c806c74c6cf26f67e97eb8388e75e') in 0.066679 seconds 
========================================================================
Received Import Request.
  Time since last request: 0.000047 seconds.
  path: Assets/SteamVR/InteractionSystem/Longbow/Materials/BalloonColor.mat
  artifactKey: Guid(406981998f1234442a4f2eb50cfe07e1) Importer(815301076,1909f56bfc062723c751e8b465ee728b)
Start importing Assets/SteamVR/InteractionSystem/Longbow/Materials/BalloonColor.mat using Guid(406981998f1234442a4f2eb50cfe07e1) Importer(815301076,1909f56bfc062723c751e8b465ee728b)  -> (artifact id: 'eb90390843e3ca041ff02a0e4462df33') in 1.018217 seconds 
========================================================================
Received Import Request.
  Time since last request: 0.000108 seconds.
  path: Assets/ExampleAssets/Models/jigsaw_low.fbx
  artifactKey: Guid(8b73e8872ca76104bbca4ee2b704a1b4) Importer(815301076,1909f56bfc062723c751e8b465ee728b)
Start importing Assets/ExampleAssets/Models/jigsaw_low.fbx using Guid(8b73e8872ca76104bbca4ee2b704a1b4) Importer(815301076,1909f56bfc062723c751e8b465ee728b)  -> (artifact id: '8c5ed877eca2979e977a33711e6ce259') in 0.412146 seconds 
========================================================================
Received Import Request.
  Time since last request: 0.000047 seconds.
  path: Assets/Models/kenney_racingkit2/Models/FBX format/grass.fbx
  artifactKey: Guid(bb6dc916ee31dc044ae49f559e1de768) Importer(815301076,1909f56bfc062723c751e8b465ee728b)
Start importing Assets/Models/kenney_racingkit2/Models/FBX format/grass.fbx using Guid(bb6dc916ee31dc044ae49f559e1de768) Importer(815301076,1909f56bfc062723c751e8b465ee728b)  -> (artifact id: '0f1b70ee8fa11cf962a5b0a35f6c72a3') in 0.182753 seconds 
========================================================================
Received Import Request.
  Time since last request: 0.000032 seconds.
  path: Assets/Models/kenney_racingkit2/Models/FBX format/tentRoofDouble.fbx
  artifactKey: Guid(ab2fb2a392deac0449a60f4560663a70) Importer(815301076,1909f56bfc062723c751e8b465ee728b)
Start importing Assets/Models/kenney_racingkit2/Models/FBX format/tentRoofDouble.fbx using Guid(ab2fb2a392deac0449a60f4560663a70) Importer(815301076,1909f56bfc062723c751e8b465ee728b)  -> (artifact id: 'a67d1ff68592aec5ca3d51936b8803c5') in 0.097812 seconds 
========================================================================
Received Import Request.
  Time since last request: 0.000036 seconds.
  path: Assets/Models/TireSTD/Axel.mat
  artifactKey: Guid(7959187f9b8b8194c8b67dee19d30822) Importer(815301076,1909f56bfc062723c751e8b465ee728b)
Start importing Assets/Models/TireSTD/Axel.mat using Guid(7959187f9b8b8194c8b67dee19d30822) Importer(815301076,1909f56bfc062723c751e8b465ee728b)  -> (artifact id: '9c66d3a530892b80c79f75b8e37b0534') in 0.024536 seconds 
========================================================================
Received Import Request.
  Time since last request: 0.000045 seconds.
  path: Assets/Models/kenney_racingkit2/Models/FBX format/roadStraightLongMid.fbx
  artifactKey: Guid(8babae7cafa3cff4a92ed88078176e38) Importer(815301076,1909f56bfc062723c751e8b465ee728b)
Start importing Assets/Models/kenney_racingkit2/Models/FBX format/roadStraightLongMid.fbx using Guid(8babae7cafa3cff4a92ed88078176e38) Importer(815301076,1909f56bfc062723c751e8b465ee728b)  -> (artifact id: '6a5578a03aea4f9507e8ad562674902d') in 0.163772 seconds 
========================================================================
Received Import Request.
  Time since last request: 0.000030 seconds.
  path: Assets/SteamVR/InteractionSystem/Samples/BuggyBuddy/Materials/Buggy.mat
  artifactKey: Guid(184c631c36a048645a062ccc181de83c) Importer(815301076,1909f56bfc062723c751e8b465ee728b)
Start importing Assets/SteamVR/InteractionSystem/Samples/BuggyBuddy/Materials/Buggy.mat using Guid(184c631c36a048645a062ccc181de83c) Importer(815301076,1909f56bfc062723c751e8b465ee728b)  -> (artifact id: 'cb1922f7f6c1d132caccf17dee6da095') in 0.282528 seconds 
========================================================================
Received Import Request.
  Time since last request: 0.000043 seconds.
  path: Assets/Models/Items/Bo bomb/Bob-OmbTex/Bobomb 1.mat
  artifactKey: Guid(cd923abac7fe6c14a80a3aff77b626f5) Importer(815301076,1909f56bfc062723c751e8b465ee728b)
Start importing Assets/Models/Items/Bo bomb/Bob-OmbTex/Bobomb 1.mat using Guid(cd923abac7fe6c14a80a3aff77b626f5) Importer(815301076,1909f56bfc062723c751e8b465ee728b)  -> (artifact id: 'f6ec98d327d94b940bebebfd8e0c5b48') in 0.155971 seconds 
========================================================================
Received Import Request.
  Time since last request: 0.000051 seconds.
  path: Assets/ExampleAssets/Materials/LightBulb_Mat.mat
  artifactKey: Guid(ec739259ec61f5d4ba3ed6d34fd802a6) Importer(815301076,1909f56bfc062723c751e8b465ee728b)
Start importing Assets/ExampleAssets/Materials/LightBulb_Mat.mat using Guid(ec739259ec61f5d4ba3ed6d34fd802a6) Importer(815301076,1909f56bfc062723c751e8b465ee728b)  -> (artifact id: '71457cfe9753c0c7eec104f7e54db670') in 0.033058 seconds 
========================================================================
Received Import Request.
  Time since last request: 0.000078 seconds.
  path: Assets/ExampleAssets/Materials/Stud_Mat.mat
  artifactKey: Guid(027cb3d3d7dc79d41ad763e01759de07) Importer(815301076,1909f56bfc062723c751e8b465ee728b)
Start importing Assets/ExampleAssets/Materials/Stud_Mat.mat using Guid(027cb3d3d7dc79d41ad763e01759de07) Importer(815301076,1909f56bfc062723c751e8b465ee728b)  -> (artifact id: '745377fb23aff0cd9fb439d312ca7963') in 0.216352 seconds 
========================================================================
Received Import Request.
  Time since last request: 0.000047 seconds.
  path: Assets/Models/kenney_racingkit2/Models/FBX format/roadCornerLargerBorderInner.fbx
  artifactKey: Guid(b6b3a20cdc396054e931cc8eecf73adf) Importer(815301076,1909f56bfc062723c751e8b465ee728b)
Start importing Assets/Models/kenney_racingkit2/Models/FBX format/roadCornerLargerBorderInner.fbx using Guid(b6b3a20cdc396054e931cc8eecf73adf) Importer(815301076,1909f56bfc062723c751e8b465ee728b)  -> (artifact id: '234941b5708a6baa755e57b85a84da4b') in 0.184461 seconds 
========================================================================
Received Import Request.
  Time since last request: 0.000046 seconds.
  path: Assets/SteamVR/InteractionSystem/Teleport/Materials/TeleportAreaHighlightedBright.mat
  artifactKey: Guid(5f649883aab635740a41d91edf1080a4) Importer(815301076,1909f56bfc062723c751e8b465ee728b)
Start importing Assets/SteamVR/InteractionSystem/Teleport/Materials/TeleportAreaHighlightedBright.mat using Guid(5f649883aab635740a41d91edf1080a4) Importer(815301076,1909f56bfc062723c751e8b465ee728b)  -> (artifact id: 'd83fb259da3889e655665885e08fb3e3') in 0.043654 seconds 
========================================================================
Received Import Request.
  Time since last request: 0.000104 seconds.
  path: Assets/Models/kenney_racingkit2/Models/FBX format/tentRoof.fbx
  artifactKey: Guid(73d6d1af2a6df774caa121b31012915a) Importer(815301076,1909f56bfc062723c751e8b465ee728b)
Start importing Assets/Models/kenney_racingkit2/Models/FBX format/tentRoof.fbx using Guid(73d6d1af2a6df774caa121b31012915a) Importer(815301076,1909f56bfc062723c751e8b465ee728b)  -> (artifact id: 'c282c893ba9da690b94a853bf64260d2') in 0.162892 seconds 
========================================================================
Received Import Request.
  Time since last request: 0.000039 seconds.
  path: Assets/ExampleAssets/Materials/Strap_Mat.mat
  artifactKey: Guid(81c1860e7800e5340bf8a54c565ba9ea) Importer(815301076,1909f56bfc062723c751e8b465ee728b)
Start importing Assets/ExampleAssets/Materials/Strap_Mat.mat using Guid(81c1860e7800e5340bf8a54c565ba9ea) Importer(815301076,1909f56bfc062723c751e8b465ee728b)  -> (artifact id: 'ed69ad56fcd8b2d0891f9f592d7da1d4') in 0.154553 seconds 
========================================================================
Received Import Request.
  Time since last request: 0.000058 seconds.
  path: Assets/Models/Items/Bo bomb/Bob-OmbTex/Bobomb.mat
  artifactKey: Guid(b7bb9cb4d073b23439f4b2fbd47a3c75) Importer(815301076,1909f56bfc062723c751e8b465ee728b)
Start importing Assets/Models/Items/Bo bomb/Bob-OmbTex/Bobomb.mat using Guid(b7bb9cb4d073b23439f4b2fbd47a3c75) Importer(815301076,1909f56bfc062723c751e8b465ee728b)  -> (artifact id: '765099c06d50008755575e71dca4a0d8') in 0.064375 seconds 
========================================================================
Received Import Request.
  Time since last request: 0.019055 seconds.
  path: Assets/SteamVR/InteractionSystem/Samples/Models/Materials/Buggy.mat
  artifactKey: Guid(4cc6faa5da68f3c41b00285c704d3e06) Importer(815301076,1909f56bfc062723c751e8b465ee728b)
Start importing Assets/SteamVR/InteractionSystem/Samples/Models/Materials/Buggy.mat using Guid(4cc6faa5da68f3c41b00285c704d3e06) Importer(815301076,1909f56bfc062723c751e8b465ee728b)  -> (artifact id: '9c714aba180b4e00b3f4d79f0c56e5b0') in 0.084143 seconds 
========================================================================
Received Import Request.
  Time since last request: 0.015949 seconds.
  path: Assets/Models/kenney_racingkit2/Models/FBX format/roadCurved.fbx
  artifactKey: Guid(01f233e7318dc6e4883d92a4867274c4) Importer(815301076,1909f56bfc062723c751e8b465ee728b)
Start importing Assets/Models/kenney_racingkit2/Models/FBX format/roadCurved.fbx using Guid(01f233e7318dc6e4883d92a4867274c4) Importer(815301076,1909f56bfc062723c751e8b465ee728b)  -> (artifact id: '62844e50c1c5bd2accee864ef5718ef3') in 0.204919 seconds 
========================================================================
Received Import Request.
  Time since last request: 0.016931 seconds.
  path: Assets/Models/kenney_racingkit2/Models/FBX format/pitsOfficeRoof.fbx
  artifactKey: Guid(a8b4d0a6065636045b34d67060caf9c7) Importer(815301076,1909f56bfc062723c751e8b465ee728b)
Start importing Assets/Models/kenney_racingkit2/Models/FBX format/pitsOfficeRoof.fbx using Guid(a8b4d0a6065636045b34d67060caf9c7) Importer(815301076,1909f56bfc062723c751e8b465ee728b)  -> (artifact id: '93e6c6c2a68b333f8e54ad2dd911c3b8') in 0.153075 seconds 
========================================================================
Received Import Request.
  Time since last request: 0.014037 seconds.
  path: Assets/SteamVR/InteractionSystem/Samples/BuggyBuddy/Materials/laser.mat
  artifactKey: Guid(753a9b80e714a8a43a0c1ff5a89d0bc9) Importer(815301076,1909f56bfc062723c751e8b465ee728b)
Start importing Assets/SteamVR/InteractionSystem/Samples/BuggyBuddy/Materials/laser.mat using Guid(753a9b80e714a8a43a0c1ff5a89d0bc9) Importer(815301076,1909f56bfc062723c751e8b465ee728b)  -> (artifact id: '1c5017e67c398da909ef93e10e1412f0') in 0.068082 seconds 
========================================================================
Received Import Request.
  Time since last request: 0.028074 seconds.
  path: Assets/SteamVR/InteractionSystem/Samples/Materials/ShinyYellow.mat
  artifactKey: Guid(3f5766a8b67794141ac19c1a51d27083) Importer(815301076,1909f56bfc062723c751e8b465ee728b)
Start importing Assets/SteamVR/InteractionSystem/Samples/Materials/ShinyYellow.mat using Guid(3f5766a8b67794141ac19c1a51d27083) Importer(815301076,1909f56bfc062723c751e8b465ee728b)  -> (artifact id: '97b8d544c7af98e4167c63d72a405378') in 0.066251 seconds 
========================================================================
Received Import Request.
  Time since last request: 0.000052 seconds.
  path: Assets/Models/Glider/GliderFrame2.mat
  artifactKey: Guid(ba233a7ec3517db448ec6572af04d913) Importer(815301076,1909f56bfc062723c751e8b465ee728b)
Start importing Assets/Models/Glider/GliderFrame2.mat using Guid(ba233a7ec3517db448ec6572af04d913) Importer(815301076,1909f56bfc062723c751e8b465ee728b)  -> (artifact id: 'fdafd4fd5cb1a5fb4479c4d0a63edcef') in 0.049763 seconds 
========================================================================
Received Import Request.
  Time since last request: 0.001112 seconds.
  path: Assets/SteamVR/InteractionSystem/Teleport/Materials/TeleportAreaLocked.mat
  artifactKey: Guid(f6802bd638faedf4dbe4a57c1f222991) Importer(815301076,1909f56bfc062723c751e8b465ee728b)
Start importing Assets/SteamVR/InteractionSystem/Teleport/Materials/TeleportAreaLocked.mat using Guid(f6802bd638faedf4dbe4a57c1f222991) Importer(815301076,1909f56bfc062723c751e8b465ee728b)  -> (artifact id: 'f7f0fce9ed0ac37b8eff4693693b7277') in 0.063072 seconds 
========================================================================
Received Import Request.
  Time since last request: 0.007135 seconds.
  path: Assets/Models/kenney_racingkit2/Models/FBX format/roadRampLongCurvedWall.fbx
  artifactKey: Guid(215c1f972dd02a54aaaae73fe80c59f4) Importer(815301076,1909f56bfc062723c751e8b465ee728b)
Start importing Assets/Models/kenney_racingkit2/Models/FBX format/roadRampLongCurvedWall.fbx using Guid(215c1f972dd02a54aaaae73fe80c59f4) Importer(815301076,1909f56bfc062723c751e8b465ee728b)  -> (artifact id: '7329053d2bfe7adad31fa6933df0c9c4') in 0.149560 seconds 
========================================================================
Received Import Request.
  Time since last request: 0.000696 seconds.
  path: Assets/SteamVR/InteractionSystem/Samples/Materials/URPflowerMatOp.mat
  artifactKey: Guid(ac9d55e9d2534df40a84030248c00fb0) Importer(815301076,1909f56bfc062723c751e8b465ee728b)
Start importing Assets/SteamVR/InteractionSystem/Samples/Materials/URPflowerMatOp.mat using Guid(ac9d55e9d2534df40a84030248c00fb0) Importer(815301076,1909f56bfc062723c751e8b465ee728b)  -> (artifact id: 'c6baa042a2e1b3b64ef6f04705d31a0b') in 0.039336 seconds 
========================================================================
Received Import Request.
  Time since last request: 0.007897 seconds.
  path: Assets/Models/kenney_racingkit2/Models/FBX format/lightPostLarge.fbx
  artifactKey: Guid(916708a41b3b635479b3c07c90cf8bec) Importer(815301076,1909f56bfc062723c751e8b465ee728b)
Start importing Assets/Models/kenney_racingkit2/Models/FBX format/lightPostLarge.fbx using Guid(916708a41b3b635479b3c07c90cf8bec) Importer(815301076,1909f56bfc062723c751e8b465ee728b)  -> (artifact id: 'b407b15812a194e1121622d82720c3b0') in 0.129590 seconds 
========================================================================
Received Import Request.
  Time since last request: 0.026797 seconds.
  path: Assets/Models/kenney_racingkit2/Models/FBX format/roadCurvedSplit.fbx
  artifactKey: Guid(85d658d50ab04bd49b39ce9eb58c25aa) Importer(815301076,1909f56bfc062723c751e8b465ee728b)
Start importing Assets/Models/kenney_racingkit2/Models/FBX format/roadCurvedSplit.fbx using Guid(85d658d50ab04bd49b39ce9eb58c25aa) Importer(815301076,1909f56bfc062723c751e8b465ee728b)  -> (artifact id: '6c22e9c9c082fc6044766ee88d15b071') in 0.136901 seconds 
========================================================================
Received Import Request.
  Time since last request: 0.021380 seconds.
  path: Assets/Models/kenney_racingkit2/Models/FBX format/camera_exclusive.fbx
  artifactKey: Guid(ace474d4e0204e647bb2e08bd6cbe94a) Importer(815301076,1909f56bfc062723c751e8b465ee728b)
Start importing Assets/Models/kenney_racingkit2/Models/FBX format/camera_exclusive.fbx using Guid(ace474d4e0204e647bb2e08bd6cbe94a) Importer(815301076,1909f56bfc062723c751e8b465ee728b)  -> (artifact id: '8841f314c9c176222cd58cb19fef2fd9') in 0.225276 seconds 
========================================================================
Received Import Request.
  Time since last request: 0.000077 seconds.
  path: Assets/Sprites/Road.mat
  artifactKey: Guid(f700ec060950e814db1d6ff994663043) Importer(815301076,1909f56bfc062723c751e8b465ee728b)
Start importing Assets/Sprites/Road.mat using Guid(f700ec060950e814db1d6ff994663043) Importer(815301076,1909f56bfc062723c751e8b465ee728b)  -> (artifact id: '53ad4bb209151e8a143bdde87aa2fafa') in 27.120160 seconds 
========================================================================
Received Import Request.
  Time since last request: 0.076695 seconds.
  path: Assets/Models/kenney_racingkit2/Models/FBX format/roadCornerLargeWallInner.fbx
  artifactKey: Guid(6a15aebb67b7a374ab70f488bf2e4af0) Importer(815301076,1909f56bfc062723c751e8b465ee728b)
Start importing Assets/Models/kenney_racingkit2/Models/FBX format/roadCornerLargeWallInner.fbx using Guid(6a15aebb67b7a374ab70f488bf2e4af0) Importer(815301076,1909f56bfc062723c751e8b465ee728b)  -> (artifact id: '599866c3c9977721a5837b2b46e50d98') in 0.279801 seconds 
========================================================================
Received Import Request.
  Time since last request: 0.037261 seconds.
  path: Assets/Models/kenney_racingkit2/Models/FBX format/roadSplitRoundLarge.fbx
  artifactKey: Guid(6d4d2e4ddc680d24ab5cd38ac5bdb447) Importer(815301076,1909f56bfc062723c751e8b465ee728b)
Start importing Assets/Models/kenney_racingkit2/Models/FBX format/roadSplitRoundLarge.fbx using Guid(6d4d2e4ddc680d24ab5cd38ac5bdb447) Importer(815301076,1909f56bfc062723c751e8b465ee728b)  -> (artifact id: 'd031bd414eb084ed4c9f1f920f555ce8') in 0.161051 seconds 
========================================================================
Received Import Request.
  Time since last request: 0.005206 seconds.
  path: Assets/Models/Items/Starman/Star.mat
  artifactKey: Guid(2036a4a583f5f714580adaea0f8b25cd) Importer(815301076,1909f56bfc062723c751e8b465ee728b)
Start importing Assets/Models/Items/Starman/Star.mat using Guid(2036a4a583f5f714580adaea0f8b25cd) Importer(815301076,1909f56bfc062723c751e8b465ee728b)  -> (artifact id: '3a6eb6c0960d147ccfb563e8c90c2799') in 0.077147 seconds 
Editor requested this worker to shutdown with reason: Scaling down because of idle timeout
AssetImportWorker is now disconnected from the server
Process exiting
Exiting without the bug reporter. Application will terminate with return code 0